django.utils.autoreload INFO 2023-07-14 10:15:21,486 autoreload 17140 28608 Watching for file changes with StatReloader
django.server INFO 2023-07-14 10:15:28,465 basehttp 17140 18460 "GET / HTTP/1.1" 200 12547
django.server INFO 2023-07-14 10:15:28,497 basehttp 17140 15996 "GET /static/css/custom.css HTTP/1.1" 304 0
django.server INFO 2023-07-14 10:15:28,497 basehttp 17140 18460 "GET /static/css/overideboot_size.css HTTP/1.1" 304 0
django.server INFO 2023-07-14 10:15:28,509 basehttp 17140 18504 "GET /static/css/table_wrap.css HTTP/1.1" 304 0
django.server INFO 2023-07-14 10:15:28,514 basehttp 17140 9804 "GET /static/js/loadModal.js HTTP/1.1" 304 0
django.server INFO 2023-07-14 10:15:30,402 basehttp 17140 9804 "POST /accounts/login/ HTTP/1.1" 302 0
django.server INFO 2023-07-14 10:15:30,595 basehttp 17140 9804 "GET /index/ HTTP/1.1" 200 19760
django.server INFO 2023-07-14 10:15:32,280 basehttp 17140 9804 "GET /dorganism/organism_card HTTP/1.1" 200 181323
django.server INFO 2023-07-14 10:15:33,665 basehttp 17140 9804 "GET /dorganism/organism/FG_0004 HTTP/1.1" 200 200095
django.server INFO 2023-07-14 10:15:33,693 basehttp 17140 9804 "GET /static/js/create_childtable.js HTTP/1.1" 304 0
django.server INFO 2023-07-14 10:15:33,704 basehttp 17140 9804 "GET /static/js/ajax_simpleupload.js HTTP/1.1" 304 0
django.server INFO 2023-07-14 10:15:35,966 basehttp 17140 9804 "POST /dorganism/organism/FG_0004 HTTP/1.1" 200 7330
django.utils.autoreload INFO 2023-07-14 10:16:12,396 autoreload 19584 19560 Watching for file changes with StatReloader
django.server INFO 2023-07-14 10:16:14,607 basehttp 19584 29460 "GET / HTTP/1.1" 200 12547
django.server INFO 2023-07-14 10:16:16,331 basehttp 19584 29460 "POST /accounts/login/ HTTP/1.1" 302 0
django.server INFO 2023-07-14 10:16:16,462 basehttp 19584 29460 "GET /index/ HTTP/1.1" 200 19756
django.server INFO 2023-07-14 10:16:17,866 basehttp 19584 29460 "GET /dorganism/organism_card HTTP/1.1" 200 180692
django.server INFO 2023-07-14 10:16:19,023 basehttp 19584 29460 "GET /dorganism/organism/FG_0001 HTTP/1.1" 200 195367
django.server INFO 2023-07-14 10:16:20,663 basehttp 19584 29460 "POST /dorganism/organism/FG_0001 HTTP/1.1" 200 7306
django.utils.autoreload INFO 2023-07-14 10:19:13,677 autoreload 19584 19560 C:\Users\uqwzhon4\project\adjCOADD\ddrug\utils\tables.py changed, reloading.
django.utils.autoreload INFO 2023-07-14 10:19:15,059 autoreload 11116 23768 Watching for file changes with StatReloader
django.server INFO 2023-07-14 10:19:21,731 basehttp 11116 21960 "GET / HTTP/1.1" 200 12547
django.server INFO 2023-07-14 10:19:21,758 basehttp 11116 21960 "GET /static/css/overideboot_size.css HTTP/1.1" 304 0
django.server INFO 2023-07-14 10:19:21,759 basehttp 11116 19008 "GET /static/css/custom.css HTTP/1.1" 304 0
django.server INFO 2023-07-14 10:19:21,764 basehttp 11116 21960 "GET /static/css/table_wrap.css HTTP/1.1" 304 0
django.server INFO 2023-07-14 10:19:31,349 basehttp 11116 30220 "POST /accounts/login/ HTTP/1.1" 302 0
django.server INFO 2023-07-14 10:19:31,472 basehttp 11116 30220 "GET /index/ HTTP/1.1" 200 19756
django.server INFO 2023-07-14 10:19:32,831 basehttp 11116 30220 "GET /dorganism/organism_card HTTP/1.1" 200 180692
django.server INFO 2023-07-14 10:19:34,198 basehttp 11116 30220 "GET /dorganism/organism/FG_0001 HTTP/1.1" 200 195367
django.server INFO 2023-07-14 10:19:34,224 basehttp 11116 30220 "GET /static/js/create_childtable.js HTTP/1.1" 304 0
django.server INFO 2023-07-14 10:19:34,236 basehttp 11116 30220 "GET /static/js/ajax_simpleupload.js HTTP/1.1" 304 0
django.server INFO 2023-07-14 10:19:36,203 basehttp 11116 30220 "POST /dorganism/organism/FG_0001 HTTP/1.1" 200 7306
django.utils.autoreload INFO 2023-07-14 10:20:26,697 autoreload 11116 23768 C:\Users\uqwzhon4\project\adjCOADD\ddrug\utils\tables.py changed, reloading.
django.utils.autoreload INFO 2023-07-14 10:20:28,018 autoreload 17980 12540 Watching for file changes with StatReloader
django.server INFO 2023-07-14 10:20:29,285 basehttp 17980 12568 "GET /dorganism/organism/FG_0001 HTTP/1.1" 200 195367
django.server INFO 2023-07-14 10:20:30,618 basehttp 17980 12568 "POST /dorganism/organism/FG_0001 HTTP/1.1" 200 7306
django.utils.autoreload INFO 2023-07-14 10:20:47,606 autoreload 17980 12540 C:\Users\uqwzhon4\project\adjCOADD\ddrug\utils\tables.py changed, reloading.
django.utils.autoreload INFO 2023-07-14 10:20:48,863 autoreload 11048 20220 Watching for file changes with StatReloader
django.server INFO 2023-07-14 10:20:50,718 basehttp 11048 6744 "GET /dorganism/organism/FG_0001 HTTP/1.1" 200 195367
django.server INFO 2023-07-14 10:20:53,189 basehttp 11048 6744 "POST /dorganism/organism/FG_0001 HTTP/1.1" 200 7306
django.utils.autoreload INFO 2023-07-14 10:21:21,624 autoreload 11048 20220 C:\Users\uqwzhon4\project\adjCOADD\ddrug\utils\tables.py changed, reloading.
django.utils.autoreload INFO 2023-07-14 10:21:22,953 autoreload 18584 26604 Watching for file changes with StatReloader
django.server INFO 2023-07-14 10:21:24,644 basehttp 18584 7004 "GET /dorganism/organism/FG_0001 HTTP/1.1" 200 195367
django.server INFO 2023-07-14 10:21:26,225 basehttp 18584 7004 "POST /dorganism/organism/FG_0001 HTTP/1.1" 200 7306
django.utils.autoreload INFO 2023-07-14 10:22:10,211 autoreload 18584 26604 C:\Users\uqwzhon4\project\adjCOADD\ddrug\utils\tables.py changed, reloading.
django.utils.autoreload INFO 2023-07-14 10:22:11,550 autoreload 14368 9804 Watching for file changes with StatReloader
django.server INFO 2023-07-14 10:22:12,806 basehttp 14368 19964 "GET /dorganism/organism/FG_0001 HTTP/1.1" 200 195367
django.server INFO 2023-07-14 10:22:14,318 basehttp 14368 19964 "POST /dorganism/organism/FG_0001 HTTP/1.1" 200 7309
django.utils.autoreload INFO 2023-07-14 10:22:39,717 autoreload 14368 9804 C:\Users\uqwzhon4\project\adjCOADD\ddrug\utils\tables.py changed, reloading.
django.utils.autoreload INFO 2023-07-14 10:22:41,082 autoreload 15504 30688 Watching for file changes with StatReloader
django.server INFO 2023-07-14 10:22:43,327 basehttp 15504 24196 "GET /dorganism/organism/FG_0001 HTTP/1.1" 200 195367
django.server INFO 2023-07-14 10:22:44,895 basehttp 15504 24196 "POST /dorganism/organism/FG_0001 HTTP/1.1" 200 7306
django.server INFO 2023-07-14 10:23:13,218 basehttp 15504 24196 "GET /index/ HTTP/1.1" 200 19756
django.utils.autoreload INFO 2023-07-14 10:28:03,894 autoreload 15504 30688 C:\Users\uqwzhon4\project\adjCOADD\adjcoadd\settings.py changed, reloading.
django.utils.autoreload INFO 2023-07-14 10:28:05,186 autoreload 26372 24996 Watching for file changes with StatReloader
django.server INFO 2023-07-14 10:28:12,885 basehttp 26372 18032 "GET / HTTP/1.1" 200 12547
django.server INFO 2023-07-14 10:28:17,993 basehttp 26372 18032 "POST /accounts/login/ HTTP/1.1" 302 0
django.server INFO 2023-07-14 10:28:18,138 basehttp 26372 18032 "GET /index/ HTTP/1.1" 200 19760
django.server INFO 2023-07-14 10:28:19,651 basehttp 26372 18032 "GET /dorganism/organism_card HTTP/1.1" 200 181323
django.server INFO 2023-07-14 10:28:20,900 basehttp 26372 18032 "GET /dorganism/organism/FG_0004 HTTP/1.1" 200 200095
django.server INFO 2023-07-14 10:28:23,596 basehttp 26372 18032 "POST /dorganism/organism/FG_0004 HTTP/1.1" 200 7330
django.utils.autoreload INFO 2023-07-14 10:29:17,353 autoreload 26372 24996 C:\Users\uqwzhon4\project\adjCOADD\ddrug\utils\tables.py changed, reloading.
django.utils.autoreload INFO 2023-07-14 10:29:18,503 autoreload 9104 26568 Watching for file changes with StatReloader
django.server INFO 2023-07-14 10:29:24,518 basehttp 9104 27040 "GET /dorganism/organism/FG_0004 HTTP/1.1" 200 200095
django.server INFO 2023-07-14 10:29:25,780 basehttp 9104 27040 "POST /dorganism/organism/FG_0004 HTTP/1.1" 200 7330
django.utils.autoreload INFO 2023-07-14 10:31:52,332 autoreload 9104 26568 C:\Users\uqwzhon4\project\adjCOADD\ddrug\utils\tables.py changed, reloading.
django.utils.autoreload INFO 2023-07-14 10:31:53,735 autoreload 8076 22472 Watching for file changes with StatReloader
django.server INFO 2023-07-14 10:31:55,203 basehttp 8076 26756 "GET /dorganism/organism/FG_0004 HTTP/1.1" 200 200095
django.server INFO 2023-07-14 10:31:56,443 basehttp 8076 26756 "POST /dorganism/organism/FG_0004 HTTP/1.1" 200 7330
django.utils.autoreload INFO 2023-07-14 10:32:38,225 autoreload 8076 22472 C:\Users\uqwzhon4\project\adjCOADD\ddrug\utils\tables.py changed, reloading.
django.utils.autoreload INFO 2023-07-14 10:32:39,363 autoreload 17676 30016 Watching for file changes with StatReloader
django.utils.autoreload INFO 2023-07-14 10:32:47,337 autoreload 17676 30016 C:\Users\uqwzhon4\project\adjCOADD\ddrug\utils\tables.py changed, reloading.
django.utils.autoreload INFO 2023-07-14 10:32:48,665 autoreload 20580 13796 Watching for file changes with StatReloader
django.server INFO 2023-07-14 10:32:49,888 basehttp 20580 28800 "GET /dorganism/organism/FG_0004 HTTP/1.1" 200 200095
django.server INFO 2023-07-14 10:32:51,007 basehttp 20580 28800 "POST /dorganism/organism/FG_0004 HTTP/1.1" 200 7330
django.utils.autoreload INFO 2023-07-14 10:33:29,206 autoreload 20580 13796 C:\Users\uqwzhon4\project\adjCOADD\ddrug\utils\tables.py changed, reloading.
django.utils.autoreload INFO 2023-07-14 10:33:30,501 autoreload 25628 25280 Watching for file changes with StatReloader
django.server INFO 2023-07-14 10:33:32,798 basehttp 25628 19384 "GET /dorganism/organism/FG_0004 HTTP/1.1" 200 200095
django.server INFO 2023-07-14 10:33:34,546 basehttp 25628 19384 "POST /dorganism/organism/FG_0004 HTTP/1.1" 200 7330
django.server INFO 2023-07-14 10:33:42,080 basehttp 25628 19384 "GET /dorganism/organism_card HTTP/1.1" 200 181323
django.server INFO 2023-07-14 10:33:45,059 basehttp 25628 19384 "GET /dorganism/organism_card?csrfmiddlewaretoken=VcQUlf9l4bT3cIK8K4sY3OhO57qJkhc3aFXVuH1KL4GSoRq8MKzESDhZz5mcHIWj&applysingle=Apply&Search_all_fields=&reset=False&pivot=False&paginate_by=50&order_by=&substructure=&Class=GN&ID=&Name=&Strain=&Notes=&MTA= HTTP/1.1" 200 183347
django.server INFO 2023-07-14 10:33:47,137 basehttp 25628 19384 "GET /dorganism/organism/GN_0001 HTTP/1.1" 200 200424
django.server INFO 2023-07-14 10:33:51,147 basehttp 25628 19384 "POST /dorganism/organism/GN_0001 HTTP/1.1" 200 7330
django.utils.autoreload INFO 2023-07-14 10:35:54,041 autoreload 25628 25280 C:\Users\uqwzhon4\project\adjCOADD\ddrug\utils\tables.py changed, reloading.
django.utils.autoreload INFO 2023-07-14 10:35:55,299 autoreload 17912 9008 Watching for file changes with StatReloader
django.utils.autoreload INFO 2023-07-14 10:36:13,713 autoreload 17912 9008 C:\Users\uqwzhon4\project\adjCOADD\ddrug\utils\tables.py changed, reloading.
django.utils.autoreload INFO 2023-07-14 10:36:14,943 autoreload 15636 26748 Watching for file changes with StatReloader
django.server INFO 2023-07-14 10:36:18,578 basehttp 15636 24344 "GET /dorganism/organism/GN_0001 HTTP/1.1" 200 200424
django.server INFO 2023-07-14 10:36:20,903 basehttp 15636 24344 "POST /dorganism/organism/GN_0001 HTTP/1.1" 200 7330
django.utils.autoreload INFO 2023-07-14 10:37:46,805 autoreload 15636 26748 C:\Users\uqwzhon4\project\adjCOADD\ddrug\utils\tables.py changed, reloading.
django.utils.autoreload INFO 2023-07-14 10:37:48,250 autoreload 14352 25984 Watching for file changes with StatReloader
django.utils.autoreload INFO 2023-07-14 10:37:55,516 autoreload 14352 25984 C:\Users\uqwzhon4\project\adjCOADD\adjcoadd\settings.py changed, reloading.
django.utils.autoreload INFO 2023-07-14 10:37:56,778 autoreload 4580 12040 Watching for file changes with StatReloader
django.utils.autoreload INFO 2023-07-14 10:39:35,617 autoreload 4580 12040 C:\Users\uqwzhon4\project\adjCOADD\ddrug\utils\tables.py changed, reloading.
django.utils.autoreload INFO 2023-07-14 10:39:36,760 autoreload 16708 19332 Watching for file changes with StatReloader
django.utils.autoreload INFO 2023-07-14 10:39:42,511 autoreload 16708 19332 C:\Users\uqwzhon4\project\adjCOADD\ddrug\utils\tables.py changed, reloading.
django.utils.autoreload INFO 2023-07-14 10:39:43,681 autoreload 17820 17968 Watching for file changes with StatReloader
django.server INFO 2023-07-14 10:39:49,634 basehttp 17820 9012 "GET /dorganism/organism/GN_0001 HTTP/1.1" 302 0
django.server INFO 2023-07-14 10:39:49,678 basehttp 17820 9012 "GET /accounts/login/?next=/dorganism/organism/GN_0001 HTTP/1.1" 200 12547
django.server INFO 2023-07-14 10:39:51,249 basehttp 17820 9012 "POST /accounts/login/ HTTP/1.1" 302 0
django.server INFO 2023-07-14 10:39:51,409 basehttp 17820 9012 "GET /index/ HTTP/1.1" 200 19756
django.server INFO 2023-07-14 10:39:52,677 basehttp 17820 9012 "GET /dorganism/organism_card HTTP/1.1" 200 180692
django.server INFO 2023-07-14 10:39:54,758 basehttp 17820 9012 "GET /dorganism/organism_card?csrfmiddlewaretoken=qmsNcWmfHwHd6Jw2bOvWTT22vJkFJIT8gPwAKDQ1y1PqHauZ4ulmzimXaGptAnRt&applysingle=Apply&Search_all_fields=&reset=False&pivot=False&paginate_by=50&order_by=&substructure=&Class=GN&ID=&Name=&Strain=&Notes=&MTA= HTTP/1.1" 200 182712
django.server INFO 2023-07-14 10:39:56,735 basehttp 17820 9012 "GET /dorganism/organism/GN_0001 HTTP/1.1" 200 198373
django.server INFO 2023-07-14 10:40:07,646 basehttp 17820 9012 "POST /dorganism/organism/GN_0001 HTTP/1.1" 200 7324
django.utils.autoreload INFO 2023-07-14 10:44:55,169 autoreload 17820 17968 C:\Users\uqwzhon4\project\adjCOADD\ddrug\utils\tables.py changed, reloading.
django.utils.autoreload INFO 2023-07-14 10:44:56,404 autoreload 26268 26528 Watching for file changes with StatReloader
django.server INFO 2023-07-14 10:45:15,397 basehttp 26268 22216 "GET /dorganism/organism/GN_0001 HTTP/1.1" 200 198373
django.server INFO 2023-07-14 10:45:25,268 basehttp 26268 22216 "POST /dorganism/organism/GN_0001 HTTP/1.1" 200 7324
django.utils.autoreload INFO 2023-07-14 10:45:54,720 autoreload 26268 26528 C:\Users\uqwzhon4\project\adjCOADD\ddrug\utils\tables.py changed, reloading.
django.utils.autoreload INFO 2023-07-14 10:45:56,087 autoreload 7944 18636 Watching for file changes with StatReloader
django.server INFO 2023-07-14 10:45:59,130 basehttp 7944 23176 "GET /index/ HTTP/1.1" 200 19756
django.server INFO 2023-07-14 10:46:00,434 basehttp 7944 23176 "GET /dorganism/organism_card HTTP/1.1" 200 180692
django.server INFO 2023-07-14 10:46:01,590 basehttp 7944 23176 "GET /dorganism/organism/FG_0001 HTTP/1.1" 200 195367
django.server INFO 2023-07-14 10:46:03,564 basehttp 7944 23176 "POST /dorganism/organism/FG_0001 HTTP/1.1" 200 7306
django.utils.autoreload INFO 2023-07-14 10:46:39,120 autoreload 7944 18636 C:\Users\uqwzhon4\project\adjCOADD\ddrug\utils\tables.py changed, reloading.
django.utils.autoreload INFO 2023-07-14 10:46:40,267 autoreload 22952 6744 Watching for file changes with StatReloader
django.utils.autoreload INFO 2023-07-14 10:46:43,811 autoreload 22952 6744 C:\Users\uqwzhon4\project\adjCOADD\ddrug\utils\tables.py changed, reloading.
django.utils.autoreload INFO 2023-07-14 10:46:45,246 autoreload 17844 7788 Watching for file changes with StatReloader
django.server INFO 2023-07-14 10:46:47,790 basehttp 17844 25188 "GET /dorganism/organism_card?csrfmiddlewaretoken=47po2Vr2bxtpTJus360q3GGq1OcPUZ5lUAtbACVO22BCuaspWMQQJ50lGLhDLE3G&applysingle=Apply&Search_all_fields=&reset=False&pivot=False&paginate_by=50&order_by=&substructure=&Class=GN&ID=&Name=&Strain=&Notes=&MTA= HTTP/1.1" 200 182712
django.server INFO 2023-07-14 10:46:49,441 basehttp 17844 25188 "GET /dorganism/organism/GN_0001 HTTP/1.1" 200 198373
django.server INFO 2023-07-14 10:47:00,708 basehttp 17844 25188 "POST /dorganism/organism/GN_0001 HTTP/1.1" 200 85999
django.utils.autoreload INFO 2023-07-14 10:47:33,475 autoreload 17844 7788 C:\Users\uqwzhon4\project\adjCOADD\ddrug\utils\tables.py changed, reloading.
django.utils.autoreload INFO 2023-07-14 10:47:34,671 autoreload 27544 7100 Watching for file changes with StatReloader
django.server INFO 2023-07-14 10:47:39,904 basehttp 27544 23708 "GET /dorganism/organism/GN_0001 HTTP/1.1" 200 198373
django.server INFO 2023-07-14 10:47:50,173 basehttp 27544 23708 "POST /dorganism/organism/GN_0001 HTTP/1.1" 200 7324
django.utils.autoreload INFO 2023-07-14 10:48:15,935 autoreload 27544 7100 C:\Users\uqwzhon4\project\adjCOADD\ddrug\utils\tables.py changed, reloading.
django.utils.autoreload INFO 2023-07-14 10:48:17,353 autoreload 9060 22580 Watching for file changes with StatReloader
django.server INFO 2023-07-14 10:48:18,728 basehttp 9060 24452 "GET /dorganism/organism/GN_0001 HTTP/1.1" 200 198373
django.server INFO 2023-07-14 10:48:29,495 basehttp 9060 24452 "POST /dorganism/organism/GN_0001 HTTP/1.1" 200 7324
django.utils.autoreload INFO 2023-07-14 10:48:40,300 autoreload 9060 22580 C:\Users\uqwzhon4\project\adjCOADD\ddrug\utils\tables.py changed, reloading.
django.utils.autoreload INFO 2023-07-14 10:48:41,692 autoreload 23768 28200 Watching for file changes with StatReloader
django.server INFO 2023-07-14 10:48:42,968 basehttp 23768 14596 "GET /dorganism/organism/GN_0001 HTTP/1.1" 200 198373
django.server INFO 2023-07-14 10:48:52,819 basehttp 23768 14596 "POST /dorganism/organism/GN_0001 HTTP/1.1" 200 7291
django.utils.autoreload INFO 2023-07-14 10:54:34,129 autoreload 23768 28200 C:\Users\uqwzhon4\project\adjCOADD\ddrug\utils\bio_data.py changed, reloading.
django.utils.autoreload INFO 2023-07-14 10:54:35,524 autoreload 12304 22036 Watching for file changes with StatReloader
django.utils.autoreload INFO 2023-07-14 10:54:43,700 autoreload 12304 22036 C:\Users\uqwzhon4\project\adjCOADD\ddrug\utils\tables.py changed, reloading.
django.utils.autoreload INFO 2023-07-14 10:54:45,066 autoreload 29336 5764 Watching for file changes with StatReloader
django.server INFO 2023-07-14 10:54:48,470 basehttp 29336 25520 "GET /dorganism/organism/GN_0001 HTTP/1.1" 200 198373
django.server INFO 2023-07-14 10:54:58,257 basehttp 29336 25520 "POST /dorganism/organism/GN_0001 HTTP/1.1" 200 7324
django.utils.autoreload INFO 2023-07-14 10:56:07,830 autoreload 29336 5764 C:\Users\uqwzhon4\project\adjCOADD\ddrug\utils\bio_data.py changed, reloading.
django.utils.autoreload INFO 2023-07-14 10:56:09,027 autoreload 27296 28616 Watching for file changes with StatReloader
django.server INFO 2023-07-14 10:56:17,831 basehttp 27296 12676 "GET /dorganism/organism/GN_0001 HTTP/1.1" 200 198373
django.server INFO 2023-07-14 10:56:27,981 basehttp 27296 12676 "POST /dorganism/organism/GN_0001 HTTP/1.1" 200 7312
django.utils.autoreload INFO 2023-07-14 11:02:18,437 autoreload 27296 28616 C:\Users\uqwzhon4\project\adjCOADD\ddrug\utils\bio_data.py changed, reloading.
django.utils.autoreload INFO 2023-07-14 11:02:19,617 autoreload 30676 4848 Watching for file changes with StatReloader
django.server INFO 2023-07-14 11:02:36,034 basehttp 30676 1744 "GET /dorganism/organism/GN_0001 HTTP/1.1" 200 198373
django.utils.autoreload INFO 2023-07-14 11:02:47,928 autoreload 30676 4848 C:\Users\uqwzhon4\project\adjCOADD\ddrug\utils\bio_data.py changed, reloading.
django.utils.autoreload INFO 2023-07-14 11:02:49,275 autoreload 22684 11692 Watching for file changes with StatReloader
django.server INFO 2023-07-14 11:02:51,982 basehttp 22684 16668 "GET /dorganism/organism/GN_0001 HTTP/1.1" 200 198373
django.server INFO 2023-07-14 11:03:02,476 basehttp 22684 16668 "POST /dorganism/organism/GN_0001 HTTP/1.1" 200 7312
django.utils.autoreload INFO 2023-07-14 11:03:31,910 autoreload 22684 11692 C:\Users\uqwzhon4\project\adjCOADD\ddrug\utils\bio_data.py changed, reloading.
django.utils.autoreload INFO 2023-07-14 11:03:33,270 autoreload 29000 25844 Watching for file changes with StatReloader
django.server INFO 2023-07-14 11:03:34,632 basehttp 29000 23296 "GET /dorganism/organism/GN_0001 HTTP/1.1" 200 198373
django.server INFO 2023-07-14 11:03:44,927 basehttp 29000 23296 "POST /dorganism/organism/GN_0001 HTTP/1.1" 200 7312
django.utils.autoreload INFO 2023-07-14 11:04:42,695 autoreload 29000 25844 C:\Users\uqwzhon4\project\adjCOADD\ddrug\utils\tables.py changed, reloading.
django.utils.autoreload INFO 2023-07-14 11:04:44,085 autoreload 15996 15964 Watching for file changes with StatReloader
django.server INFO 2023-07-14 11:04:47,549 basehttp 15996 26856 "GET /dorganism/organism/GN_0001 HTTP/1.1" 200 198373
django.server INFO 2023-07-14 11:04:58,114 basehttp 15996 26856 "POST /dorganism/organism/GN_0001 HTTP/1.1" 200 7312
django.utils.autoreload INFO 2023-07-14 11:05:36,293 autoreload 15996 15964 C:\Users\uqwzhon4\project\adjCOADD\ddrug\utils\bio_data.py changed, reloading.
django.utils.autoreload INFO 2023-07-14 11:05:37,721 autoreload 19748 18616 Watching for file changes with StatReloader
django.server INFO 2023-07-14 11:05:43,867 basehttp 19748 16568 "GET /dorganism/organism/GN_0001 HTTP/1.1" 200 198373
django.server INFO 2023-07-14 11:05:54,145 basehttp 19748 16568 "POST /dorganism/organism/GN_0001 HTTP/1.1" 200 7312
django.utils.autoreload INFO 2023-07-14 11:06:27,203 autoreload 19748 18616 C:\Users\uqwzhon4\project\adjCOADD\ddrug\utils\tables.py changed, reloading.
django.utils.autoreload INFO 2023-07-14 11:06:28,399 autoreload 14816 22068 Watching for file changes with StatReloader
django.server INFO 2023-07-14 11:11:52,018 basehttp 14816 17360 "GET /dorganism/organism/GN_0001 HTTP/1.1" 200 198373
django.utils.autoreload INFO 2023-07-14 11:12:01,424 autoreload 14816 22068 C:\Users\uqwzhon4\project\adjCOADD\ddrug\utils\bio_data.py changed, reloading.
django.utils.autoreload INFO 2023-07-14 11:12:02,706 autoreload 27712 3780 Watching for file changes with StatReloader
django.server INFO 2023-07-14 11:12:08,524 basehttp 27712 1668 "GET /dorganism/organism/GN_0001 HTTP/1.1" 200 198373
django.server INFO 2023-07-14 11:12:19,193 basehttp 27712 1668 "POST /dorganism/organism/GN_0001 HTTP/1.1" 200 7312
django.utils.autoreload INFO 2023-07-14 11:13:11,411 autoreload 27712 3780 C:\Users\uqwzhon4\project\adjCOADD\ddrug\utils\bio_data.py changed, reloading.
django.utils.autoreload INFO 2023-07-14 11:13:12,629 autoreload 16584 20360 Watching for file changes with StatReloader
django.server INFO 2023-07-14 11:13:14,897 basehttp 16584 11416 "GET /dorganism/organism/GN_0001 HTTP/1.1" 200 198373
django.server INFO 2023-07-14 11:13:23,091 basehttp 16584 11416 "POST /dorganism/organism/GN_0001 HTTP/1.1" 200 7312
django.utils.autoreload INFO 2023-07-14 11:15:12,985 autoreload 16584 20360 C:\Users\uqwzhon4\project\adjCOADD\ddrug\utils\bio_data.py changed, reloading.
django.utils.autoreload INFO 2023-07-14 11:15:14,234 autoreload 12448 3536 Watching for file changes with StatReloader
django.server INFO 2023-07-14 11:15:22,463 basehttp 12448 12320 "GET /index/ HTTP/1.1" 200 19756
django.server INFO 2023-07-14 11:15:24,370 basehttp 12448 12320 "GET /dorganism/organism_card HTTP/1.1" 200 180692
django.server INFO 2023-07-14 11:15:25,589 basehttp 12448 12320 "GET /dorganism/organism/FG_0001 HTTP/1.1" 200 195367
django.server INFO 2023-07-14 11:15:27,038 basehttp 12448 12320 "POST /dorganism/organism/FG_0001 HTTP/1.1" 200 7306
django.server INFO 2023-07-14 11:15:45,213 basehttp 12448 12320 "GET /dorganism/organism/FG_0008 HTTP/1.1" 200 197444
django.server INFO 2023-07-14 11:15:47,003 basehttp 12448 12320 "POST /dorganism/organism/FG_0008 HTTP/1.1" 200 7306
django.server INFO 2023-07-14 11:15:49,045 basehttp 12448 12320 "GET /index/ HTTP/1.1" 200 19756
django.server INFO 2023-07-14 11:15:52,023 basehttp 12448 12320 "GET /dorganism/organism_card HTTP/1.1" 200 180692
django.server INFO 2023-07-14 11:15:54,872 basehttp 12448 12320 "GET /dorganism/organism_card?csrfmiddlewaretoken=hvhKzWSlcRaITP2UPOFSrx3lMmqX1Edz7Ylx7Dm73miVug0RIuvi7WngrjvLSjbU&applysingle=Apply&Search_all_fields=&reset=False&pivot=False&paginate_by=50&order_by=&substructure=&Class=GP&ID=&Name=&Strain=&Notes=&MTA= HTTP/1.1" 200 181258
django.server INFO 2023-07-14 11:15:56,311 basehttp 12448 12320 "GET /dorganism/organism/GP_0001 HTTP/1.1" 200 195680
django.server INFO 2023-07-14 11:15:58,480 basehttp 12448 12320 "POST /dorganism/organism/GP_0001 HTTP/1.1" 200 7306
django.server INFO 2023-07-14 11:16:05,195 basehttp 12448 12320 "GET /dorganism/organism_card?csrfmiddlewaretoken=Z57RqYt6RfLSJhpXNWP42nnuuIIC4n1GPybEYFXSIKT5kInUGCFuIMHp9FNqV2Z1&applysingle=Apply&Search_all_fields=&reset=False&pivot=False&paginate_by=50&order_by=&substructure=&Class=GN&ID=&Name=&Strain=&Notes=&MTA= HTTP/1.1" 200 182712
django.server INFO 2023-07-14 11:16:08,005 basehttp 12448 12320 "GET /dorganism/organism/GN_0002 HTTP/1.1" 200 193307
django.server INFO 2023-07-14 11:16:09,775 basehttp 12448 12320 "POST /dorganism/organism/GN_0002 HTTP/1.1" 200 7306
django.server INFO 2023-07-14 11:16:21,345 basehttp 12448 12320 "GET /dorganism/organism_card?csrfmiddlewaretoken=MmiLTNg4oLBxgFZAQ1Os9BwkvRfad8WCCPmyruKQfgJKR6XxJHESP0QfaOkY4NUX&applysingle=Apply&Search_all_fields=gn_544&reset=False&pivot=False&paginate_by=50&order_by=&substructure=&Class=GN&ID=&Name=&Strain=&Notes=&MTA= HTTP/1.1" 200 40428
django.server INFO 2023-07-14 11:16:30,133 basehttp 12448 12320 "GET /dorganism/organism_card?csrfmiddlewaretoken=MmiLTNg4oLBxgFZAQ1Os9BwkvRfad8WCCPmyruKQfgJKR6XxJHESP0QfaOkY4NUX&applysingle=Apply&Search_all_fields=544&reset=False&pivot=False&paginate_by=50&order_by=&substructure=&Class=GN&ID=&Name=&Strain=&Notes=&MTA= HTTP/1.1" 200 51559
django.server INFO 2023-07-14 11:16:33,107 basehttp 12448 12320 "GET /dorganism/organism/GN_0544 HTTP/1.1" 200 188074
django.server INFO 2023-07-14 11:16:35,935 basehttp 12448 12320 "POST /dorganism/organism/GN_0544 HTTP/1.1" 200 7312
django.utils.autoreload INFO 2023-07-14 11:17:37,131 autoreload 12448 3536 C:\Users\uqwzhon4\project\adjCOADD\ddrug\utils\tables.py changed, reloading.
django.utils.autoreload INFO 2023-07-14 11:17:38,496 autoreload 9400 18292 Watching for file changes with StatReloader
django.server INFO 2023-07-14 11:17:39,831 basehttp 9400 14700 "GET /dorganism/organism/GN_0544 HTTP/1.1" 200 188074
django.server INFO 2023-07-14 11:17:42,419 basehttp 9400 14700 "POST /dorganism/organism/GN_0544 HTTP/1.1" 200 7312
django.utils.autoreload INFO 2023-07-14 11:18:49,703 autoreload 9400 18292 C:\Users\uqwzhon4\project\adjCOADD\ddrug\utils\tables.py changed, reloading.
django.utils.autoreload INFO 2023-07-14 11:18:51,063 autoreload 22404 19304 Watching for file changes with StatReloader
django.server INFO 2023-07-14 11:18:52,844 basehttp 22404 20840 "GET /dorganism/organism/GN_0544 HTTP/1.1" 200 188074
django.server INFO 2023-07-14 11:18:55,345 basehttp 22404 20840 "POST /dorganism/organism/GN_0544 HTTP/1.1" 200 7312
django.utils.autoreload INFO 2023-07-14 11:19:17,757 autoreload 22404 19304 C:\Users\uqwzhon4\project\adjCOADD\ddrug\utils\bio_data.py changed, reloading.
django.utils.autoreload INFO 2023-07-14 11:19:19,075 autoreload 15036 16900 Watching for file changes with StatReloader
django.utils.autoreload INFO 2023-07-14 11:19:25,051 autoreload 15036 16900 C:\Users\uqwzhon4\project\adjCOADD\ddrug\utils\tables.py changed, reloading.
django.utils.autoreload INFO 2023-07-14 11:19:26,361 autoreload 22688 5328 Watching for file changes with StatReloader
django.server INFO 2023-07-14 11:19:59,219 basehttp 22688 29464 "GET / HTTP/1.1" 200 12547
django.server INFO 2023-07-14 11:20:06,662 basehttp 22688 29464 "POST /accounts/login/ HTTP/1.1" 302 0
django.server INFO 2023-07-14 11:20:06,827 basehttp 22688 29464 "GET /index/ HTTP/1.1" 200 19756
django.server INFO 2023-07-14 11:20:09,194 basehttp 22688 29464 "GET /dorganism/organism_card HTTP/1.1" 200 180692
django.server INFO 2023-07-14 11:20:11,335 basehttp 22688 29464 "GET /dorganism/organism_card?csrfmiddlewaretoken=APXeUcNGsz6R60TSq9VrUVWsp1EegBEy53sENPaHco5wTSLNDGXAlN1yuOhtPQDB&applysingle=Apply&Search_all_fields=&reset=False&pivot=False&paginate_by=50&order_by=&substructure=&Class=FG&ID=&Name=&Strain=&Notes=&MTA= HTTP/1.1" 200 181053
django.server INFO 2023-07-14 11:20:12,927 basehttp 22688 29464 "GET /pivotedtableview/dorganism-Organism HTTP/1.1" 200 20702
django.server INFO 2023-07-14 11:20:17,507 basehttp 22688 29464 "POST /pivotedtableview/dorganism-Organism HTTP/1.1" 200 22446
django.server INFO 2023-07-14 11:20:30,712 basehttp 22688 29464 "POST /pivotedtableview/dorganism-Organism HTTP/1.1" 200 22134
django.server INFO 2023-07-14 11:20:35,681 basehttp 22688 29464 "GET /index/ HTTP/1.1" 200 19756
django.server INFO 2023-07-14 11:20:37,583 basehttp 22688 29464 "GET /dorganism/stocklist HTTP/1.1" 200 229069
django.server INFO 2023-07-14 11:20:41,242 basehttp 22688 29464 "GET /dorganism/stocklist?csrfmiddlewaretoken=aURMcbvhkSwIq4A0tmGJ9eO4JoPPjFlAF8mc5OSi4HvndWsVGTISA6TaObs4SUkD&applysingle=Apply&Search_all_fields=&reset=False&pivot=False&paginate_by=50&order_by=&substructure=&orgbatch_id=FG_0001_01&Stock_Date= HTTP/1.1" 200 135807
django.server INFO 2023-07-14 11:20:42,641 basehttp 22688 29464 "GET /pivotedtableview/dorganism-OrgBatch_Stock HTTP/1.1" 200 20542
django.server INFO 2023-07-14 11:20:50,409 basehttp 22688 29464 "POST /pivotedtableview/dorganism-OrgBatch_Stock HTTP/1.1" 200 20870
django.utils.autoreload INFO 2023-07-14 11:21:00,532 autoreload 22688 5328 C:\Users\uqwzhon4\project\adjCOADD\apputil\utils\flex_pivottable.py changed, reloading.
django.utils.autoreload INFO 2023-07-14 11:21:01,925 autoreload 30220 14332 Watching for file changes with StatReloader
django.server INFO 2023-07-14 11:21:03,267 basehttp 30220 12080 "POST /pivotedtableview/dorganism-OrgBatch_Stock HTTP/1.1" 200 20623
django.server INFO 2023-07-14 11:21:06,290 basehttp 30220 12080 "POST /pivotedtableview/dorganism-OrgBatch_Stock HTTP/1.1" 200 21240
django.utils.autoreload INFO 2023-07-14 11:21:19,204 autoreload 30220 14332 C:\Users\uqwzhon4\project\adjCOADD\apputil\utils\flex_pivottable.py changed, reloading.
django.utils.autoreload INFO 2023-07-14 11:21:20,506 autoreload 23564 2520 Watching for file changes with StatReloader
django.server INFO 2023-07-14 11:21:28,191 basehttp 23564 25904 "POST /pivotedtableview/dorganism-OrgBatch_Stock HTTP/1.1" 200 21293
django.utils.autoreload INFO 2023-07-14 11:22:10,099 autoreload 23564 2520 C:\Users\uqwzhon4\project\adjCOADD\apputil\utils\flex_pivottable.py changed, reloading.
django.utils.autoreload INFO 2023-07-14 11:22:11,436 autoreload 30444 23572 Watching for file changes with StatReloader
django.server INFO 2023-07-14 11:22:12,307 basehttp 30444 20516 "GET /pivotedtableview/dorganism-OrgBatch_Stock HTTP/1.1" 200 20542
django.server INFO 2023-07-14 11:22:16,884 basehttp 30444 20516 "POST /pivotedtableview/dorganism-OrgBatch_Stock HTTP/1.1" 200 20975
django.utils.autoreload INFO 2023-07-14 11:22:55,455 autoreload 30444 23572 C:\Users\uqwzhon4\project\adjCOADD\apputil\utils\flex_pivottable.py changed, reloading.
django.utils.autoreload INFO 2023-07-14 11:22:56,801 autoreload 12692 28768 Watching for file changes with StatReloader
django.server INFO 2023-07-14 11:22:57,809 basehttp 12692 13200 "GET /pivotedtableview/dorganism-OrgBatch_Stock HTTP/1.1" 200 20542
django.server INFO 2023-07-14 11:23:02,263 basehttp 12692 13200 "POST /pivotedtableview/dorganism-OrgBatch_Stock HTTP/1.1" 200 20709
django.utils.autoreload INFO 2023-07-14 11:23:21,118 autoreload 12692 28768 C:\Users\uqwzhon4\project\adjCOADD\apputil\utils\flex_pivottable.py changed, reloading.
django.utils.autoreload INFO 2023-07-14 11:23:22,349 autoreload 14244 1300 Watching for file changes with StatReloader
django.server INFO 2023-07-14 11:23:27,136 basehttp 14244 1900 "GET /pivotedtableview/dorganism-OrgBatch_Stock HTTP/1.1" 200 20542
django.server INFO 2023-07-14 11:23:32,832 basehttp 14244 1900 "POST /pivotedtableview/dorganism-OrgBatch_Stock HTTP/1.1" 200 20721
django.utils.autoreload INFO 2023-07-14 11:24:07,666 autoreload 14244 1300 C:\Users\uqwzhon4\project\adjCOADD\apputil\utils\flex_pivottable.py changed, reloading.
django.utils.autoreload INFO 2023-07-14 11:24:09,092 autoreload 27668 28584 Watching for file changes with StatReloader
django.server INFO 2023-07-14 11:24:10,182 basehttp 27668 19296 "GET /pivotedtableview/dorganism-OrgBatch_Stock HTTP/1.1" 200 20542
django.server INFO 2023-07-14 11:24:21,329 basehttp 27668 19296 "POST /pivotedtableview/dorganism-OrgBatch_Stock HTTP/1.1" 200 21030
django.utils.autoreload INFO 2023-07-14 11:24:33,525 autoreload 27668 28584 C:\Users\uqwzhon4\project\adjCOADD\apputil\utils\flex_pivottable.py changed, reloading.
django.utils.autoreload INFO 2023-07-14 11:24:34,895 autoreload 4756 29520 Watching for file changes with StatReloader
django.server INFO 2023-07-14 11:24:39,095 basehttp 4756 10608 "POST /pivotedtableview/dorganism-OrgBatch_Stock HTTP/1.1" 200 21255
django.utils.autoreload INFO 2023-07-18 12:53:28,495 autoreload 23300 29012 Watching for file changes with StatReloader
django.utils.autoreload INFO 2023-07-18 12:54:05,804 autoreload 23300 29012 C:\Users\uqwzhon4\project\adjCOADD\ddrug\utils\tables.py changed, reloading.
django.utils.autoreload INFO 2023-07-18 12:54:07,171 autoreload 18856 13380 Watching for file changes with StatReloader
django.server INFO 2023-07-18 12:54:22,607 basehttp 18856 27240 "GET / HTTP/1.1" 200 12547
django.server INFO 2023-07-18 12:54:24,552 basehttp 18856 27240 "POST /accounts/login/ HTTP/1.1" 302 0
django.server INFO 2023-07-18 12:54:24,691 basehttp 18856 27240 "GET /index/ HTTP/1.1" 200 19756
django.server INFO 2023-07-18 12:54:32,877 basehttp 18856 27240 "GET /ddrug/api-drug HTTP/1.1" 301 0
django.server INFO 2023-07-18 12:54:33,008 basehttp 18856 27240 "GET /ddrug/api-drug/ HTTP/1.1" 200 67620
django.server INFO 2023-07-18 12:59:57,820 basehttp 18856 22544 "GET /ddrug/api-drug/ HTTP/1.1" 200 67620
django.server INFO 2023-07-18 13:00:00,291 basehttp 18856 22544 "GET /ddrug/api-drug/ HTTP/1.1" 200 67620
django.utils.autoreload INFO 2023-07-18 13:02:00,180 autoreload 18856 13380 C:\Users\uqwzhon4\project\adjCOADD\ddrug\urls.py changed, reloading.
django.utils.autoreload INFO 2023-07-18 13:02:01,581 autoreload 27020 18252 Watching for file changes with StatReloader
django.request WARNING 2023-07-18 13:02:26,582 log 27020 27052 Not Found: /ddrug/api-drug/
django.server WARNING 2023-07-18 13:02:26,583 basehttp 27020 27052 "GET /ddrug/api-drug/ HTTP/1.1" 404 10060
django.request WARNING 2023-07-18 13:02:29,132 log 27020 27052 Not Found: /ddrug/api-drug/
django.server WARNING 2023-07-18 13:02:29,132 basehttp 27020 27052 "GET /ddrug/api-drug/ HTTP/1.1" 404 10060
django.request WARNING 2023-07-18 13:02:29,357 log 27020 27052 Not Found: /ddrug/api-drug/
django.server WARNING 2023-07-18 13:02:29,358 basehttp 27020 27052 "GET /ddrug/api-drug/ HTTP/1.1" 404 10060
django.request WARNING 2023-07-18 13:02:31,683 log 27020 27052 Not Found: /ddrug/api-drug/
django.server WARNING 2023-07-18 13:02:31,683 basehttp 27020 27052 "GET /ddrug/api-drug/ HTTP/1.1" 404 10060
django.request WARNING 2023-07-18 13:02:31,998 log 27020 27052 Not Found: /ddrug/api-drug/
django.server WARNING 2023-07-18 13:02:31,999 basehttp 27020 27052 "GET /ddrug/api-drug/ HTTP/1.1" 404 10060
django.utils.autoreload INFO 2023-07-18 13:02:44,591 autoreload 27020 18252 C:\Users\uqwzhon4\project\adjCOADD\ddrug\urls.py changed, reloading.
django.utils.autoreload INFO 2023-07-18 13:02:45,989 autoreload 22552 11004 Watching for file changes with StatReloader
django.utils.autoreload INFO 2023-07-18 13:40:45,025 autoreload 21924 21636 Watching for file changes with StatReloader
django.utils.autoreload INFO 2023-07-20 10:15:33,213 autoreload 30524 20112 Watching for file changes with StatReloader
django.utils.autoreload INFO 2023-07-20 10:15:57,432 autoreload 17344 1360 Watching for file changes with StatReloader
django.server INFO 2023-07-20 10:16:02,389 basehttp 17344 17436 "GET / HTTP/1.1" 200 12547
django.server INFO 2023-07-20 10:16:02,482 basehttp 17344 17436 "GET /static/css/overideboot_size.css HTTP/1.1" 200 10785
django.server INFO 2023-07-20 10:16:02,488 basehttp 17344 14568 "GET /static/css/main.6a646761.css HTTP/1.1" 200 10785
django.request INFO 2023-07-20 10:16:02,495 log 17344 8988 The request's session was deleted before the request completed. The user may have logged out in a concurrent request, for example.: /static/js/jquery-3.6.1.min.js
Traceback (most recent call last):
  File "C:\Users\uqwzhon4\Anaconda3\envs\orgdb_env_new\Lib\site-packages\django\db\backends\utils.py", line 89, in _execute
    return self.cursor.execute(sql, params)
           ^^^^^^^^^^^^^^^^^^^^^^^^^^^^^^^^
psycopg2.errors.SerializationFailure: could not serialize access due to concurrent update


The above exception was the direct cause of the following exception:

Traceback (most recent call last):
  File "C:\Users\uqwzhon4\Anaconda3\envs\orgdb_env_new\Lib\site-packages\django\contrib\sessions\backends\db.py", line 86, in save
    obj.save(
  File "C:\Users\uqwzhon4\Anaconda3\envs\orgdb_env_new\Lib\site-packages\django\db\models\base.py", line 812, in save
    self.save_base(
  File "C:\Users\uqwzhon4\Anaconda3\envs\orgdb_env_new\Lib\site-packages\django\db\models\base.py", line 863, in save_base
    updated = self._save_table(
              ^^^^^^^^^^^^^^^^^
  File "C:\Users\uqwzhon4\Anaconda3\envs\orgdb_env_new\Lib\site-packages\django\db\models\base.py", line 976, in _save_table
    updated = self._do_update(
              ^^^^^^^^^^^^^^^^
  File "C:\Users\uqwzhon4\Anaconda3\envs\orgdb_env_new\Lib\site-packages\django\db\models\base.py", line 1040, in _do_update
    return filtered._update(values) > 0
           ^^^^^^^^^^^^^^^^^^^^^^^^
  File "C:\Users\uqwzhon4\Anaconda3\envs\orgdb_env_new\Lib\site-packages\django\db\models\query.py", line 1216, in _update
    return query.get_compiler(self.db).execute_sql(CURSOR)
           ^^^^^^^^^^^^^^^^^^^^^^^^^^^^^^^^^^^^^^^^^^^^^^^
  File "C:\Users\uqwzhon4\Anaconda3\envs\orgdb_env_new\Lib\site-packages\django\db\models\sql\compiler.py", line 1822, in execute_sql
    cursor = super().execute_sql(result_type)
             ^^^^^^^^^^^^^^^^^^^^^^^^^^^^^^^^
  File "C:\Users\uqwzhon4\Anaconda3\envs\orgdb_env_new\Lib\site-packages\django\db\models\sql\compiler.py", line 1398, in execute_sql
    cursor.execute(sql, params)
  File "C:\Users\uqwzhon4\Anaconda3\envs\orgdb_env_new\Lib\site-packages\django\db\backends\utils.py", line 67, in execute
    return self._execute_with_wrappers(
           ^^^^^^^^^^^^^^^^^^^^^^^^^^^^
  File "C:\Users\uqwzhon4\Anaconda3\envs\orgdb_env_new\Lib\site-packages\django\db\backends\utils.py", line 80, in _execute_with_wrappers
    return executor(sql, params, many, context)
           ^^^^^^^^^^^^^^^^^^^^^^^^^^^^^^^^^^^^
  File "C:\Users\uqwzhon4\Anaconda3\envs\orgdb_env_new\Lib\site-packages\django\db\backends\utils.py", line 84, in _execute
    with self.db.wrap_database_errors:
  File "C:\Users\uqwzhon4\Anaconda3\envs\orgdb_env_new\Lib\site-packages\django\db\utils.py", line 91, in __exit__
    raise dj_exc_value.with_traceback(traceback) from exc_value
  File "C:\Users\uqwzhon4\Anaconda3\envs\orgdb_env_new\Lib\site-packages\django\db\backends\utils.py", line 89, in _execute
    return self.cursor.execute(sql, params)
           ^^^^^^^^^^^^^^^^^^^^^^^^^^^^^^^^
django.db.utils.OperationalError: could not serialize access due to concurrent update


During handling of the above exception, another exception occurred:

Traceback (most recent call last):
  File "C:\Users\uqwzhon4\Anaconda3\envs\orgdb_env_new\Lib\site-packages\django\contrib\sessions\middleware.py", line 59, in process_response
    request.session.save()
  File "C:\Users\uqwzhon4\Anaconda3\envs\orgdb_env_new\Lib\site-packages\django\contrib\sessions\backends\db.py", line 95, in save
    raise UpdateError
django.contrib.sessions.backends.base.UpdateError

During handling of the above exception, another exception occurred:

Traceback (most recent call last):
  File "C:\Users\uqwzhon4\Anaconda3\envs\orgdb_env_new\Lib\site-packages\django\core\handlers\exception.py", line 55, in inner
    response = get_response(request)
               ^^^^^^^^^^^^^^^^^^^^^
  File "C:\Users\uqwzhon4\Anaconda3\envs\orgdb_env_new\Lib\site-packages\django\utils\deprecation.py", line 138, in __call__
    response = self.process_response(request, response)
               ^^^^^^^^^^^^^^^^^^^^^^^^^^^^^^^^^^^^^^^^
  File "C:\Users\uqwzhon4\Anaconda3\envs\orgdb_env_new\Lib\site-packages\django\contrib\sessions\middleware.py", line 61, in process_response
    raise SessionInterrupted(
django.contrib.sessions.exceptions.SessionInterrupted: The request's session was deleted before the request completed. The user may have logged out in a concurrent request, for example.
django.request INFO 2023-07-20 10:16:02,497 log 17344 29088 The request's session was deleted before the request completed. The user may have logged out in a concurrent request, for example.: /static/css/table_wrap.css
Traceback (most recent call last):
  File "C:\Users\uqwzhon4\Anaconda3\envs\orgdb_env_new\Lib\site-packages\django\db\backends\utils.py", line 89, in _execute
    return self.cursor.execute(sql, params)
           ^^^^^^^^^^^^^^^^^^^^^^^^^^^^^^^^
psycopg2.errors.SerializationFailure: could not serialize access due to concurrent update


The above exception was the direct cause of the following exception:

Traceback (most recent call last):
  File "C:\Users\uqwzhon4\Anaconda3\envs\orgdb_env_new\Lib\site-packages\django\contrib\sessions\backends\db.py", line 86, in save
    obj.save(
  File "C:\Users\uqwzhon4\Anaconda3\envs\orgdb_env_new\Lib\site-packages\django\db\models\base.py", line 812, in save
    self.save_base(
  File "C:\Users\uqwzhon4\Anaconda3\envs\orgdb_env_new\Lib\site-packages\django\db\models\base.py", line 863, in save_base
    updated = self._save_table(
              ^^^^^^^^^^^^^^^^^
  File "C:\Users\uqwzhon4\Anaconda3\envs\orgdb_env_new\Lib\site-packages\django\db\models\base.py", line 976, in _save_table
    updated = self._do_update(
              ^^^^^^^^^^^^^^^^
  File "C:\Users\uqwzhon4\Anaconda3\envs\orgdb_env_new\Lib\site-packages\django\db\models\base.py", line 1040, in _do_update
    return filtered._update(values) > 0
           ^^^^^^^^^^^^^^^^^^^^^^^^
  File "C:\Users\uqwzhon4\Anaconda3\envs\orgdb_env_new\Lib\site-packages\django\db\models\query.py", line 1216, in _update
    return query.get_compiler(self.db).execute_sql(CURSOR)
           ^^^^^^^^^^^^^^^^^^^^^^^^^^^^^^^^^^^^^^^^^^^^^^^
  File "C:\Users\uqwzhon4\Anaconda3\envs\orgdb_env_new\Lib\site-packages\django\db\models\sql\compiler.py", line 1822, in execute_sql
    cursor = super().execute_sql(result_type)
             ^^^^^^^^^^^^^^^^^^^^^^^^^^^^^^^^
  File "C:\Users\uqwzhon4\Anaconda3\envs\orgdb_env_new\Lib\site-packages\django\db\models\sql\compiler.py", line 1398, in execute_sql
    cursor.execute(sql, params)
  File "C:\Users\uqwzhon4\Anaconda3\envs\orgdb_env_new\Lib\site-packages\django\db\backends\utils.py", line 67, in execute
    return self._execute_with_wrappers(
           ^^^^^^^^^^^^^^^^^^^^^^^^^^^^
  File "C:\Users\uqwzhon4\Anaconda3\envs\orgdb_env_new\Lib\site-packages\django\db\backends\utils.py", line 80, in _execute_with_wrappers
    return executor(sql, params, many, context)
           ^^^^^^^^^^^^^^^^^^^^^^^^^^^^^^^^^^^^
  File "C:\Users\uqwzhon4\Anaconda3\envs\orgdb_env_new\Lib\site-packages\django\db\backends\utils.py", line 84, in _execute
    with self.db.wrap_database_errors:
  File "C:\Users\uqwzhon4\Anaconda3\envs\orgdb_env_new\Lib\site-packages\django\db\utils.py", line 91, in __exit__
    raise dj_exc_value.with_traceback(traceback) from exc_value
  File "C:\Users\uqwzhon4\Anaconda3\envs\orgdb_env_new\Lib\site-packages\django\db\backends\utils.py", line 89, in _execute
    return self.cursor.execute(sql, params)
           ^^^^^^^^^^^^^^^^^^^^^^^^^^^^^^^^
django.db.utils.OperationalError: could not serialize access due to concurrent update


During handling of the above exception, another exception occurred:

Traceback (most recent call last):
  File "C:\Users\uqwzhon4\Anaconda3\envs\orgdb_env_new\Lib\site-packages\django\contrib\sessions\middleware.py", line 59, in process_response
    request.session.save()
  File "C:\Users\uqwzhon4\Anaconda3\envs\orgdb_env_new\Lib\site-packages\django\contrib\sessions\backends\db.py", line 95, in save
    raise UpdateError
django.contrib.sessions.backends.base.UpdateError

During handling of the above exception, another exception occurred:

Traceback (most recent call last):
  File "C:\Users\uqwzhon4\Anaconda3\envs\orgdb_env_new\Lib\site-packages\django\core\handlers\exception.py", line 55, in inner
    response = get_response(request)
               ^^^^^^^^^^^^^^^^^^^^^
  File "C:\Users\uqwzhon4\Anaconda3\envs\orgdb_env_new\Lib\site-packages\django\utils\deprecation.py", line 138, in __call__
    response = self.process_response(request, response)
               ^^^^^^^^^^^^^^^^^^^^^^^^^^^^^^^^^^^^^^^^
  File "C:\Users\uqwzhon4\Anaconda3\envs\orgdb_env_new\Lib\site-packages\django\contrib\sessions\middleware.py", line 61, in process_response
    raise SessionInterrupted(
django.contrib.sessions.exceptions.SessionInterrupted: The request's session was deleted before the request completed. The user may have logged out in a concurrent request, for example.
django.request INFO 2023-07-20 10:16:02,499 log 17344 22580 The request's session was deleted before the request completed. The user may have logged out in a concurrent request, for example.: /static/css/custom.css
Traceback (most recent call last):
  File "C:\Users\uqwzhon4\Anaconda3\envs\orgdb_env_new\Lib\site-packages\django\db\backends\utils.py", line 89, in _execute
    return self.cursor.execute(sql, params)
           ^^^^^^^^^^^^^^^^^^^^^^^^^^^^^^^^
psycopg2.errors.SerializationFailure: could not serialize access due to concurrent update


The above exception was the direct cause of the following exception:

Traceback (most recent call last):
  File "C:\Users\uqwzhon4\Anaconda3\envs\orgdb_env_new\Lib\site-packages\django\contrib\sessions\backends\db.py", line 86, in save
    obj.save(
  File "C:\Users\uqwzhon4\Anaconda3\envs\orgdb_env_new\Lib\site-packages\django\db\models\base.py", line 812, in save
    self.save_base(
  File "C:\Users\uqwzhon4\Anaconda3\envs\orgdb_env_new\Lib\site-packages\django\db\models\base.py", line 863, in save_base
    updated = self._save_table(
              ^^^^^^^^^^^^^^^^^
  File "C:\Users\uqwzhon4\Anaconda3\envs\orgdb_env_new\Lib\site-packages\django\db\models\base.py", line 976, in _save_table
    updated = self._do_update(
              ^^^^^^^^^^^^^^^^
  File "C:\Users\uqwzhon4\Anaconda3\envs\orgdb_env_new\Lib\site-packages\django\db\models\base.py", line 1040, in _do_update
    return filtered._update(values) > 0
           ^^^^^^^^^^^^^^^^^^^^^^^^
  File "C:\Users\uqwzhon4\Anaconda3\envs\orgdb_env_new\Lib\site-packages\django\db\models\query.py", line 1216, in _update
    return query.get_compiler(self.db).execute_sql(CURSOR)
           ^^^^^^^^^^^^^^^^^^^^^^^^^^^^^^^^^^^^^^^^^^^^^^^
  File "C:\Users\uqwzhon4\Anaconda3\envs\orgdb_env_new\Lib\site-packages\django\db\models\sql\compiler.py", line 1822, in execute_sql
    cursor = super().execute_sql(result_type)
             ^^^^^^^^^^^^^^^^^^^^^^^^^^^^^^^^
  File "C:\Users\uqwzhon4\Anaconda3\envs\orgdb_env_new\Lib\site-packages\django\db\models\sql\compiler.py", line 1398, in execute_sql
    cursor.execute(sql, params)
  File "C:\Users\uqwzhon4\Anaconda3\envs\orgdb_env_new\Lib\site-packages\django\db\backends\utils.py", line 67, in execute
    return self._execute_with_wrappers(
           ^^^^^^^^^^^^^^^^^^^^^^^^^^^^
  File "C:\Users\uqwzhon4\Anaconda3\envs\orgdb_env_new\Lib\site-packages\django\db\backends\utils.py", line 80, in _execute_with_wrappers
    return executor(sql, params, many, context)
           ^^^^^^^^^^^^^^^^^^^^^^^^^^^^^^^^^^^^
  File "C:\Users\uqwzhon4\Anaconda3\envs\orgdb_env_new\Lib\site-packages\django\db\backends\utils.py", line 84, in _execute
    with self.db.wrap_database_errors:
  File "C:\Users\uqwzhon4\Anaconda3\envs\orgdb_env_new\Lib\site-packages\django\db\utils.py", line 91, in __exit__
    raise dj_exc_value.with_traceback(traceback) from exc_value
  File "C:\Users\uqwzhon4\Anaconda3\envs\orgdb_env_new\Lib\site-packages\django\db\backends\utils.py", line 89, in _execute
    return self.cursor.execute(sql, params)
           ^^^^^^^^^^^^^^^^^^^^^^^^^^^^^^^^
django.db.utils.OperationalError: could not serialize access due to concurrent update


During handling of the above exception, another exception occurred:

Traceback (most recent call last):
  File "C:\Users\uqwzhon4\Anaconda3\envs\orgdb_env_new\Lib\site-packages\django\contrib\sessions\middleware.py", line 59, in process_response
    request.session.save()
  File "C:\Users\uqwzhon4\Anaconda3\envs\orgdb_env_new\Lib\site-packages\django\contrib\sessions\backends\db.py", line 95, in save
    raise UpdateError
django.contrib.sessions.backends.base.UpdateError

During handling of the above exception, another exception occurred:

Traceback (most recent call last):
  File "C:\Users\uqwzhon4\Anaconda3\envs\orgdb_env_new\Lib\site-packages\django\core\handlers\exception.py", line 55, in inner
    response = get_response(request)
               ^^^^^^^^^^^^^^^^^^^^^
  File "C:\Users\uqwzhon4\Anaconda3\envs\orgdb_env_new\Lib\site-packages\django\utils\deprecation.py", line 138, in __call__
    response = self.process_response(request, response)
               ^^^^^^^^^^^^^^^^^^^^^^^^^^^^^^^^^^^^^^^^
  File "C:\Users\uqwzhon4\Anaconda3\envs\orgdb_env_new\Lib\site-packages\django\contrib\sessions\middleware.py", line 61, in process_response
    raise SessionInterrupted(
django.contrib.sessions.exceptions.SessionInterrupted: The request's session was deleted before the request completed. The user may have logged out in a concurrent request, for example.
django.server INFO 2023-07-20 10:16:02,499 basehttp 17344 28316 "GET /static/js/sorting_table.js HTTP/1.1" 200 10785
django.server INFO 2023-07-20 10:16:02,514 basehttp 17344 14568 "GET /static/js/editableTable.js HTTP/1.1" 200 10785
django.server INFO 2023-07-20 10:16:02,521 basehttp 17344 8988 "GET /static/js/jquery-3.6.1.min.js HTTP/1.1" 200 10788
django.server INFO 2023-07-20 10:16:02,523 basehttp 17344 29088 "GET /static/css/table_wrap.css HTTP/1.1" 200 10788
django.server INFO 2023-07-20 10:16:02,528 basehttp 17344 17436 "GET /static/js/js_utils/getCookie.js HTTP/1.1" 200 10785
django.server INFO 2023-07-20 10:16:02,528 basehttp 17344 22580 "GET /static/css/custom.css HTTP/1.1" 200 10788
django.server INFO 2023-07-20 10:16:02,551 basehttp 17344 28316 "GET /static/js/js_utils/dataTables.min.js HTTP/1.1" 200 10785
django.server INFO 2023-07-20 10:16:02,554 basehttp 17344 17852 "GET /static/js/loadModal.js HTTP/1.1" 200 10785
django.request INFO 2023-07-20 10:16:02,559 log 17344 14568 The request's session was deleted before the request completed. The user may have logged out in a concurrent request, for example.: /static/js/js_utils/custom_option.js
Traceback (most recent call last):
  File "C:\Users\uqwzhon4\Anaconda3\envs\orgdb_env_new\Lib\site-packages\django\db\backends\utils.py", line 89, in _execute
    return self.cursor.execute(sql, params)
           ^^^^^^^^^^^^^^^^^^^^^^^^^^^^^^^^
psycopg2.errors.SerializationFailure: could not serialize access due to concurrent update


The above exception was the direct cause of the following exception:

Traceback (most recent call last):
  File "C:\Users\uqwzhon4\Anaconda3\envs\orgdb_env_new\Lib\site-packages\django\contrib\sessions\backends\db.py", line 86, in save
    obj.save(
  File "C:\Users\uqwzhon4\Anaconda3\envs\orgdb_env_new\Lib\site-packages\django\db\models\base.py", line 812, in save
    self.save_base(
  File "C:\Users\uqwzhon4\Anaconda3\envs\orgdb_env_new\Lib\site-packages\django\db\models\base.py", line 863, in save_base
    updated = self._save_table(
              ^^^^^^^^^^^^^^^^^
  File "C:\Users\uqwzhon4\Anaconda3\envs\orgdb_env_new\Lib\site-packages\django\db\models\base.py", line 976, in _save_table
    updated = self._do_update(
              ^^^^^^^^^^^^^^^^
  File "C:\Users\uqwzhon4\Anaconda3\envs\orgdb_env_new\Lib\site-packages\django\db\models\base.py", line 1040, in _do_update
    return filtered._update(values) > 0
           ^^^^^^^^^^^^^^^^^^^^^^^^
  File "C:\Users\uqwzhon4\Anaconda3\envs\orgdb_env_new\Lib\site-packages\django\db\models\query.py", line 1216, in _update
    return query.get_compiler(self.db).execute_sql(CURSOR)
           ^^^^^^^^^^^^^^^^^^^^^^^^^^^^^^^^^^^^^^^^^^^^^^^
  File "C:\Users\uqwzhon4\Anaconda3\envs\orgdb_env_new\Lib\site-packages\django\db\models\sql\compiler.py", line 1822, in execute_sql
    cursor = super().execute_sql(result_type)
             ^^^^^^^^^^^^^^^^^^^^^^^^^^^^^^^^
  File "C:\Users\uqwzhon4\Anaconda3\envs\orgdb_env_new\Lib\site-packages\django\db\models\sql\compiler.py", line 1398, in execute_sql
    cursor.execute(sql, params)
  File "C:\Users\uqwzhon4\Anaconda3\envs\orgdb_env_new\Lib\site-packages\django\db\backends\utils.py", line 67, in execute
    return self._execute_with_wrappers(
           ^^^^^^^^^^^^^^^^^^^^^^^^^^^^
  File "C:\Users\uqwzhon4\Anaconda3\envs\orgdb_env_new\Lib\site-packages\django\db\backends\utils.py", line 80, in _execute_with_wrappers
    return executor(sql, params, many, context)
           ^^^^^^^^^^^^^^^^^^^^^^^^^^^^^^^^^^^^
  File "C:\Users\uqwzhon4\Anaconda3\envs\orgdb_env_new\Lib\site-packages\django\db\backends\utils.py", line 84, in _execute
    with self.db.wrap_database_errors:
  File "C:\Users\uqwzhon4\Anaconda3\envs\orgdb_env_new\Lib\site-packages\django\db\utils.py", line 91, in __exit__
    raise dj_exc_value.with_traceback(traceback) from exc_value
  File "C:\Users\uqwzhon4\Anaconda3\envs\orgdb_env_new\Lib\site-packages\django\db\backends\utils.py", line 89, in _execute
    return self.cursor.execute(sql, params)
           ^^^^^^^^^^^^^^^^^^^^^^^^^^^^^^^^
django.db.utils.OperationalError: could not serialize access due to concurrent update


During handling of the above exception, another exception occurred:

Traceback (most recent call last):
  File "C:\Users\uqwzhon4\Anaconda3\envs\orgdb_env_new\Lib\site-packages\django\contrib\sessions\middleware.py", line 59, in process_response
    request.session.save()
  File "C:\Users\uqwzhon4\Anaconda3\envs\orgdb_env_new\Lib\site-packages\django\contrib\sessions\backends\db.py", line 95, in save
    raise UpdateError
django.contrib.sessions.backends.base.UpdateError

During handling of the above exception, another exception occurred:

Traceback (most recent call last):
  File "C:\Users\uqwzhon4\Anaconda3\envs\orgdb_env_new\Lib\site-packages\django\core\handlers\exception.py", line 55, in inner
    response = get_response(request)
               ^^^^^^^^^^^^^^^^^^^^^
  File "C:\Users\uqwzhon4\Anaconda3\envs\orgdb_env_new\Lib\site-packages\django\utils\deprecation.py", line 138, in __call__
    response = self.process_response(request, response)
               ^^^^^^^^^^^^^^^^^^^^^^^^^^^^^^^^^^^^^^^^
  File "C:\Users\uqwzhon4\Anaconda3\envs\orgdb_env_new\Lib\site-packages\django\contrib\sessions\middleware.py", line 61, in process_response
    raise SessionInterrupted(
django.contrib.sessions.exceptions.SessionInterrupted: The request's session was deleted before the request completed. The user may have logged out in a concurrent request, for example.
django.server INFO 2023-07-20 10:16:02,563 basehttp 17344 14568 "GET /static/js/js_utils/custom_option.js HTTP/1.1" 200 10788
django.server INFO 2023-07-20 10:16:02,574 basehttp 17344 18368 "GET /static/js/resizable.js HTTP/1.1" 200 10785
django.server INFO 2023-07-20 10:16:02,590 basehttp 17344 17852 "GET /static/images/brand/CO-ADD_Logo_White_NoBackground_CMYK.png HTTP/1.1" 200 10785
django.server INFO 2023-07-20 10:16:02,598 basehttp 17344 18368 "GET /static/images/app/avatar.png HTTP/1.1" 200 10785
django.server INFO 2023-07-20 10:16:02,718 basehttp 17344 18368 "GET /static/images/app/CO-ADD_favicon.png HTTP/1.1" 200 10785
django.utils.autoreload INFO 2023-07-20 10:16:14,956 autoreload 17344 1360 C:\Users\uqwzhon4\project\adjCOADD\adjcoadd\settings.py changed, reloading.
django.utils.autoreload INFO 2023-07-20 10:16:16,350 autoreload 14556 28768 Watching for file changes with StatReloader
django.server INFO 2023-07-20 10:16:17,356 basehttp 14556 27684 "GET / HTTP/1.1" 200 12547
django.server INFO 2023-07-20 10:16:17,711 basehttp 14556 11052 "GET /static/js/sorting_table.js HTTP/1.1" 200 890
django.server INFO 2023-07-20 10:16:17,714 basehttp 14556 11052 "GET /static/js/js_utils/getCookie.js HTTP/1.1" 200 500
django.server INFO 2023-07-20 10:16:17,715 basehttp 14556 28568 "GET /static/js/jquery-3.6.1.min.js HTTP/1.1" 200 89664
django.server INFO 2023-07-20 10:16:17,719 basehttp 14556 11052 "GET /static/js/editableTable.js HTTP/1.1" 200 638
django.server INFO 2023-07-20 10:16:17,723 basehttp 14556 11052 "GET /static/js/js_utils/custom_option.js HTTP/1.1" 200 260
django.server INFO 2023-07-20 10:16:17,724 basehttp 14556 28568 "GET /static/js/js_utils/dataTables.min.js HTTP/1.1" 200 102512
django.server INFO 2023-07-20 10:16:17,727 basehttp 14556 11052 "GET /static/js/loadModal.js HTTP/1.1" 200 348
django.server INFO 2023-07-20 10:16:17,728 basehttp 14556 28568 "GET /static/js/resizable.js HTTP/1.1" 200 1691
django.server INFO 2023-07-20 10:16:17,764 basehttp 14556 21668 "GET /static/css/table_wrap.css HTTP/1.1" 200 4392
django.server INFO 2023-07-20 10:16:17,791 basehttp 14556 27684 "GET /static/css/custom.css HTTP/1.1" 200 17829
django.server INFO 2023-07-20 10:16:17,840 basehttp 14556 25736 "GET /static/css/overideboot_size.css HTTP/1.1" 200 1542
django.server INFO 2023-07-20 10:16:17,843 basehttp 14556 25736 "GET /static/images/brand/CO-ADD_Logo_White_NoBackground_CMYK.png HTTP/1.1" 200 2856
django.server INFO 2023-07-20 10:16:17,845 basehttp 14556 14296 "GET /static/css/main.6a646761.css HTTP/1.1" 200 163150
django.server INFO 2023-07-20 10:16:17,848 basehttp 14556 25736 "GET /static/images/app/avatar.png HTTP/1.1" 200 40220
django.server INFO 2023-07-20 10:16:17,908 basehttp 14556 25736 "GET /static/images/app/CO-ADD_favicon.png HTTP/1.1" 200 3544
django.server INFO 2023-07-20 10:16:27,791 basehttp 14556 25736 "POST /accounts/login/ HTTP/1.1" 302 0
django.server INFO 2023-07-20 10:16:27,921 basehttp 14556 25736 "GET /index/ HTTP/1.1" 200 19756
django.server INFO 2023-07-20 10:16:50,306 basehttp 14556 25736 "GET /dorganism/taxonomy_card HTTP/1.1" 200 243776
django.server INFO 2023-07-20 10:16:50,323 basehttp 14556 25736 "GET /static/js/js_utils/saveData.js HTTP/1.1" 200 433
django.server INFO 2023-07-20 10:16:50,325 basehttp 14556 14296 "GET /static/js/filter_toggle.js HTTP/1.1" 200 167
django.server INFO 2023-07-20 10:16:56,072 basehttp 14556 14296 "GET /index/ HTTP/1.1" 200 19756
django.utils.autoreload INFO 2023-07-20 10:19:42,354 autoreload 14556 28768 C:\Users\uqwzhon4\project\adjCOADD\ddrug\utils\bio_data.py changed, reloading.
django.utils.autoreload INFO 2023-07-20 10:19:43,600 autoreload 12464 29796 Watching for file changes with StatReloader
django.server INFO 2023-07-20 10:19:50,012 basehttp 12464 30176 "GET /dorganism/organism_card HTTP/1.1" 200 180692
django.server INFO 2023-07-20 10:19:51,537 basehttp 12464 30176 "GET /dorganism/organism/FG_0001 HTTP/1.1" 200 195367
django.server INFO 2023-07-20 10:19:51,875 basehttp 12464 30176 "GET /static/js/search_organism.js HTTP/1.1" 200 2426
django.server INFO 2023-07-20 10:19:51,875 basehttp 12464 19316 "GET /static/js/childtable.js HTTP/1.1" 200 779
django.server INFO 2023-07-20 10:19:51,877 basehttp 12464 19036 "GET /static/js/create_childtable.js HTTP/1.1" 200 7056
django.server INFO 2023-07-20 10:19:51,887 basehttp 12464 21660 "GET /static/js/ajax_simpleupload.js HTTP/1.1" 200 1212
django.server INFO 2023-07-20 10:19:51,892 basehttp 12464 2892 "GET /static/js/destroy_childtable.js HTTP/1.1" 200 201
django.server INFO 2023-07-20 10:19:53,496 basehttp 12464 2892 "POST /dorganism/organism/FG_0001 HTTP/1.1" 200 7306
django.server INFO 2023-07-20 10:20:06,990 basehttp 12464 2892 "GET /index/ HTTP/1.1" 200 19756
django.server INFO 2023-07-20 10:20:08,264 basehttp 12464 2892 "GET /dorganism/organism_card HTTP/1.1" 200 180692
django.server INFO 2023-07-20 10:20:13,893 basehttp 12464 2892 "GET /dorganism/organism_card?csrfmiddlewaretoken=EO2V3HAmfggB0tQsZ1djsDjRMyHlHlyTiuYagosqaAVTj6G20qfAftLrbhR5xndY&applysingle=Apply&Search_all_fields=&reset=False&pivot=False&paginate_by=50&order_by=&substructure=&Class=GN&ID=&Name=&Strain=&Notes=&MTA= HTTP/1.1" 200 182712
django.server INFO 2023-07-20 10:20:16,837 basehttp 12464 2892 "GET /dorganism/organism/GN_0002 HTTP/1.1" 200 193307
django.server INFO 2023-07-20 10:20:18,541 basehttp 12464 2892 "POST /dorganism/organism/GN_0002 HTTP/1.1" 200 7306
django.utils.autoreload INFO 2023-07-20 10:20:35,718 autoreload 12464 29796 C:\Users\uqwzhon4\project\adjCOADD\ddrug\utils\tables.py changed, reloading.
django.utils.autoreload INFO 2023-07-20 10:20:36,924 autoreload 12540 7796 Watching for file changes with StatReloader
django.server INFO 2023-07-20 10:20:40,596 basehttp 12540 16656 "GET /dorganism/organism/GN_0002 HTTP/1.1" 200 193307
django.server INFO 2023-07-20 10:20:42,921 basehttp 12540 16656 "POST /dorganism/organism/GN_0002 HTTP/1.1" 200 7306
django.utils.autoreload INFO 2023-07-20 10:21:35,874 autoreload 12540 7796 C:\Users\uqwzhon4\project\adjCOADD\ddrug\utils\tables.py changed, reloading.
django.utils.autoreload INFO 2023-07-20 10:21:37,341 autoreload 8792 19048 Watching for file changes with StatReloader
django.utils.autoreload INFO 2023-07-20 10:21:50,193 autoreload 8792 19048 C:\Users\uqwzhon4\project\adjCOADD\ddrug\utils\tables.py changed, reloading.
django.utils.autoreload INFO 2023-07-20 10:21:51,302 autoreload 20164 15916 Watching for file changes with StatReloader
django.server INFO 2023-07-20 10:21:54,700 basehttp 20164 12652 "GET /dorganism/organism/GN_0002 HTTP/1.1" 200 193307
django.server INFO 2023-07-20 10:21:56,343 basehttp 20164 12652 "POST /dorganism/organism/GN_0002 HTTP/1.1" 200 7306
django.utils.autoreload INFO 2023-07-20 10:25:00,762 autoreload 27188 21852 Watching for file changes with StatReloader
django.server INFO 2023-07-20 10:25:04,601 basehttp 27188 22728 "GET /dorganism/organism/GN_0002 HTTP/1.1" 200 193307
django.server INFO 2023-07-20 10:25:06,449 basehttp 27188 22728 "POST /dorganism/organism/GN_0002 HTTP/1.1" 200 7306
django.server INFO 2023-07-20 10:25:11,347 basehttp 27188 22728 "GET /index/ HTTP/1.1" 200 19756
django.server INFO 2023-07-20 10:25:12,611 basehttp 27188 22728 "GET /dorganism/organism_card HTTP/1.1" 200 180692
django.server INFO 2023-07-20 10:25:15,653 basehttp 27188 22728 "GET /dorganism/organism_card?csrfmiddlewaretoken=mg3ngS32zNgXZmBuSByK72RLCTXGjXFi0WZCtzV6u7VfiZr4T0A1USjl1C7q9Zkn&applysingle=Apply&Search_all_fields=&reset=False&pivot=False&paginate_by=50&order_by=&substructure=&Class=GN&ID=&Name=&Strain=&Notes=&MTA= HTTP/1.1" 200 182712
django.server INFO 2023-07-20 10:25:16,841 basehttp 27188 22728 "GET /dorganism/organism/GN_0001 HTTP/1.1" 200 198373
django.server INFO 2023-07-20 10:25:25,391 basehttp 27188 22728 "POST /dorganism/organism/GN_0001 HTTP/1.1" 200 35525
django.utils.autoreload INFO 2023-07-20 10:27:37,152 autoreload 27188 21852 C:\Users\uqwzhon4\project\adjCOADD\ddrug\utils\tables.py changed, reloading.
django.utils.autoreload INFO 2023-07-20 10:27:38,377 autoreload 15440 26560 Watching for file changes with StatReloader
django.utils.autoreload INFO 2023-07-20 10:27:46,840 autoreload 15440 26560 C:\Users\uqwzhon4\project\adjCOADD\ddrug\utils\tables.py changed, reloading.
django.utils.autoreload INFO 2023-07-20 10:27:47,897 autoreload 19960 30140 Watching for file changes with StatReloader
django.utils.autoreload INFO 2023-07-20 10:28:06,893 autoreload 19960 30140 C:\Users\uqwzhon4\project\adjCOADD\ddrug\utils\tables.py changed, reloading.
django.utils.autoreload INFO 2023-07-20 10:28:08,020 autoreload 18512 27928 Watching for file changes with StatReloader
django.utils.autoreload INFO 2023-07-20 10:28:17,545 autoreload 18512 27928 C:\Users\uqwzhon4\project\adjCOADD\ddrug\utils\tables.py changed, reloading.
django.utils.autoreload INFO 2023-07-20 10:28:18,770 autoreload 29488 19892 Watching for file changes with StatReloader
django.utils.autoreload INFO 2023-07-20 10:28:26,193 autoreload 29488 19892 C:\Users\uqwzhon4\project\adjCOADD\ddrug\utils\tables.py changed, reloading.
django.utils.autoreload INFO 2023-07-20 10:28:27,210 autoreload 17760 12948 Watching for file changes with StatReloader
django.utils.autoreload INFO 2023-07-20 10:28:30,924 autoreload 17760 12948 C:\Users\uqwzhon4\project\adjCOADD\ddrug\utils\tables.py changed, reloading.
django.utils.autoreload INFO 2023-07-20 10:28:32,027 autoreload 21316 3708 Watching for file changes with StatReloader
django.utils.autoreload INFO 2023-07-20 10:28:40,260 autoreload 21316 3708 C:\Users\uqwzhon4\project\adjCOADD\ddrug\utils\tables.py changed, reloading.
django.utils.autoreload INFO 2023-07-20 10:28:41,384 autoreload 20824 26236 Watching for file changes with StatReloader
django.utils.autoreload INFO 2023-07-20 10:28:48,773 autoreload 20824 26236 C:\Users\uqwzhon4\project\adjCOADD\ddrug\utils\tables.py changed, reloading.
django.utils.autoreload INFO 2023-07-20 10:28:49,844 autoreload 8732 13012 Watching for file changes with StatReloader
django.server INFO 2023-07-20 10:28:57,852 basehttp 8732 15328 "GET /dorganism/organism/GN_0001 HTTP/1.1" 200 198373
django.server INFO 2023-07-20 10:29:06,086 basehttp 8732 15328 "POST /dorganism/organism/GN_0001 HTTP/1.1" 200 7312
django.utils.autoreload INFO 2023-07-20 10:33:32,578 autoreload 8732 13012 C:\Users\uqwzhon4\project\adjCOADD\ddrug\utils\bio_data.py changed, reloading.
django.utils.autoreload INFO 2023-07-20 10:33:33,795 autoreload 24172 1112 Watching for file changes with StatReloader
django.server INFO 2023-07-20 10:33:43,529 basehttp 24172 21788 "GET /dorganism/organism/GN_0001 HTTP/1.1" 200 198373
django.server INFO 2023-07-20 10:33:58,714 basehttp 24172 21788 "POST /dorganism/organism/GN_0001 HTTP/1.1" 200 7312
django.utils.autoreload INFO 2023-07-20 10:36:16,256 autoreload 24172 1112 C:\Users\uqwzhon4\project\adjCOADD\ddrug\utils\bio_data.py changed, reloading.
django.utils.autoreload INFO 2023-07-20 10:36:17,496 autoreload 28676 30444 Watching for file changes with StatReloader
django.utils.autoreload INFO 2023-07-20 10:36:48,955 autoreload 28676 30444 C:\Users\uqwzhon4\project\adjCOADD\ddrug\utils\bio_data.py changed, reloading.
django.utils.autoreload INFO 2023-07-20 10:36:50,084 autoreload 24372 23476 Watching for file changes with StatReloader
django.server INFO 2023-07-20 10:36:58,468 basehttp 24372 3944 "GET /dorganism/organism/GN_0001 HTTP/1.1" 200 198373
django.server INFO 2023-07-20 10:37:08,386 basehttp 24372 3944 "POST /dorganism/organism/GN_0001 HTTP/1.1" 200 77322
django.utils.autoreload INFO 2023-07-20 10:42:18,742 autoreload 24372 23476 C:\Users\uqwzhon4\project\adjCOADD\ddrug\utils\bio_data.py changed, reloading.
django.utils.autoreload INFO 2023-07-20 10:42:20,038 autoreload 11636 4188 Watching for file changes with StatReloader
django.utils.autoreload INFO 2023-07-20 10:42:37,169 autoreload 11636 4188 C:\Users\uqwzhon4\project\adjCOADD\ddrug\utils\bio_data.py changed, reloading.
django.utils.autoreload INFO 2023-07-20 10:42:38,584 autoreload 8492 24652 Watching for file changes with StatReloader
django.server INFO 2023-07-20 10:42:40,179 basehttp 8492 9288 "GET /dorganism/organism/GN_0001 HTTP/1.1" 200 198373
django.server INFO 2023-07-20 10:42:49,157 basehttp 8492 9288 "POST /dorganism/organism/GN_0001 HTTP/1.1" 200 77322
django.server INFO 2023-07-20 10:48:55,269 basehttp 8492 29184 "GET /dorganism/organism/GN_0001 HTTP/1.1" 200 198373
django.utils.autoreload INFO 2023-07-20 10:53:40,394 autoreload 8492 24652 C:\Users\uqwzhon4\project\adjCOADD\ddrug\utils\tables.py changed, reloading.
django.utils.autoreload INFO 2023-07-20 10:53:41,648 autoreload 21552 14740 Watching for file changes with StatReloader
django.utils.autoreload INFO 2023-07-20 10:54:20,289 autoreload 21552 14740 C:\Users\uqwzhon4\project\adjCOADD\ddrug\utils\tables.py changed, reloading.
django.utils.autoreload INFO 2023-07-20 10:54:21,586 autoreload 27460 22320 Watching for file changes with StatReloader
django.server INFO 2023-07-20 10:54:22,507 basehttp 27460 24072 "GET / HTTP/1.1" 200 12547
django.server INFO 2023-07-20 10:54:22,623 basehttp 27460 24072 "GET /static/css/overideboot_size.css HTTP/1.1" 200 1542
django.server INFO 2023-07-20 10:54:22,626 basehttp 27460 24072 "GET /static/css/custom.css HTTP/1.1" 200 17829
django.server INFO 2023-07-20 10:54:22,631 basehttp 27460 24072 "GET /static/css/main.6a646761.css HTTP/1.1" 200 163150
django.server INFO 2023-07-20 10:54:22,634 basehttp 27460 24072 "GET /static/css/table_wrap.css HTTP/1.1" 200 4392
django.server INFO 2023-07-20 10:54:22,638 basehttp 27460 24072 "GET /static/js/jquery-3.6.1.min.js HTTP/1.1" 200 89664
django.server INFO 2023-07-20 10:54:22,640 basehttp 27460 24072 "GET /static/js/sorting_table.js HTTP/1.1" 200 890
django.server INFO 2023-07-20 10:54:22,643 basehttp 27460 24072 "GET /static/js/js_utils/getCookie.js HTTP/1.1" 200 500
django.server INFO 2023-07-20 10:54:22,645 basehttp 27460 24072 "GET /static/js/editableTable.js HTTP/1.1" 200 638
django.server INFO 2023-07-20 10:54:22,649 basehttp 27460 24072 "GET /static/js/js_utils/dataTables.min.js HTTP/1.1" 200 102512
django.server INFO 2023-07-20 10:54:22,651 basehttp 27460 24072 "GET /static/js/js_utils/custom_option.js HTTP/1.1" 200 260
django.server INFO 2023-07-20 10:54:22,654 basehttp 27460 24072 "GET /static/js/loadModal.js HTTP/1.1" 200 348
django.server INFO 2023-07-20 10:54:22,657 basehttp 27460 24072 "GET /static/js/resizable.js HTTP/1.1" 200 1691
django.server INFO 2023-07-20 10:54:22,668 basehttp 27460 24072 "GET /static/images/brand/CO-ADD_Logo_White_NoBackground_CMYK.png HTTP/1.1" 200 2856
django.server INFO 2023-07-20 10:54:22,672 basehttp 27460 24072 "GET /static/images/app/avatar.png HTTP/1.1" 200 40220
django.server INFO 2023-07-20 10:54:22,717 basehttp 27460 24072 "GET /static/images/app/CO-ADD_favicon.png HTTP/1.1" 200 3544
django.server INFO 2023-07-20 10:54:30,646 basehttp 27460 24072 "POST /accounts/login/ HTTP/1.1" 302 0
django.server INFO 2023-07-20 10:54:30,808 basehttp 27460 24072 "GET /index/ HTTP/1.1" 200 19756
django.server INFO 2023-07-20 10:54:53,698 basehttp 27460 24072 "GET /dorganism/organism_card HTTP/1.1" 200 180692
django.server INFO 2023-07-20 10:54:53,720 basehttp 27460 24072 "GET /static/js/js_utils/saveData.js HTTP/1.1" 200 433
django.server INFO 2023-07-20 10:54:53,725 basehttp 27460 24072 "GET /static/js/filter_toggle.js HTTP/1.1" 200 167
django.server INFO 2023-07-20 10:54:56,500 basehttp 27460 24072 "GET /dorganism/organism_card?csrfmiddlewaretoken=padK6btj2GsjRXF2aTQuKrqlq0gTxln7CgZYAPcbNVKvLs13pX40giCZpKEy3jLx&applysingle=Apply&Search_all_fields=&reset=False&pivot=False&paginate_by=50&order_by=&substructure=&Class=GN&ID=&Name=&Strain=&Notes=&MTA= HTTP/1.1" 200 182712
django.server INFO 2023-07-20 10:54:57,577 basehttp 27460 24072 "GET /dorganism/organism/GN_0001 HTTP/1.1" 200 198373
django.server INFO 2023-07-20 10:54:57,624 basehttp 27460 24072 "GET /static/js/search_organism.js HTTP/1.1" 200 2426
django.server INFO 2023-07-20 10:54:57,674 basehttp 27460 19932 "GET /static/js/destroy_childtable.js HTTP/1.1" 200 201
django.server INFO 2023-07-20 10:54:57,674 basehttp 27460 17964 "GET /static/js/ajax_simpleupload.js HTTP/1.1" 200 1212
django.server INFO 2023-07-20 10:54:57,675 basehttp 27460 24072 "GET /static/js/create_childtable.js HTTP/1.1" 200 7056
django.server INFO 2023-07-20 10:54:57,675 basehttp 27460 25732 "GET /static/js/childtable.js HTTP/1.1" 200 779
django.server INFO 2023-07-20 10:55:06,703 basehttp 27460 24072 "POST /dorganism/organism/GN_0001 HTTP/1.1" 200 35525
django.server INFO 2023-07-20 10:55:33,383 basehttp 27460 25732 "GET /index/ HTTP/1.1" 200 19756
django.server INFO 2023-07-20 10:55:34,139 basehttp 27460 24072 "POST /dorganism/organism/GN_0001 HTTP/1.1" 200 35525
django.server INFO 2023-07-20 10:55:34,659 basehttp 27460 24072 "GET /dorganism/organism_card HTTP/1.1" 200 180692
django.server INFO 2023-07-20 10:55:41,246 basehttp 27460 24072 "GET /dorganism/organism_card?csrfmiddlewaretoken=XGWnwq6HXCmtBLqEXiXTY6lwXn6LPkgmaMIB04PzIREFvgMFcmbpuXxaW7uqliEM&applysingle=Apply&Search_all_fields=&reset=False&pivot=False&paginate_by=50&order_by=&substructure=&Class=GN&ID=&Name=&Strain=&Notes=&MTA= HTTP/1.1" 200 182712
django.server INFO 2023-07-20 10:55:43,552 basehttp 27460 24072 "GET /dorganism/organism_card?csrfmiddlewaretoken=f0KW4AhjsJVMWHCa2yD7TKYMjjiW99IMs6waye0bdYdYQcYbhCRDpBaqi3GBF76c&applysingle=Apply&Search_all_fields=554&reset=False&pivot=False&paginate_by=50&order_by=&substructure=&Class=GN&ID=&Name=&Strain=&Notes=&MTA= HTTP/1.1" 200 54349
django.server INFO 2023-07-20 10:55:45,677 basehttp 27460 24072 "GET /dorganism/organism/GN_0554 HTTP/1.1" 200 188100
django.server INFO 2023-07-20 10:55:49,291 basehttp 27460 24072 "POST /dorganism/organism/GN_0554 HTTP/1.1" 200 39576
django.server INFO 2023-07-20 10:56:13,570 basehttp 27460 24072 "POST /dorganism/organism/GN_0554 HTTP/1.1" 200 39576
django.server INFO 2023-07-20 11:06:29,464 basehttp 27460 9272 "GET /dorganism/organism/GN_0554 HTTP/1.1" 200 188100
django.server INFO 2023-07-20 11:11:30,244 basehttp 27460 27748 "GET /dorganism/organism/GN_0554 HTTP/1.1" 200 188100
django.server INFO 2023-07-20 11:16:31,093 basehttp 27460 21980 "GET /dorganism/organism/GN_0554 HTTP/1.1" 200 188100
django.server INFO 2023-07-20 11:21:31,881 basehttp 27460 2840 "GET /dorganism/organism/GN_0554 HTTP/1.1" 200 188100
django.server INFO 2023-07-20 11:26:32,619 basehttp 27460 16180 "GET /dorganism/organism/GN_0554 HTTP/1.1" 200 188100
django.server INFO 2023-07-20 11:31:33,660 basehttp 27460 25120 "GET /dorganism/organism/GN_0554 HTTP/1.1" 200 188100
django.server INFO 2023-07-20 11:36:34,726 basehttp 27460 22488 "GET /dorganism/organism/GN_0554 HTTP/1.1" 200 188100
django.server INFO 2023-07-20 11:41:35,761 basehttp 27460 25568 "GET /dorganism/organism/GN_0554 HTTP/1.1" 200 188100
django.server INFO 2023-07-20 11:46:36,692 basehttp 27460 24748 "GET /dorganism/organism/GN_0554 HTTP/1.1" 200 188100
django.server INFO 2023-07-20 11:51:37,651 basehttp 27460 30560 "GET /dorganism/organism/GN_0554 HTTP/1.1" 200 188100
django.server INFO 2023-07-20 11:56:38,726 basehttp 27460 20616 "GET /dorganism/organism/GN_0554 HTTP/1.1" 200 188100
django.server INFO 2023-07-20 12:01:42,299 basehttp 27460 29292 "POST /dorganism/organism/GN_0554 HTTP/1.1" 200 39576
django.server INFO 2023-07-20 12:02:17,029 basehttp 27460 29292 "GET /dorganism/organism/GN_0554 HTTP/1.1" 200 188100
django.utils.autoreload INFO 2023-07-20 12:04:22,086 autoreload 27460 22320 C:\Users\uqwzhon4\project\adjCOADD\adjcoadd\settings.py changed, reloading.
django.utils.autoreload INFO 2023-07-20 12:04:23,486 autoreload 13168 16584 Watching for file changes with StatReloader
django.utils.autoreload INFO 2023-07-20 12:26:59,357 autoreload 6760 16664 Watching for file changes with StatReloader
django.utils.autoreload INFO 2023-07-20 12:27:19,138 autoreload 17696 29488 Watching for file changes with StatReloader
django.server INFO 2023-07-20 12:27:25,636 basehttp 17696 11380 "GET /dorganism/organism/GN_0001 HTTP/1.1" 200 198373
django.server INFO 2023-07-20 12:27:27,646 basehttp 17696 11380 "GET /index/ HTTP/1.1" 200 19756
django.server INFO 2023-07-20 12:27:30,558 basehttp 17696 11380 "GET /accounts/logout/ HTTP/1.1" 302 0
django.server INFO 2023-07-20 12:27:30,597 basehttp 17696 11380 "GET / HTTP/1.1" 200 12547
