django.utils.autoreload INFO 2023-04-05 20:29:27,645 autoreload 20068 15848 Watching for file changes with StatReloader
django.server INFO 2023-04-05 20:30:18,649 basehttp 20068 1464 "GET /drug_card HTTP/1.1" 200 254121
django.server WARNING 2023-04-05 20:30:18,710 basehttp 20068 1464 "GET /static/images/AMD00002.svg HTTP/1.1" 404 1917
django.server WARNING 2023-04-05 20:30:18,757 basehttp 20068 3448 "GET /static/images/AMD00004.svg HTTP/1.1" 404 1917
django.server WARNING 2023-04-05 20:30:18,757 basehttp 20068 19048 "GET /static/images/AMD00003.svg HTTP/1.1" 404 1917
django.server WARNING 2023-04-05 20:30:18,758 basehttp 20068 24876 "GET /static/images/AMD00005.svg HTTP/1.1" 404 1917
django.server WARNING 2023-04-05 20:30:18,778 basehttp 20068 18024 "GET /static/images/AMD00006.svg HTTP/1.1" 404 1917
django.server WARNING 2023-04-05 20:30:18,780 basehttp 20068 16060 "GET /static/images/AMD00007.svg HTTP/1.1" 404 1917
django.server WARNING 2023-04-05 20:30:18,780 basehttp 20068 18708 "GET /static/images/AMD00008.svg HTTP/1.1" 404 1917
django.server WARNING 2023-04-05 20:30:18,804 basehttp 20068 18616 "GET /static/images/AMD00010.svg HTTP/1.1" 404 1917
django.server WARNING 2023-04-05 20:30:18,806 basehttp 20068 14948 "GET /static/images/AMD00011.svg HTTP/1.1" 404 1917
django.server WARNING 2023-04-05 20:30:18,806 basehttp 20068 11644 "GET /static/images/AMD00009.svg HTTP/1.1" 404 1917
django.server WARNING 2023-04-05 20:30:18,829 basehttp 20068 15928 "GET /static/images/AMD00013.svg HTTP/1.1" 404 1917
django.server WARNING 2023-04-05 20:30:18,830 basehttp 20068 25248 "GET /static/images/AMD00014.svg HTTP/1.1" 404 1917
django.server WARNING 2023-04-05 20:30:18,830 basehttp 20068 24012 "GET /static/images/AMD00012.svg HTTP/1.1" 404 1917
django.server WARNING 2023-04-05 20:30:18,860 basehttp 20068 10296 "GET /static/images/AMD00015.svg HTTP/1.1" 404 1917
django.server WARNING 2023-04-05 20:30:18,861 basehttp 20068 22412 "GET /static/images/AMD00016.svg HTTP/1.1" 404 1917
django.server WARNING 2023-04-05 20:30:18,863 basehttp 20068 6716 "GET /static/images/AMD00017.svg HTTP/1.1" 404 1917
django.server WARNING 2023-04-05 20:30:18,890 basehttp 20068 3384 "GET /static/images/AMD00018.svg HTTP/1.1" 404 1917
django.server WARNING 2023-04-05 20:30:18,890 basehttp 20068 4496 "GET /static/images/AMD00019.svg HTTP/1.1" 404 1917
django.server WARNING 2023-04-05 20:30:18,892 basehttp 20068 27832 "GET /static/images/AMD00020.svg HTTP/1.1" 404 1917
django.server WARNING 2023-04-05 20:30:18,916 basehttp 20068 15220 "GET /static/images/AMD00021.svg HTTP/1.1" 404 1917
django.server WARNING 2023-04-05 20:30:18,916 basehttp 20068 22024 "GET /static/images/AMD00022.svg HTTP/1.1" 404 1917
django.server WARNING 2023-04-05 20:30:18,918 basehttp 20068 800 "GET /static/images/AMD00023.svg HTTP/1.1" 404 1917
django.server WARNING 2023-04-05 20:30:18,948 basehttp 20068 14460 "GET /static/images/AMD00024.svg HTTP/1.1" 404 1917
django.server WARNING 2023-04-05 20:30:18,948 basehttp 20068 24852 "GET /static/images/AMD00026.svg HTTP/1.1" 404 1917
django.server WARNING 2023-04-05 20:30:18,948 basehttp 20068 11908 "GET /static/images/AMD00025.svg HTTP/1.1" 404 1917
django.server WARNING 2023-04-05 20:30:18,981 basehttp 20068 18624 "GET /static/images/AMD00027.svg HTTP/1.1" 404 1917
django.server WARNING 2023-04-05 20:30:18,981 basehttp 20068 28744 "GET /static/images/AMD00029.svg HTTP/1.1" 404 1917
django.server WARNING 2023-04-05 20:30:18,983 basehttp 20068 9444 "GET /static/images/AMD00028.svg HTTP/1.1" 404 1917
django.server WARNING 2023-04-05 20:30:18,999 basehttp 20068 16652 "GET /static/images/AMD00030.svg HTTP/1.1" 404 1917
django.server WARNING 2023-04-05 20:30:19,001 basehttp 20068 12064 "GET /static/images/AMD00031.svg HTTP/1.1" 404 1917
django.server WARNING 2023-04-05 20:30:19,002 basehttp 20068 9488 "GET /static/images/AMD00032.svg HTTP/1.1" 404 1917
django.server WARNING 2023-04-05 20:30:19,006 basehttp 20068 19168 "GET /static/images/AMD00033.svg HTTP/1.1" 404 1917
django.server WARNING 2023-04-05 20:30:19,031 basehttp 20068 15812 "GET /static/images/AMD00034.svg HTTP/1.1" 404 1917
django.server WARNING 2023-04-05 20:30:19,031 basehttp 20068 13764 "GET /static/images/AMD00035.svg HTTP/1.1" 404 1917
django.server WARNING 2023-04-05 20:30:19,033 basehttp 20068 5848 "GET /static/images/AMD00036.svg HTTP/1.1" 404 1917
django.server WARNING 2023-04-05 20:30:19,055 basehttp 20068 23308 "GET /static/images/AMD00038.svg HTTP/1.1" 404 1917
django.server WARNING 2023-04-05 20:30:19,055 basehttp 20068 12456 "GET /static/images/AMD00037.svg HTTP/1.1" 404 1917
django.server WARNING 2023-04-05 20:30:19,057 basehttp 20068 25716 "GET /static/images/AMD00039.svg HTTP/1.1" 404 1917
django.server WARNING 2023-04-05 20:30:19,070 basehttp 20068 26012 "GET /static/images/AMD00040.svg HTTP/1.1" 404 1917
django.server WARNING 2023-04-05 20:30:19,070 basehttp 20068 28456 "GET /static/images/AMD00041.svg HTTP/1.1" 404 1917
django.server WARNING 2023-04-05 20:30:19,070 basehttp 20068 22440 "GET /static/images/AMD00042.svg HTTP/1.1" 404 1917
django.server WARNING 2023-04-05 20:30:19,085 basehttp 20068 29572 "GET /static/images/AMD00045.svg HTTP/1.1" 404 1917
django.server WARNING 2023-04-05 20:30:19,085 basehttp 20068 8824 "GET /static/images/AMD00044.svg HTTP/1.1" 404 1917
django.server WARNING 2023-04-05 20:30:19,086 basehttp 20068 29224 "GET /static/images/AMD00043.svg HTTP/1.1" 404 1917
django.server WARNING 2023-04-05 20:30:19,098 basehttp 20068 28904 "GET /static/images/AMD00046.svg HTTP/1.1" 404 1917
django.server WARNING 2023-04-05 20:30:19,099 basehttp 20068 17848 "GET /static/images/AMD00047.svg HTTP/1.1" 404 1917
django.server WARNING 2023-04-05 20:30:19,101 basehttp 20068 29448 "GET /static/images/AMD00048.svg HTTP/1.1" 404 1917
django.server WARNING 2023-04-05 20:30:19,109 basehttp 20068 3756 "GET /static/images/AMD00049.svg HTTP/1.1" 404 1917
django.server WARNING 2023-04-05 20:30:19,112 basehttp 20068 26092 "GET /static/images/AMD00050.svg HTTP/1.1" 404 1917
django.server WARNING 2023-04-05 20:30:19,113 basehttp 20068 19392 "GET /static/images/AMD00051.svg HTTP/1.1" 404 1917
django.server INFO 2023-04-05 20:30:53,301 basehttp 20068 19068 - Broken pipe from ('127.0.0.1', 60108)
django.request WARNING 2023-04-05 20:30:53,453 log 20068 15904 The request's session was deleted before the request completed. The user may have logged out in a concurrent request, for example.: /drug_card
Traceback (most recent call last):
  File "C:\Users\uqwzhon4\Anaconda3\envs\orgdb_env\Lib\site-packages\django\db\backends\utils.py", line 89, in _execute
    return self.cursor.execute(sql, params)
           ^^^^^^^^^^^^^^^^^^^^^^^^^^^^^^^^
psycopg2.errors.SerializationFailure: could not serialize access due to concurrent update


The above exception was the direct cause of the following exception:

Traceback (most recent call last):
  File "C:\Users\uqwzhon4\Anaconda3\envs\orgdb_env\Lib\site-packages\django\contrib\sessions\backends\db.py", line 86, in save
    obj.save(
  File "C:\Users\uqwzhon4\Anaconda3\envs\orgdb_env\Lib\site-packages\django\db\models\base.py", line 812, in save
    self.save_base(
  File "C:\Users\uqwzhon4\Anaconda3\envs\orgdb_env\Lib\site-packages\django\db\models\base.py", line 863, in save_base
    updated = self._save_table(
              ^^^^^^^^^^^^^^^^^
  File "C:\Users\uqwzhon4\Anaconda3\envs\orgdb_env\Lib\site-packages\django\db\models\base.py", line 976, in _save_table
    updated = self._do_update(
              ^^^^^^^^^^^^^^^^
  File "C:\Users\uqwzhon4\Anaconda3\envs\orgdb_env\Lib\site-packages\django\db\models\base.py", line 1040, in _do_update
    return filtered._update(values) > 0
           ^^^^^^^^^^^^^^^^^^^^^^^^
  File "C:\Users\uqwzhon4\Anaconda3\envs\orgdb_env\Lib\site-packages\django\db\models\query.py", line 1216, in _update
    return query.get_compiler(self.db).execute_sql(CURSOR)
           ^^^^^^^^^^^^^^^^^^^^^^^^^^^^^^^^^^^^^^^^^^^^^^^
  File "C:\Users\uqwzhon4\Anaconda3\envs\orgdb_env\Lib\site-packages\django\db\models\sql\compiler.py", line 1822, in execute_sql
    cursor = super().execute_sql(result_type)
             ^^^^^^^^^^^^^^^^^^^^^^^^^^^^^^^^
  File "C:\Users\uqwzhon4\Anaconda3\envs\orgdb_env\Lib\site-packages\django\db\models\sql\compiler.py", line 1398, in execute_sql
    cursor.execute(sql, params)
  File "C:\Users\uqwzhon4\Anaconda3\envs\orgdb_env\Lib\site-packages\django\db\backends\utils.py", line 103, in execute
    return super().execute(sql, params)
           ^^^^^^^^^^^^^^^^^^^^^^^^^^^^
  File "C:\Users\uqwzhon4\Anaconda3\envs\orgdb_env\Lib\site-packages\django\db\backends\utils.py", line 67, in execute
    return self._execute_with_wrappers(
           ^^^^^^^^^^^^^^^^^^^^^^^^^^^^
  File "C:\Users\uqwzhon4\Anaconda3\envs\orgdb_env\Lib\site-packages\django\db\backends\utils.py", line 80, in _execute_with_wrappers
    return executor(sql, params, many, context)
           ^^^^^^^^^^^^^^^^^^^^^^^^^^^^^^^^^^^^
  File "C:\Users\uqwzhon4\Anaconda3\envs\orgdb_env\Lib\site-packages\django\db\backends\utils.py", line 84, in _execute
    with self.db.wrap_database_errors:
  File "C:\Users\uqwzhon4\Anaconda3\envs\orgdb_env\Lib\site-packages\django\db\utils.py", line 91, in __exit__
    raise dj_exc_value.with_traceback(traceback) from exc_value
  File "C:\Users\uqwzhon4\Anaconda3\envs\orgdb_env\Lib\site-packages\django\db\backends\utils.py", line 89, in _execute
    return self.cursor.execute(sql, params)
           ^^^^^^^^^^^^^^^^^^^^^^^^^^^^^^^^
django.db.utils.OperationalError: could not serialize access due to concurrent update


During handling of the above exception, another exception occurred:

Traceback (most recent call last):
  File "C:\Users\uqwzhon4\Anaconda3\envs\orgdb_env\Lib\site-packages\django\contrib\sessions\middleware.py", line 59, in process_response
    request.session.save()
  File "C:\Users\uqwzhon4\Anaconda3\envs\orgdb_env\Lib\site-packages\django\contrib\sessions\backends\db.py", line 95, in save
    raise UpdateError
django.contrib.sessions.backends.base.UpdateError

During handling of the above exception, another exception occurred:

Traceback (most recent call last):
  File "C:\Users\uqwzhon4\Anaconda3\envs\orgdb_env\Lib\site-packages\django\core\handlers\exception.py", line 55, in inner
    response = get_response(request)
               ^^^^^^^^^^^^^^^^^^^^^
  File "C:\Users\uqwzhon4\Anaconda3\envs\orgdb_env\Lib\site-packages\django\utils\deprecation.py", line 138, in __call__
    response = self.process_response(request, response)
               ^^^^^^^^^^^^^^^^^^^^^^^^^^^^^^^^^^^^^^^^
  File "C:\Users\uqwzhon4\Anaconda3\envs\orgdb_env\Lib\site-packages\django\contrib\sessions\middleware.py", line 61, in process_response
    raise SessionInterrupted(
django.contrib.sessions.exceptions.SessionInterrupted: The request's session was deleted before the request completed. The user may have logged out in a concurrent request, for example.
django.server WARNING 2023-04-05 20:30:53,456 basehttp 20068 15904 "GET /drug_card?page=3& HTTP/1.1" 400 166011
django.server INFO 2023-04-05 20:31:04,302 basehttp 20068 29628 "GET /drug_list HTTP/1.1" 200 61081
django.server INFO 2023-04-05 20:31:04,319 basehttp 20068 12812 "GET /static/js/editableTable.js HTTP/1.1" 304 0
django.server INFO 2023-04-05 20:31:04,499 basehttp 20068 29628 "GET /static/css/custom.css HTTP/1.1" 200 17771
django.server INFO 2023-04-05 20:31:04,503 basehttp 20068 10584 "GET /static/js/resizable.js HTTP/1.1" 200 1691
django.server INFO 2023-04-05 20:31:14,355 basehttp 20068 10584 "GET /organism_card HTTP/1.1" 200 159638
django.server INFO 2023-04-05 20:31:14,371 basehttp 20068 10584 "GET /static/js/resizable.js HTTP/1.1" 304 0
django.server INFO 2023-04-05 20:31:19,366 basehttp 20068 10584 "GET /organism_list HTTP/1.1" 200 98834
django.server INFO 2023-04-05 20:31:19,382 basehttp 20068 10584 "GET /static/js/resizable.js HTTP/1.1" 304 0
django.server INFO 2023-04-05 20:31:48,513 basehttp 20068 10584 "GET /taxonomy_card HTTP/1.1" 200 259115
django.server INFO 2023-04-05 20:31:48,530 basehttp 20068 10584 "GET /static/js/resizable.js HTTP/1.1" 304 0
django.server INFO 2023-04-05 20:31:53,435 basehttp 20068 10584 "GET /taxonomy_list HTTP/1.1" 200 178604
django.utils.autoreload INFO 2023-04-06 09:16:01,151 autoreload 12960 23772 Watching for file changes with StatReloader
django.server INFO 2023-04-06 09:16:03,541 basehttp 12960 20108 "GET / HTTP/1.1" 200 9076
django.server INFO 2023-04-06 09:16:03,659 basehttp 12960 20108 "GET /static/css/overideboot.css HTTP/1.1" 304 0
django.server INFO 2023-04-06 09:16:03,661 basehttp 12960 2856 "GET /static/css/main.6a646761.css HTTP/1.1" 304 0
django.server INFO 2023-04-06 09:16:03,668 basehttp 12960 19712 "GET /static/css/custom.css HTTP/1.1" 304 0
django.server INFO 2023-04-06 09:16:03,668 basehttp 12960 2160 "GET /static/js/jquery-3.6.1.min.js HTTP/1.1" 304 0
django.server INFO 2023-04-06 09:16:03,670 basehttp 12960 10340 "GET /static/css/steps/jquery.steps.css HTTP/1.1" 304 0
django.server INFO 2023-04-06 09:16:03,670 basehttp 12960 27576 "GET /static/js/editableTable.js HTTP/1.1" 304 0
django.server INFO 2023-04-06 09:16:03,671 basehttp 12960 20108 "GET /static/js/sorting_table.js HTTP/1.1" 304 0
django.server INFO 2023-04-06 09:16:03,673 basehttp 12960 2856 "GET /static/js/js_utils/getCookie.js HTTP/1.1" 304 0
django.server INFO 2023-04-06 09:16:03,677 basehttp 12960 19712 "GET /static/js/js_utils/dataTables.js HTTP/1.1" 304 0
django.server INFO 2023-04-06 09:16:03,677 basehttp 12960 2160 "GET /static/js/js_utils/custom_option.js HTTP/1.1" 304 0
django.server INFO 2023-04-06 09:16:03,678 basehttp 12960 27576 "GET /static/js/resizable.js HTTP/1.1" 304 0
django.server INFO 2023-04-06 09:16:03,678 basehttp 12960 10340 "GET /static/js/create_modal.js HTTP/1.1" 304 0
django.server INFO 2023-04-06 09:16:03,712 basehttp 12960 27576 "GET /static/images/brand/CO-ADD_Logo_White_NoBackground_CMYK.png HTTP/1.1" 304 0
django.server INFO 2023-04-06 09:16:05,783 basehttp 12960 27576 "POST /accounts/login/ HTTP/1.1" 302 0
django.server INFO 2023-04-06 09:16:05,899 basehttp 12960 27576 "GET /index/ HTTP/1.1" 200 14799
django.server INFO 2023-04-06 09:16:05,912 basehttp 12960 27576 "GET /static/images/app/avatar.png HTTP/1.1" 304 0
django.server INFO 2023-04-06 09:16:22,782 basehttp 12960 27576 "GET /organism_card HTTP/1.1" 200 159638
django.server INFO 2023-04-06 09:16:22,799 basehttp 12960 27576 "GET /static/js/js_utils/saveData.js HTTP/1.1" 304 0
django.server INFO 2023-04-06 09:16:22,871 basehttp 12960 10340 "GET /static/js/resizebar.js HTTP/1.1" 200 237
django.server INFO 2023-04-06 09:16:24,334 basehttp 12960 10340 "GET /organism/FG_0001 HTTP/1.1" 200 84334
django.server INFO 2023-04-06 09:16:24,351 basehttp 12960 10340 "GET /static/js/search_organism.js HTTP/1.1" 304 0
django.server INFO 2023-04-06 09:16:24,360 basehttp 12960 10340 "GET /static/js/editablerow_stock.js HTTP/1.1" 304 0
django.server INFO 2023-04-06 09:22:03,464 basehttp 12960 10396 "GET /dict/ HTTP/1.1" 200 133061
django.server INFO 2023-04-06 09:22:03,479 basehttp 12960 10396 "GET /static/js/resizebar.js HTTP/1.1" 304 0
django.server INFO 2023-04-06 09:22:03,481 basehttp 12960 12640 "GET /static/js/editablerow.js HTTP/1.1" 200 1832
django.server INFO 2023-04-06 09:22:15,910 basehttp 12960 12640 "POST /dict_update/ HTTP/1.1" 200 19
django.server INFO 2023-04-06 09:22:43,108 basehttp 12960 12640 "GET /dict_create/ HTTP/1.1" 200 2237
django.server INFO 2023-04-06 09:22:51,733 basehttp 12960 12640 "GET /user_list/ HTTP/1.1" 200 105586
django.server INFO 2023-04-06 09:22:52,929 basehttp 12960 12640 "GET /user_create/ HTTP/1.1" 200 3273
django.server INFO 2023-04-06 09:23:03,191 basehttp 12960 12640 "GET /organism_card HTTP/1.1" 200 159638
django.server INFO 2023-04-06 09:23:08,312 basehttp 12960 12640 "GET /organism/FG_0001 HTTP/1.1" 200 84334
django.server INFO 2023-04-06 09:23:38,791 basehttp 12960 12640 "GET /dict/ HTTP/1.1" 200 133061
django.server INFO 2023-04-06 09:23:38,807 basehttp 12960 12640 "GET /static/js/resizebar.js HTTP/1.1" 304 0
django.server INFO 2023-04-06 09:23:54,383 basehttp 12960 12640 "GET /dict/?Search_all_fields=&paginate_by=50&order_by=&substructure=&dict_class=Organisation_Type&dict_value= HTTP/1.1" 200 31917
django.server INFO 2023-04-06 09:24:51,052 basehttp 12960 12640 "GET /organism_card HTTP/1.1" 200 159638
django.server INFO 2023-04-06 09:25:02,061 basehttp 12960 12640 "GET /organism_card?Search_all_fields=coli&paginate_by=50&order_by=&substructure=&Class=&ID=&Name=&Strain=&Notes=&MTA= HTTP/1.1" 200 160818
django.server INFO 2023-04-06 09:25:24,601 basehttp 12960 12640 "GET /organism_card?Search_all_fields=coli&paginate_by=50&order_by=&substructure=&Class=&ID=&Name=coli&Strain=&Notes=&MTA= HTTP/1.1" 200 160972
django.server INFO 2023-04-06 09:25:24,619 basehttp 12960 12640 "GET /static/js/resizebar.js HTTP/1.1" 304 0
django.server INFO 2023-04-06 09:25:54,744 basehttp 12960 12640 "GET /vitekcard_list HTTP/1.1" 200 129963
django.server INFO 2023-04-06 09:25:54,780 basehttp 12960 12640 "GET /static/js/vitek_datamap.js HTTP/1.1" 200 2602
django.server INFO 2023-04-06 09:25:57,636 basehttp 12960 12640 "GET /import-VITEK/ HTTP/1.1" 200 15246
django.server INFO 2023-04-06 09:25:57,660 basehttp 12960 12640 "GET /static/js/importhandler.js HTTP/1.1" 200 8358
django.server INFO 2023-04-06 09:25:57,670 basehttp 12960 12640 "GET /static/js/formWizard/jquery.steps.min.js HTTP/1.1" 200 13857
django.server INFO 2023-04-06 09:32:40,481 basehttp 12960 6728 "GET /import-VITEK/ HTTP/1.1" 200 15246
django.server INFO 2023-04-06 09:32:40,531 basehttp 12960 6728 "GET /static/images/app/CO-ADD_favicon.png HTTP/1.1" 304 0
django.server INFO 2023-04-06 09:34:40,457 basehttp 12960 6728 "GET /organism_card HTTP/1.1" 200 159638
django.server INFO 2023-04-06 09:34:40,473 basehttp 12960 6728 "GET /static/js/resizebar.js HTTP/1.1" 304 0
django.server INFO 2023-04-06 09:34:41,594 basehttp 12960 6728 "GET /organism/FG_0001 HTTP/1.1" 200 84334
django.server INFO 2023-04-06 09:34:56,157 basehttp 12960 6728 "GET /stocklist/FG_0001_01?Batch_id=FG_0001_01&_=1680737681610 HTTP/1.1" 200 1518
django.server INFO 2023-04-06 09:39:57,799 basehttp 12960 14220 "GET /organism/FG_0001 HTTP/1.1" 200 84334
django.server INFO 2023-04-06 09:40:57,357 basehttp 12960 14220 "GET /organism/FG_0001 HTTP/1.1" 200 84334
django.server INFO 2023-04-06 09:40:59,499 basehttp 12960 14220 "GET /stocklist/FG_0001_01?Batch_id=FG_0001_01&_=1680738057382 HTTP/1.1" 200 1518
django.server INFO 2023-04-06 09:41:14,971 basehttp 12960 22424 "GET /organism/FG_0001 HTTP/1.1" 302 0
django.server INFO 2023-04-06 09:41:14,977 basehttp 12960 22424 "GET /accounts/login/?next=/organism/FG_0001 HTTP/1.1" 200 9076
django.server INFO 2023-04-06 09:41:14,997 basehttp 12960 22424 "GET /static/css/overideboot.css HTTP/1.1" 200 6159
django.server INFO 2023-04-06 09:41:14,997 basehttp 12960 27036 "GET /static/css/custom.css HTTP/1.1" 200 17771
django.server INFO 2023-04-06 09:41:15,010 basehttp 12960 25700 "GET /static/css/steps/jquery.steps.css HTTP/1.1" 200 5527
django.server INFO 2023-04-06 09:41:15,010 basehttp 12960 12596 "GET /static/js/sorting_table.js HTTP/1.1" 200 877
django.server INFO 2023-04-06 09:41:15,011 basehttp 12960 5260 "GET /static/css/main.6a646761.css HTTP/1.1" 200 163150
django.server INFO 2023-04-06 09:41:15,012 basehttp 12960 18812 "GET /static/js/jquery-3.6.1.min.js HTTP/1.1" 200 89664
django.server INFO 2023-04-06 09:41:15,191 basehttp 12960 22424 "GET /static/js/js_utils/getCookie.js HTTP/1.1" 200 500
django.server INFO 2023-04-06 09:41:15,191 basehttp 12960 27036 "GET /static/js/editableTable.js HTTP/1.1" 200 638
django.server INFO 2023-04-06 09:41:15,198 basehttp 12960 25700 "GET /static/js/js_utils/custom_option.js HTTP/1.1" 200 260
django.server INFO 2023-04-06 09:41:15,202 basehttp 12960 5260 "GET /static/js/create_modal.js HTTP/1.1" 200 372
django.server INFO 2023-04-06 09:41:15,203 basehttp 12960 18812 "GET /static/js/resizable.js HTTP/1.1" 200 1691
django.server INFO 2023-04-06 09:41:15,208 basehttp 12960 12596 "GET /static/js/js_utils/dataTables.js HTTP/1.1" 200 601812
django.server INFO 2023-04-06 09:41:15,315 basehttp 12960 12596 "GET /static/images/brand/CO-ADD_Logo_White_NoBackground_CMYK.png HTTP/1.1" 200 2856
django.server INFO 2023-04-06 09:41:15,988 basehttp 12960 12596 "GET /static/images/app/CO-ADD_favicon.png HTTP/1.1" 200 3544
django.server INFO 2023-04-06 09:41:19,112 basehttp 12960 12596 "POST /accounts/login/ HTTP/1.1" 302 0
django.server INFO 2023-04-06 09:41:19,211 basehttp 12960 12596 "GET /index/ HTTP/1.1" 200 14799
django.server INFO 2023-04-06 09:41:19,244 basehttp 12960 12596 "GET /static/images/app/avatar.png HTTP/1.1" 200 40220
django.server INFO 2023-04-06 09:41:21,504 basehttp 12960 12596 "GET /organism_card HTTP/1.1" 200 159638
django.server INFO 2023-04-06 09:41:21,542 basehttp 12960 12596 "GET /static/js/js_utils/saveData.js HTTP/1.1" 200 433
django.server INFO 2023-04-06 09:41:21,544 basehttp 12960 18812 "GET /static/js/resizebar.js HTTP/1.1" 200 237
django.server INFO 2023-04-06 09:41:23,150 basehttp 12960 18812 "GET /organism/FG_0001 HTTP/1.1" 200 84334
django.server INFO 2023-04-06 09:41:23,174 basehttp 12960 18812 "GET /static/js/search_organism.js HTTP/1.1" 200 2101
django.server INFO 2023-04-06 09:41:23,182 basehttp 12960 18812 "GET /static/js/editablerow_stock.js HTTP/1.1" 200 2152
django.server INFO 2023-04-06 09:41:24,871 basehttp 12960 18812 "GET /stocklist/FG_0001_01?Batch_id=FG_0001_01&_=1680738083171 HTTP/1.1" 200 1518
django.server INFO 2023-04-06 09:44:52,826 basehttp 12960 18812 "GET /organism/deleteStock/3482 HTTP/1.1" 200 1087
django.server INFO 2023-04-06 09:46:43,491 basehttp 12960 18812 "GET /updateCulture/1 HTTP/1.1" 200 8664
django.server INFO 2023-04-06 09:47:06,082 basehttp 12960 18812 "GET /organism/FG_0001 HTTP/1.1" 200 84334
django.server INFO 2023-04-06 09:47:06,094 basehttp 12960 18812 "GET /static/js/editablerow_stock.js HTTP/1.1" 304 0
django.server INFO 2023-04-06 09:48:49,495 basehttp 12960 18812 "GET /stocklist/FG_0001_01?Batch_id=FG_0001_01&_=1680738426096 HTTP/1.1" 200 1518
django.server INFO 2023-04-06 09:56:26,150 basehttp 12960 11388 "GET /updateCulture/1 HTTP/1.1" 200 8664
django.server INFO 2023-04-06 09:56:35,254 basehttp 12960 11388 "GET /organism/FG_0001 HTTP/1.1" 200 84334
django.server INFO 2023-04-06 09:56:35,267 basehttp 12960 11388 "GET /static/js/editablerow_stock.js HTTP/1.1" 304 0
django.server INFO 2023-04-06 09:56:46,814 basehttp 12960 11388 "GET /organism/FG_0001 HTTP/1.1" 200 84334
django.server INFO 2023-04-06 10:01:11,938 basehttp 12960 11388 "GET /organism/FG_0001 HTTP/1.1" 200 84334
django.server INFO 2023-04-06 10:01:11,956 basehttp 12960 11388 "GET /static/js/editablerow_stock.js HTTP/1.1" 304 0
django.server INFO 2023-04-06 10:01:16,846 basehttp 12960 11388 "GET /updateCulture/1 HTTP/1.1" 200 8664
django.server INFO 2023-04-06 10:01:20,325 basehttp 12960 11388 "GET /organism/FG_0001 HTTP/1.1" 200 84334
django.utils.autoreload INFO 2023-04-06 10:15:22,111 autoreload 27576 22808 Watching for file changes with StatReloader
django.server INFO 2023-04-06 10:15:30,753 basehttp 27576 13440 "GET / HTTP/1.1" 200 9076
django.server INFO 2023-04-06 10:15:32,776 basehttp 27576 13440 "POST /accounts/login/ HTTP/1.1" 302 0
django.server INFO 2023-04-06 10:15:33,021 basehttp 27576 13440 "GET /index/ HTTP/1.1" 200 14792
django.server INFO 2023-04-06 10:15:35,223 basehttp 27576 13440 "GET /organism_card HTTP/1.1" 200 45439
django.server INFO 2023-04-06 10:15:35,256 basehttp 27576 13440 "GET /static/js/resizebar.js HTTP/1.1" 304 0
django.request ERROR 2023-04-06 10:15:37,429 log 27576 13440 Internal Server Error: /organism/GN_0001
Traceback (most recent call last):
  File "C:\Users\uqwzhon4\Anaconda3\envs\orgdb_env\Lib\site-packages\django\db\backends\utils.py", line 89, in _execute
    return self.cursor.execute(sql, params)
           ^^^^^^^^^^^^^^^^^^^^^^^^^^^^^^^^
psycopg2.errors.UndefinedColumn: column organism_culture.media does not exist
LINE 1: ...lture_type", "organism_culture"."culture_source", "organism_...
                                                             ^


The above exception was the direct cause of the following exception:

Traceback (most recent call last):
  File "C:\Users\uqwzhon4\Anaconda3\envs\orgdb_env\Lib\site-packages\django\core\handlers\exception.py", line 55, in inner
    response = get_response(request)
               ^^^^^^^^^^^^^^^^^^^^^
  File "C:\Users\uqwzhon4\Anaconda3\envs\orgdb_env\Lib\site-packages\django\core\handlers\base.py", line 197, in _get_response
    response = wrapped_callback(request, *callback_args, **callback_kwargs)
               ^^^^^^^^^^^^^^^^^^^^^^^^^^^^^^^^^^^^^^^^^^^^^^^^^^^^^^^^^^^^
  File "C:\Users\uqwzhon4\Anaconda3\envs\orgdb_env\Lib\site-packages\django\contrib\auth\decorators.py", line 23, in _wrapped_view
    return view_func(request, *args, **kwargs)
           ^^^^^^^^^^^^^^^^^^^^^^^^^^^^^^^^^^^
  File "C:\Users\uqwzhon4\project\adjCOADD\dorganism\views.py", line 175, in detailOrganism
    return render(req, "dorganism/organism/organism_detail.html", context)
           ^^^^^^^^^^^^^^^^^^^^^^^^^^^^^^^^^^^^^^^^^^^^^^^^^^^^^^^^^^^^^^^
  File "C:\Users\uqwzhon4\Anaconda3\envs\orgdb_env\Lib\site-packages\django\shortcuts.py", line 24, in render
    content = loader.render_to_string(template_name, context, request, using=using)
              ^^^^^^^^^^^^^^^^^^^^^^^^^^^^^^^^^^^^^^^^^^^^^^^^^^^^^^^^^^^^^^^^^^^^^
  File "C:\Users\uqwzhon4\Anaconda3\envs\orgdb_env\Lib\site-packages\django\template\loader.py", line 62, in render_to_string
    return template.render(context, request)
           ^^^^^^^^^^^^^^^^^^^^^^^^^^^^^^^^^
  File "C:\Users\uqwzhon4\Anaconda3\envs\orgdb_env\Lib\site-packages\django\template\backends\django.py", line 62, in render
    return self.template.render(context)
           ^^^^^^^^^^^^^^^^^^^^^^^^^^^^^
  File "C:\Users\uqwzhon4\Anaconda3\envs\orgdb_env\Lib\site-packages\django\template\base.py", line 175, in render
    return self._render(context)
           ^^^^^^^^^^^^^^^^^^^^^
  File "C:\Users\uqwzhon4\Anaconda3\envs\orgdb_env\Lib\site-packages\django\template\base.py", line 167, in _render
    return self.nodelist.render(context)
           ^^^^^^^^^^^^^^^^^^^^^^^^^^^^^
  File "C:\Users\uqwzhon4\Anaconda3\envs\orgdb_env\Lib\site-packages\django\template\base.py", line 1005, in render
    return SafeString("".join([node.render_annotated(context) for node in self]))
                              ^^^^^^^^^^^^^^^^^^^^^^^^^^^^^^^^^^^^^^^^^^^^^^^^^
  File "C:\Users\uqwzhon4\Anaconda3\envs\orgdb_env\Lib\site-packages\django\template\base.py", line 1005, in <listcomp>
    return SafeString("".join([node.render_annotated(context) for node in self]))
                               ^^^^^^^^^^^^^^^^^^^^^^^^^^^^^^
  File "C:\Users\uqwzhon4\Anaconda3\envs\orgdb_env\Lib\site-packages\django\template\base.py", line 966, in render_annotated
    return self.render(context)
           ^^^^^^^^^^^^^^^^^^^^
  File "C:\Users\uqwzhon4\Anaconda3\envs\orgdb_env\Lib\site-packages\django\template\loader_tags.py", line 157, in render
    return compiled_parent._render(context)
           ^^^^^^^^^^^^^^^^^^^^^^^^^^^^^^^^
  File "C:\Users\uqwzhon4\Anaconda3\envs\orgdb_env\Lib\site-packages\django\template\base.py", line 167, in _render
    return self.nodelist.render(context)
           ^^^^^^^^^^^^^^^^^^^^^^^^^^^^^
  File "C:\Users\uqwzhon4\Anaconda3\envs\orgdb_env\Lib\site-packages\django\template\base.py", line 1005, in render
    return SafeString("".join([node.render_annotated(context) for node in self]))
                              ^^^^^^^^^^^^^^^^^^^^^^^^^^^^^^^^^^^^^^^^^^^^^^^^^
  File "C:\Users\uqwzhon4\Anaconda3\envs\orgdb_env\Lib\site-packages\django\template\base.py", line 1005, in <listcomp>
    return SafeString("".join([node.render_annotated(context) for node in self]))
                               ^^^^^^^^^^^^^^^^^^^^^^^^^^^^^^
  File "C:\Users\uqwzhon4\Anaconda3\envs\orgdb_env\Lib\site-packages\django\template\base.py", line 966, in render_annotated
    return self.render(context)
           ^^^^^^^^^^^^^^^^^^^^
  File "C:\Users\uqwzhon4\Anaconda3\envs\orgdb_env\Lib\site-packages\django\template\loader_tags.py", line 63, in render
    result = block.nodelist.render(context)
             ^^^^^^^^^^^^^^^^^^^^^^^^^^^^^^
  File "C:\Users\uqwzhon4\Anaconda3\envs\orgdb_env\Lib\site-packages\django\template\base.py", line 1005, in render
    return SafeString("".join([node.render_annotated(context) for node in self]))
                              ^^^^^^^^^^^^^^^^^^^^^^^^^^^^^^^^^^^^^^^^^^^^^^^^^
  File "C:\Users\uqwzhon4\Anaconda3\envs\orgdb_env\Lib\site-packages\django\template\base.py", line 1005, in <listcomp>
    return SafeString("".join([node.render_annotated(context) for node in self]))
                               ^^^^^^^^^^^^^^^^^^^^^^^^^^^^^^
  File "C:\Users\uqwzhon4\Anaconda3\envs\orgdb_env\Lib\site-packages\django\template\base.py", line 966, in render_annotated
    return self.render(context)
           ^^^^^^^^^^^^^^^^^^^^
  File "C:\Users\uqwzhon4\Anaconda3\envs\orgdb_env\Lib\site-packages\django\template\loader_tags.py", line 208, in render
    return template.render(context)
           ^^^^^^^^^^^^^^^^^^^^^^^^
  File "C:\Users\uqwzhon4\Anaconda3\envs\orgdb_env\Lib\site-packages\django\template\base.py", line 177, in render
    return self._render(context)
           ^^^^^^^^^^^^^^^^^^^^^
  File "C:\Users\uqwzhon4\Anaconda3\envs\orgdb_env\Lib\site-packages\django\template\base.py", line 167, in _render
    return self.nodelist.render(context)
           ^^^^^^^^^^^^^^^^^^^^^^^^^^^^^
  File "C:\Users\uqwzhon4\Anaconda3\envs\orgdb_env\Lib\site-packages\django\template\base.py", line 1005, in render
    return SafeString("".join([node.render_annotated(context) for node in self]))
                              ^^^^^^^^^^^^^^^^^^^^^^^^^^^^^^^^^^^^^^^^^^^^^^^^^
  File "C:\Users\uqwzhon4\Anaconda3\envs\orgdb_env\Lib\site-packages\django\template\base.py", line 1005, in <listcomp>
    return SafeString("".join([node.render_annotated(context) for node in self]))
                               ^^^^^^^^^^^^^^^^^^^^^^^^^^^^^^
  File "C:\Users\uqwzhon4\Anaconda3\envs\orgdb_env\Lib\site-packages\django\template\base.py", line 966, in render_annotated
    return self.render(context)
           ^^^^^^^^^^^^^^^^^^^^
  File "C:\Users\uqwzhon4\Anaconda3\envs\orgdb_env\Lib\site-packages\django\template\defaulttags.py", line 194, in render
    len_values = len(values)
                 ^^^^^^^^^^^
  File "C:\Users\uqwzhon4\Anaconda3\envs\orgdb_env\Lib\site-packages\django\db\models\query.py", line 376, in __len__
    self._fetch_all()
  File "C:\Users\uqwzhon4\Anaconda3\envs\orgdb_env\Lib\site-packages\django\db\models\query.py", line 1867, in _fetch_all
    self._result_cache = list(self._iterable_class(self))
                         ^^^^^^^^^^^^^^^^^^^^^^^^^^^^^^^^
  File "C:\Users\uqwzhon4\Anaconda3\envs\orgdb_env\Lib\site-packages\django\db\models\query.py", line 87, in __iter__
    results = compiler.execute_sql(
              ^^^^^^^^^^^^^^^^^^^^^
  File "C:\Users\uqwzhon4\Anaconda3\envs\orgdb_env\Lib\site-packages\django\db\models\sql\compiler.py", line 1398, in execute_sql
    cursor.execute(sql, params)
  File "C:\Users\uqwzhon4\Anaconda3\envs\orgdb_env\Lib\site-packages\django\db\backends\utils.py", line 103, in execute
    return super().execute(sql, params)
           ^^^^^^^^^^^^^^^^^^^^^^^^^^^^
  File "C:\Users\uqwzhon4\Anaconda3\envs\orgdb_env\Lib\site-packages\django\db\backends\utils.py", line 67, in execute
    return self._execute_with_wrappers(
           ^^^^^^^^^^^^^^^^^^^^^^^^^^^^
  File "C:\Users\uqwzhon4\Anaconda3\envs\orgdb_env\Lib\site-packages\django\db\backends\utils.py", line 80, in _execute_with_wrappers
    return executor(sql, params, many, context)
           ^^^^^^^^^^^^^^^^^^^^^^^^^^^^^^^^^^^^
  File "C:\Users\uqwzhon4\Anaconda3\envs\orgdb_env\Lib\site-packages\django\db\backends\utils.py", line 84, in _execute
    with self.db.wrap_database_errors:
  File "C:\Users\uqwzhon4\Anaconda3\envs\orgdb_env\Lib\site-packages\django\db\utils.py", line 91, in __exit__
    raise dj_exc_value.with_traceback(traceback) from exc_value
  File "C:\Users\uqwzhon4\Anaconda3\envs\orgdb_env\Lib\site-packages\django\db\backends\utils.py", line 89, in _execute
    return self.cursor.execute(sql, params)
           ^^^^^^^^^^^^^^^^^^^^^^^^^^^^^^^^
django.db.utils.ProgrammingError: column organism_culture.media does not exist
LINE 1: ...lture_type", "organism_culture"."culture_source", "organism_...
                                                             ^

django.server ERROR 2023-04-06 10:15:37,445 basehttp 27576 13440 "GET /organism/GN_0001 HTTP/1.1" 500 261686
django.request WARNING 2023-04-06 10:15:37,714 log 27576 13440 Not Found: /favicon.ico
django.server WARNING 2023-04-06 10:15:37,714 basehttp 27576 13440 "GET /favicon.ico HTTP/1.1" 404 11857
django.utils.autoreload INFO 2023-04-06 10:36:24,729 autoreload 28864 18824 Watching for file changes with StatReloader
django.server INFO 2023-04-06 10:36:28,603 basehttp 28864 7764 "GET / HTTP/1.1" 302 0
django.server INFO 2023-04-06 10:36:28,775 basehttp 28864 7764 "GET /index/ HTTP/1.1" 200 14792
django.server INFO 2023-04-06 10:36:30,829 basehttp 28864 7764 "GET /organism_card HTTP/1.1" 200 45439
django.server INFO 2023-04-06 10:36:30,868 basehttp 28864 7764 "GET /static/js/resizebar.js HTTP/1.1" 304 0
django.server INFO 2023-04-06 10:36:32,077 basehttp 28864 7764 "GET /organism/GN_0001 HTTP/1.1" 200 60860
django.server INFO 2023-04-06 10:36:32,229 basehttp 28864 7764 "GET /static/js/editablerow_stock.js HTTP/1.1" 200 2476
django.server INFO 2023-04-06 10:36:34,321 basehttp 28864 7764 "GET /stocklist/2?Batch_id=2&_=1680741392110 HTTP/1.1" 200 12
django.server INFO 2023-04-06 10:36:36,884 basehttp 28864 7764 "GET /stocklist/GN_0001_01?Batch_id=GN_0001_01&_=1680741392111 HTTP/1.1" 200 245
django.server INFO 2023-04-06 10:41:57,902 basehttp 28864 21900 "GET /organism/GN_0001 HTTP/1.1" 200 60860
django.server INFO 2023-04-06 10:41:57,931 basehttp 28864 21900 "GET /static/js/editablerow_stock.js HTTP/1.1" 304 0
django.server INFO 2023-04-06 10:45:22,963 basehttp 28864 21900 "GET /organism/GN_0001 HTTP/1.1" 200 61311
django.server INFO 2023-04-06 10:45:23,005 basehttp 28864 21900 "GET /static/js/editablerow_stock.js HTTP/1.1" 304 0
django.server INFO 2023-04-06 10:45:28,737 basehttp 28864 21900 "GET /stocklist/2?Batch_id=2&_=1680741923055 HTTP/1.1" 200 12
django.server INFO 2023-04-06 10:45:30,252 basehttp 28864 21900 "GET /updateBat/2 HTTP/1.1" 200 2087
django.server INFO 2023-04-06 10:45:31,586 basehttp 28864 21900 "GET /organism/GN_0001 HTTP/1.1" 200 61311
django.server INFO 2023-04-06 10:45:53,931 basehttp 28864 21900 "GET /organism/GN_0001 HTTP/1.1" 200 60979
django.server INFO 2023-04-06 10:45:56,191 basehttp 28864 21900 "GET /stocklist/2?Batch_id=2&_=1680741953983 HTTP/1.1" 200 12
django.server INFO 2023-04-06 10:45:58,849 basehttp 28864 21900 "GET /stocklist/GN_0001_01?Batch_id=GN_0001_01&_=1680741953984 HTTP/1.1" 200 245
django.server INFO 2023-04-06 10:47:49,846 basehttp 28864 21900 "GET /organism/GN_0001 HTTP/1.1" 200 61002
django.server INFO 2023-04-06 10:47:49,896 basehttp 28864 21900 "GET /static/js/editablerow_stock.js HTTP/1.1" 304 0
django.server INFO 2023-04-06 10:47:52,784 basehttp 28864 21900 "GET /stocklist/GN_0001_01?Batch_id=GN_0001_01&_=1680742069904 HTTP/1.1" 200 245
django.server INFO 2023-04-06 10:48:34,975 basehttp 28864 21900 "GET /organism/GN_0001 HTTP/1.1" 200 61005
django.server INFO 2023-04-06 10:48:38,382 basehttp 28864 21900 "GET /stocklist/GN_0001_01?Batch_id=GN_0001_01&_=1680742115039 HTTP/1.1" 200 245
django.server INFO 2023-04-06 10:49:50,501 basehttp 28864 21900 "GET /organism/GN_0001 HTTP/1.1" 200 61008
django.server INFO 2023-04-06 10:49:50,527 basehttp 28864 21900 "GET /static/js/editablerow_stock.js HTTP/1.1" 304 0
django.server INFO 2023-04-06 10:49:53,030 basehttp 28864 21900 "GET /stocklist/GN_0001_01?Batch_id=GN_0001_01&_=1680742190563 HTTP/1.1" 200 245
django.server INFO 2023-04-06 10:51:12,699 basehttp 28864 21900 "GET /organism/GN_0001 HTTP/1.1" 200 61008
django.server INFO 2023-04-06 10:51:17,123 basehttp 28864 21900 "GET /stocklist/GN_0001_01?Batch_id=GN_0001_01&_=1680742272765 HTTP/1.1" 200 245
django.server INFO 2023-04-06 10:51:20,070 basehttp 28864 21900 "GET /stocklist/GN_0001_02?Batch_id=GN_0001_02&_=1680742272766 HTTP/1.1" 200 474
django.server INFO 2023-04-06 10:51:27,297 basehttp 28864 21900 "GET /organism/GN_0001 HTTP/1.1" 200 61008
django.server INFO 2023-04-06 10:51:30,920 basehttp 28864 21900 "GET /stocklist/GN_0001_01?Batch_id=GN_0001_01&_=1680742287343 HTTP/1.1" 200 245
django.server INFO 2023-04-06 11:01:33,194 basehttp 28864 17616 "GET /organism/GN_0001 HTTP/1.1" 200 61008
django.server INFO 2023-04-06 11:01:33,206 basehttp 28864 17616 "GET /static/css/custom.css HTTP/1.1" 304 0
django.server INFO 2023-04-06 11:01:33,206 basehttp 28864 10028 "GET /static/js/resizable.js HTTP/1.1" 304 0
django.server INFO 2023-04-06 11:01:33,210 basehttp 28864 10028 "GET /static/js/editablerow_stock.js HTTP/1.1" 304 0
django.utils.autoreload INFO 2023-04-06 11:02:08,877 autoreload 28668 28548 Watching for file changes with StatReloader
django.server INFO 2023-04-06 11:02:11,875 basehttp 28668 21448 "GET / HTTP/1.1" 200 9076
django.server INFO 2023-04-06 11:02:13,856 basehttp 28668 21448 "POST /accounts/login/ HTTP/1.1" 302 0
django.server INFO 2023-04-06 11:02:13,943 basehttp 28668 21448 "GET /index/ HTTP/1.1" 200 14799
django.server INFO 2023-04-06 11:02:16,222 basehttp 28668 21448 "GET /organism_card HTTP/1.1" 200 159638
django.server INFO 2023-04-06 11:02:16,241 basehttp 28668 21448 "GET /static/js/resizebar.js HTTP/1.1" 304 0
django.server INFO 2023-04-06 11:02:18,015 basehttp 28668 21448 "GET /organism/FG_0001 HTTP/1.1" 200 84233
django.server INFO 2023-04-06 11:02:25,025 basehttp 28668 21448 "GET /stocklist/FG_0001_01?Batch_id=FG_0001_01&_=1680742938029 HTTP/1.1" 200 1518
django.server INFO 2023-04-06 11:02:29,593 basehttp 28668 21448 "GET /organism/FG_0001 HTTP/1.1" 200 84233
django.server INFO 2023-04-06 11:02:31,609 basehttp 28668 21448 "GET /stocklist/FG_0001_01?Batch_id=FG_0001_01&_=1680742949603 HTTP/1.1" 200 1518
django.server INFO 2023-04-06 11:04:17,078 basehttp 28668 21448 "GET /organism/FG_0001 HTTP/1.1" 200 84219
django.server INFO 2023-04-06 11:04:21,200 basehttp 28668 21448 "GET /stocklist/FG_0001_02?Batch_id=FG_0001_02&_=1680743057098 HTTP/1.1" 200 250
django.server INFO 2023-04-06 11:05:18,440 basehttp 28668 21448 "GET /organism/FG_0001 HTTP/1.1" 200 84228
django.server INFO 2023-04-06 11:05:18,457 basehttp 28668 21448 "GET /static/js/editablerow_stock.js HTTP/1.1" 304 0
django.server INFO 2023-04-06 11:05:20,316 basehttp 28668 21448 "GET /stocklist/FG_0001_01?Batch_id=FG_0001_01&_=1680743118458 HTTP/1.1" 200 1518
django.server INFO 2023-04-06 11:07:10,131 basehttp 28668 21448 "GET /organism/FG_0001 HTTP/1.1" 200 84695
django.server INFO 2023-04-06 11:07:13,590 basehttp 28668 21448 "GET /stocklist/FG_0001_01?Batch_id=FG_0001_01&_=1680743230156 HTTP/1.1" 200 1518
django.server INFO 2023-04-06 11:10:24,240 basehttp 28668 21448 "GET /organism/FG_0001 HTTP/1.1" 200 84452
django.server INFO 2023-04-06 11:10:24,257 basehttp 28668 21448 "GET /static/js/editablerow_stock.js HTTP/1.1" 304 0
django.server INFO 2023-04-06 11:10:26,257 basehttp 28668 21448 "GET /stocklist/FG_0001_01?Batch_id=FG_0001_01&_=1680743424267 HTTP/1.1" 200 1518
django.server INFO 2023-04-06 11:16:01,977 basehttp 28668 15844 "GET /organism/FG_0001 HTTP/1.1" 200 85019
django.server INFO 2023-04-06 11:16:01,996 basehttp 28668 15844 "GET /static/js/editablerow_stock.js HTTP/1.1" 304 0
django.server INFO 2023-04-06 11:21:02,306 basehttp 28668 14792 "GET /organism/FG_0001 HTTP/1.1" 200 85857
django.server INFO 2023-04-06 11:21:02,322 basehttp 28668 14792 "GET /static/js/editablerow_stock.js HTTP/1.1" 304 0
django.server INFO 2023-04-06 11:29:00,707 basehttp 28668 1784 "GET /organism/FG_0001 HTTP/1.1" 200 86149
django.server INFO 2023-04-06 11:29:00,722 basehttp 28668 1784 "GET /static/css/overideboot.css HTTP/1.1" 304 0
django.server INFO 2023-04-06 11:29:00,730 basehttp 28668 1784 "GET /static/js/editablerow_stock.js HTTP/1.1" 304 0
django.server INFO 2023-04-06 11:30:12,354 basehttp 28668 1784 "GET /organism/FG_0001 HTTP/1.1" 200 85540
django.server INFO 2023-04-06 11:30:14,110 basehttp 28668 1784 "GET /stocklist/FG_0001_01?Batch_id=FG_0001_01&_=1680744612415 HTTP/1.1" 200 1518
django.server INFO 2023-04-06 11:31:07,294 basehttp 28668 1784 "GET /organism/FG_0001 HTTP/1.1" 200 85912
django.server INFO 2023-04-06 11:31:09,730 basehttp 28668 1784 "GET /stocklist/FG_0001_01?Batch_id=FG_0001_01&_=1680744667334 HTTP/1.1" 200 1518
django.server INFO 2023-04-06 11:31:49,943 basehttp 28668 1784 "GET /organism/FG_0001 HTTP/1.1" 200 85859
django.server INFO 2023-04-06 11:31:51,595 basehttp 28668 1784 "GET /stocklist/FG_0001_01?Batch_id=FG_0001_01&_=1680744709974 HTTP/1.1" 200 1518
django.server INFO 2023-04-06 11:32:42,100 basehttp 28668 1784 "GET /organism/FG_0001 HTTP/1.1" 200 85897
django.server INFO 2023-04-06 11:32:53,632 basehttp 28668 18556 "GET /organism/FG_0001 HTTP/1.1" 302 0
django.server INFO 2023-04-06 11:32:53,641 basehttp 28668 18556 "GET /accounts/login/?next=/organism/FG_0001 HTTP/1.1" 200 9076
django.server INFO 2023-04-06 11:32:53,970 basehttp 28668 18556 "GET /static/css/overideboot.css HTTP/1.1" 200 6159
django.server INFO 2023-04-06 11:32:53,973 basehttp 28668 18556 "GET /static/js/js_utils/getCookie.js HTTP/1.1" 200 500
django.server INFO 2023-04-06 11:32:53,975 basehttp 28668 18556 "GET /static/js/editableTable.js HTTP/1.1" 200 638
django.server INFO 2023-04-06 11:32:53,980 basehttp 28668 18556 "GET /static/js/js_utils/dataTables.js HTTP/1.1" 200 601812
django.server INFO 2023-04-06 11:32:53,982 basehttp 28668 18556 "GET /static/js/js_utils/custom_option.js HTTP/1.1" 200 260
django.server INFO 2023-04-06 11:32:53,984 basehttp 28668 18556 "GET /static/js/create_modal.js HTTP/1.1" 200 372
django.server INFO 2023-04-06 11:32:53,988 basehttp 28668 18556 "GET /static/js/resizable.js HTTP/1.1" 200 1691
django.server INFO 2023-04-06 11:32:53,993 basehttp 28668 8624 "GET /static/css/steps/jquery.steps.css HTTP/1.1" 200 5527
django.server INFO 2023-04-06 11:32:54,001 basehttp 28668 27144 "GET /static/js/sorting_table.js HTTP/1.1" 200 877
django.server INFO 2023-04-06 11:32:54,007 basehttp 28668 6184 "GET /static/css/main.6a646761.css HTTP/1.1" 200 163150
django.server INFO 2023-04-06 11:32:54,009 basehttp 28668 12904 "GET /static/css/custom.css HTTP/1.1" 200 17771
django.server INFO 2023-04-06 11:32:54,010 basehttp 28668 9404 "GET /static/js/jquery-3.6.1.min.js HTTP/1.1" 200 89664
django.server INFO 2023-04-06 11:32:54,132 basehttp 28668 9404 "GET /static/images/brand/CO-ADD_Logo_White_NoBackground_CMYK.png HTTP/1.1" 200 2856
django.server INFO 2023-04-06 11:32:54,563 basehttp 28668 9404 "GET /static/images/app/CO-ADD_favicon.png HTTP/1.1" 200 3544
django.server INFO 2023-04-06 11:32:56,079 basehttp 28668 9404 "POST /accounts/login/ HTTP/1.1" 302 0
django.server INFO 2023-04-06 11:32:56,170 basehttp 28668 9404 "GET /index/ HTTP/1.1" 200 14799
django.server INFO 2023-04-06 11:32:56,217 basehttp 28668 9404 "GET /static/images/app/avatar.png HTTP/1.1" 200 40220
django.server INFO 2023-04-06 11:32:58,378 basehttp 28668 9404 "GET /organism_card HTTP/1.1" 200 159638
django.server INFO 2023-04-06 11:32:58,421 basehttp 28668 9404 "GET /static/js/js_utils/saveData.js HTTP/1.1" 200 433
django.server INFO 2023-04-06 11:32:58,422 basehttp 28668 12904 "GET /static/js/resizebar.js HTTP/1.1" 200 237
django.server INFO 2023-04-06 11:32:59,541 basehttp 28668 12904 "GET /organism/FG_0001 HTTP/1.1" 200 85897
django.server INFO 2023-04-06 11:32:59,562 basehttp 28668 12904 "GET /static/js/search_organism.js HTTP/1.1" 200 2101
django.server INFO 2023-04-06 11:32:59,574 basehttp 28668 12904 "GET /static/js/editablerow_stock.js HTTP/1.1" 200 2476
django.server INFO 2023-04-06 11:33:01,308 basehttp 28668 12904 "GET /stocklist/FG_0001_01?Batch_id=FG_0001_01&_=1680744779565 HTTP/1.1" 200 1518
django.server INFO 2023-04-06 11:41:02,819 basehttp 28668 13284 "GET /organism/FG_0001 HTTP/1.1" 200 85968
django.server INFO 2023-04-06 11:41:02,834 basehttp 28668 13284 "GET /static/js/editablerow_stock.js HTTP/1.1" 304 0
django.server INFO 2023-04-06 11:41:07,146 basehttp 28668 13284 "GET /stocklist/FG_0001_01?Batch_id=FG_0001_01&_=1680745262847 HTTP/1.1" 200 1518
django.server INFO 2023-04-06 11:41:18,269 basehttp 28668 13284 "POST /organism/updateStock/3482 HTTP/1.1" 200 15
django.server INFO 2023-04-06 11:41:32,083 basehttp 28668 13284 "GET /organism/FG_0001 HTTP/1.1" 200 85968
django.server INFO 2023-04-06 11:41:33,841 basehttp 28668 13284 "GET /stocklist/FG_0001_01?Batch_id=FG_0001_01&_=1680745292135 HTTP/1.1" 200 1266
django.server INFO 2023-04-06 11:45:03,813 basehttp 28668 13284 "GET /organism/FG_0001 HTTP/1.1" 200 86187
django.server INFO 2023-04-06 11:45:06,117 basehttp 28668 13284 "GET /stocklist/FG_0001_01?Batch_id=FG_0001_01&_=1680745503848 HTTP/1.1" 200 1266
django.server INFO 2023-04-06 11:45:09,402 basehttp 28668 13284 "POST /organism/updateStock/3476 HTTP/1.1" 200 15
django.server INFO 2023-04-06 11:45:15,252 basehttp 28668 13284 "GET /organism/FG_0001 HTTP/1.1" 200 86187
django.server INFO 2023-04-06 11:45:17,021 basehttp 28668 13284 "GET /stocklist/FG_0001_01?Batch_id=FG_0001_01&_=1680745515283 HTTP/1.1" 200 1266
django.server INFO 2023-04-06 11:49:02,378 basehttp 28668 13284 "GET /organism/FG_0001 HTTP/1.1" 200 86298
django.server INFO 2023-04-06 11:49:02,404 basehttp 28668 13284 "GET /static/js/editablerow_stock.js HTTP/1.1" 304 0
django.server INFO 2023-04-06 11:49:39,571 basehttp 28668 13284 "GET /organism/FG_0001 HTTP/1.1" 200 86321
django.server INFO 2023-04-06 11:49:41,604 basehttp 28668 13284 "GET /stocklist/FG_0001_01?Batch_id=FG_0001_01&_=1680745779601 HTTP/1.1" 200 1266
django.server INFO 2023-04-06 11:50:43,785 basehttp 28668 13284 "GET /organism/FG_0001 HTTP/1.1" 200 86355
django.server INFO 2023-04-06 11:50:45,541 basehttp 28668 13284 "GET /stocklist/FG_0001_01?Batch_id=FG_0001_01&_=1680745843814 HTTP/1.1" 200 1266
django.server INFO 2023-04-06 11:50:54,905 basehttp 28668 13284 "POST /organism/updateStock/3476 HTTP/1.1" 200 15
django.server INFO 2023-04-06 11:50:58,380 basehttp 28668 13284 "GET /organism/FG_0001 HTTP/1.1" 200 86355
django.server INFO 2023-04-06 11:54:10,475 basehttp 28668 13284 "GET /organism/FG_0001 HTTP/1.1" 200 86277
django.server INFO 2023-04-06 11:54:12,247 basehttp 28668 13284 "GET /stocklist/FG_0001_01?Batch_id=FG_0001_01&_=1680746050509 HTTP/1.1" 200 1266
django.server INFO 2023-04-06 11:54:15,272 basehttp 28668 13284 "POST /organism/updateStock/3476 HTTP/1.1" 200 15
django.server INFO 2023-04-06 11:54:17,634 basehttp 28668 13284 "GET /organism/FG_0001 HTTP/1.1" 200 86277
django.server INFO 2023-04-06 12:00:22,009 basehttp 28668 18884 "GET /organism/FG_0001 HTTP/1.1" 200 86284
django.server INFO 2023-04-06 12:02:25,326 basehttp 28668 18884 "GET /organism/FG_0001 HTTP/1.1" 200 86635
django.server INFO 2023-04-06 12:02:27,531 basehttp 28668 18884 "GET /stocklist/FG_0001_01?Batch_id=FG_0001_01&_=1680746545360 HTTP/1.1" 200 1266
django.server INFO 2023-04-06 12:02:30,612 basehttp 28668 18884 "POST /organism/updateStock/3476 HTTP/1.1" 200 15
django.server INFO 2023-04-06 12:02:33,462 basehttp 28668 18884 "POST /organism/updateStock/3476 HTTP/1.1" 200 15
django.server INFO 2023-04-06 12:02:37,189 basehttp 28668 18884 "POST /organism/updateStock/3476 HTTP/1.1" 200 15
django.server INFO 2023-04-06 12:02:39,602 basehttp 28668 18884 "GET /organism/FG_0001 HTTP/1.1" 200 86635
django.server INFO 2023-04-06 12:02:41,540 basehttp 28668 18884 "GET /stocklist/FG_0001_01?Batch_id=FG_0001_01&_=1680746559629 HTTP/1.1" 200 1266
django.server INFO 2023-04-06 12:02:47,596 basehttp 28668 18884 "POST /organism/updateStock/3476 HTTP/1.1" 200 15
django.server INFO 2023-04-06 12:02:52,203 basehttp 28668 18884 "POST /organism/updateStock/3476 HTTP/1.1" 200 15
django.server INFO 2023-04-06 12:02:56,041 basehttp 28668 18884 "GET /organism/FG_0001 HTTP/1.1" 200 86635
django.server INFO 2023-04-06 12:02:58,117 basehttp 28668 18884 "GET /stocklist/FG_0001_01?Batch_id=FG_0001_01&_=1680746576074 HTTP/1.1" 200 1266
django.server INFO 2023-04-06 12:03:04,231 basehttp 28668 18884 "POST /organism/updateStock/3476 HTTP/1.1" 200 15
django.server INFO 2023-04-06 12:03:07,908 basehttp 28668 18884 "GET /organism/FG_0001 HTTP/1.1" 200 86635
django.server INFO 2023-04-06 12:03:09,600 basehttp 28668 18884 "GET /stocklist/FG_0001_01?Batch_id=FG_0001_01&_=1680746587932 HTTP/1.1" 200 1266
django.server INFO 2023-04-06 12:04:11,601 basehttp 28668 18884 "POST /organism/updateStock/3484 HTTP/1.1" 200 15
django.server INFO 2023-04-06 12:04:14,356 basehttp 28668 18884 "POST /organism/updateStock/3484 HTTP/1.1" 200 15
django.server INFO 2023-04-06 12:04:18,441 basehttp 28668 18884 "POST /organism/updateStock/3483 HTTP/1.1" 200 15
django.server INFO 2023-04-06 12:04:22,249 basehttp 28668 18884 "POST /organism/updateStock/3484 HTTP/1.1" 200 15
django.server INFO 2023-04-06 12:04:59,915 basehttp 28668 18884 "POST /organism/updateStock/3484 HTTP/1.1" 200 15
django.server INFO 2023-04-06 12:05:04,747 basehttp 28668 18884 "POST /organism/updateStock/3484 HTTP/1.1" 200 15
django.server INFO 2023-04-06 12:05:08,438 basehttp 28668 18884 "POST /organism/updateStock/3484 HTTP/1.1" 200 15
django.server INFO 2023-04-06 12:05:10,211 basehttp 28668 18884 "GET /organism/FG_0001 HTTP/1.1" 200 86635
django.server INFO 2023-04-06 12:05:12,299 basehttp 28668 18884 "GET /stocklist/FG_0001_02?Batch_id=FG_0001_02&_=1680746710240 HTTP/1.1" 200 250
django.server INFO 2023-04-06 12:05:13,635 basehttp 28668 18884 "GET /stocklist/FG_0001_01?Batch_id=FG_0001_01&_=1680746710241 HTTP/1.1" 200 1266
django.server INFO 2023-04-06 12:05:17,185 basehttp 28668 18884 "POST /organism/updateStock/3484 HTTP/1.1" 200 15
django.server INFO 2023-04-06 12:05:19,554 basehttp 28668 18884 "POST /organism/updateStock/3484 HTTP/1.1" 200 15
django.server INFO 2023-04-06 12:05:22,277 basehttp 28668 18884 "POST /organism/updateStock/3484 HTTP/1.1" 200 15
django.server INFO 2023-04-06 12:05:28,733 basehttp 28668 18884 "GET /organism/FG_0001 HTTP/1.1" 200 86635
django.server INFO 2023-04-06 12:05:30,049 basehttp 28668 18884 "GET /stocklist/FG_0001_01?Batch_id=FG_0001_01&_=1680746728759 HTTP/1.1" 200 1266
django.server INFO 2023-04-06 12:05:43,024 basehttp 28668 18884 "POST /organism/updateStock/3484 HTTP/1.1" 200 15
django.server INFO 2023-04-06 12:05:45,625 basehttp 28668 18884 "POST /organism/updateStock/3484 HTTP/1.1" 200 15
django.server INFO 2023-04-06 12:05:50,378 basehttp 28668 18884 "GET /organism/FG_0001 HTTP/1.1" 200 86635
django.server INFO 2023-04-06 12:05:51,983 basehttp 28668 18884 "GET /stocklist/FG_0001_01?Batch_id=FG_0001_01&_=1680746750407 HTTP/1.1" 200 1266
django.server INFO 2023-04-06 12:05:55,160 basehttp 28668 18884 "POST /organism/updateStock/3484 HTTP/1.1" 200 15
django.server INFO 2023-04-06 12:06:35,419 basehttp 28668 18884 "GET /organism/FG_0001 HTTP/1.1" 200 86673
django.server INFO 2023-04-06 12:06:37,571 basehttp 28668 18884 "GET /stocklist/FG_0001_02?Batch_id=FG_0001_02&_=1680746795449 HTTP/1.1" 200 250
django.server INFO 2023-04-06 12:06:40,783 basehttp 28668 18884 "POST /organism/updateStock/3473 HTTP/1.1" 200 15
django.server INFO 2023-04-06 12:06:43,744 basehttp 28668 18884 "POST /organism/updateStock/3473 HTTP/1.1" 200 15
django.server INFO 2023-04-06 12:06:55,171 basehttp 28668 18884 "POST /organism/updateStock/3473 HTTP/1.1" 200 15
django.server INFO 2023-04-06 12:07:11,901 basehttp 28668 18884 "POST /organism/updateStock/3473 HTTP/1.1" 200 15
django.server INFO 2023-04-06 12:07:20,994 basehttp 28668 18884 "POST /organism/updateStock/3473 HTTP/1.1" 200 15
django.utils.autoreload INFO 2023-04-06 12:08:35,003 autoreload 28668 28548 C:\Users\uqwzhon4\project\adjCOADD\dorganism\views.py changed, reloading.
django.utils.autoreload INFO 2023-04-06 12:08:36,192 autoreload 13308 20852 Watching for file changes with StatReloader
django.server INFO 2023-04-06 12:08:44,297 basehttp 13308 16560 "GET /organism/FG_0001 HTTP/1.1" 200 86673
django.server INFO 2023-04-06 12:08:46,196 basehttp 13308 16560 "GET /stocklist/FG_0001_01?Batch_id=FG_0001_01&_=1680746924330 HTTP/1.1" 200 1266
django.server INFO 2023-04-06 12:08:51,228 basehttp 13308 16560 "GET /stocklist/FG_0001_02?Batch_id=FG_0001_02&_=1680746924331 HTTP/1.1" 200 249
django.server INFO 2023-04-06 12:08:57,057 basehttp 13308 16560 "POST /organism/updateStock/3473 HTTP/1.1" 200 15
django.server INFO 2023-04-06 12:09:05,920 basehttp 13308 16560 "POST /organism/updateStock/3473 HTTP/1.1" 200 15
django.server INFO 2023-04-06 12:10:16,353 basehttp 13308 16560 "GET /organism/FG_0001 HTTP/1.1" 200 86665
django.server INFO 2023-04-06 12:11:59,627 basehttp 13308 16560 "GET /updateBat/FG_0001_01 HTTP/1.1" 200 7968
django.server INFO 2023-04-06 12:12:01,956 basehttp 13308 16560 "GET /organism/FG_0001 HTTP/1.1" 200 86665
django.server INFO 2023-04-06 12:12:05,120 basehttp 13308 16560 "GET /stocklist/FG_0001_02?Batch_id=FG_0001_02&_=1680747122006 HTTP/1.1" 200 249
django.server INFO 2023-04-06 12:12:09,479 basehttp 13308 16560 "POST /organism/updateStock/3473 HTTP/1.1" 200 15
django.server INFO 2023-04-06 12:12:12,804 basehttp 13308 16560 "POST /organism/updateStock/3473 HTTP/1.1" 200 15
django.server INFO 2023-04-06 12:12:38,412 basehttp 13308 16560 "POST /organism/updateStock/3473 HTTP/1.1" 200 15
django.server INFO 2023-04-06 12:12:40,977 basehttp 13308 16560 "POST /organism/updateStock/3473 HTTP/1.1" 200 15
django.server INFO 2023-04-06 12:12:43,595 basehttp 13308 16560 "POST /organism/updateStock/3473 HTTP/1.1" 200 15
django.server INFO 2023-04-06 12:12:45,499 basehttp 13308 16560 "POST /organism/updateStock/3473 HTTP/1.1" 200 15
django.server INFO 2023-04-06 12:12:47,891 basehttp 13308 16560 "POST /organism/updateStock/3473 HTTP/1.1" 200 15
django.server INFO 2023-04-06 12:12:55,241 basehttp 13308 16560 "POST /organism/updateStock/3473 HTTP/1.1" 200 15
django.server INFO 2023-04-06 12:13:03,284 basehttp 13308 16560 "GET /organism/FG_0001 HTTP/1.1" 200 86665
django.server INFO 2023-04-06 12:13:05,285 basehttp 13308 16560 "GET /stocklist/FG_0001_02?Batch_id=FG_0001_02&_=1680747183333 HTTP/1.1" 200 12
django.server INFO 2023-04-06 12:14:03,660 basehttp 13308 16560 "GET /stocklist/FG_0001_01?Batch_id=FG_0001_01&_=1680747183334 HTTP/1.1" 200 1266
django.server INFO 2023-04-06 12:14:07,041 basehttp 13308 16560 "POST /organism/updateStock/3484 HTTP/1.1" 200 15
django.server INFO 2023-04-06 12:14:09,620 basehttp 13308 16560 "POST /organism/updateStock/3484 HTTP/1.1" 200 15
django.server INFO 2023-04-06 12:15:46,959 basehttp 13308 16560 "POST /organism/updateStock/3484 HTTP/1.1" 200 15
django.server INFO 2023-04-06 12:15:49,594 basehttp 13308 16560 "POST /organism/updateStock/3484 HTTP/1.1" 200 15
django.server INFO 2023-04-06 12:15:51,990 basehttp 13308 16560 "POST /organism/updateStock/3484 HTTP/1.1" 200 16
django.server INFO 2023-04-06 12:16:06,580 basehttp 13308 16560 "GET /organism/FG_0001 HTTP/1.1" 200 86665
django.server INFO 2023-04-06 12:28:29,305 basehttp 13308 25428 "GET /organism/FG_0001 HTTP/1.1" 200 86665
django.server INFO 2023-04-06 12:37:52,811 basehttp 13308 10196 "GET /organism/FG_0001 HTTP/1.1" 200 86665
django.server INFO 2023-04-06 12:42:53,815 basehttp 13308 28476 "GET /organism/FG_0001 HTTP/1.1" 200 86665
django.server INFO 2023-04-06 12:52:55,072 basehttp 13308 22768 "GET /organism/FG_0001 HTTP/1.1" 200 86665
django.utils.autoreload INFO 2023-04-06 12:57:06,611 autoreload 13308 20852 C:\Users\uqwzhon4\project\adjCOADD\dorganism\models.py changed, reloading.
django.utils.autoreload INFO 2023-04-06 12:57:07,788 autoreload 2124 25660 Watching for file changes with StatReloader
django.utils.autoreload INFO 2023-04-06 12:57:31,565 autoreload 2124 25660 C:\Users\uqwzhon4\project\adjCOADD\dorganism\views.py changed, reloading.
django.utils.autoreload INFO 2023-04-06 12:57:32,712 autoreload 26924 17708 Watching for file changes with StatReloader
django.server INFO 2023-04-06 12:57:55,464 basehttp 26924 5236 "GET /organism/FG_0001 HTTP/1.1" 200 86665
django.utils.autoreload INFO 2023-04-06 12:58:21,571 autoreload 26924 17708 C:\Users\uqwzhon4\project\adjCOADD\dorganism\forms.py changed, reloading.
django.utils.autoreload INFO 2023-04-06 12:58:22,731 autoreload 11088 4324 Watching for file changes with StatReloader
django.server INFO 2023-04-06 12:58:26,286 basehttp 11088 15512 "GET /organism/FG_0001 HTTP/1.1" 200 86665
django.server INFO 2023-04-06 13:03:32,393 basehttp 11088 18688 "GET /organism/FG_0001 HTTP/1.1" 200 86665
django.server INFO 2023-04-06 13:03:32,412 basehttp 11088 18688 "GET /static/js/resizable.js HTTP/1.1" 304 0
django.server INFO 2023-04-06 13:08:32,714 basehttp 11088 22280 "GET /organism/FG_0001 HTTP/1.1" 200 86665
django.server INFO 2023-04-06 13:08:32,737 basehttp 11088 22280 "GET /static/css/custom.css HTTP/1.1" 304 0
django.server INFO 2023-04-06 13:14:04,550 basehttp 11088 28972 "GET /organism/FG_0001 HTTP/1.1" 200 86665
django.utils.autoreload INFO 2023-04-06 13:18:56,885 autoreload 11088 4324 C:\Users\uqwzhon4\project\adjCOADD\dorganism\models.py changed, reloading.
django.utils.autoreload INFO 2023-04-06 13:18:58,024 autoreload 1108 27984 Watching for file changes with StatReloader
django.utils.autoreload INFO 2023-04-06 13:19:15,335 autoreload 1108 27984 C:\Users\uqwzhon4\project\adjCOADD\dorganism\forms.py changed, reloading.
django.utils.autoreload INFO 2023-04-06 13:19:16,431 autoreload 11440 17588 Watching for file changes with StatReloader
django.server INFO 2023-04-06 13:23:53,946 basehttp 11440 28692 "GET /organism/FG_0001 HTTP/1.1" 200 86665
django.utils.autoreload INFO 2023-04-06 13:25:45,016 autoreload 11440 17588 C:\Users\uqwzhon4\project\adjCOADD\dorganism\forms.py changed, reloading.
django.utils.autoreload INFO 2023-04-06 13:25:46,155 autoreload 11932 556 Watching for file changes with StatReloader
django.server INFO 2023-04-06 13:25:51,366 basehttp 11932 23100 "GET /organism/FG_0001 HTTP/1.1" 200 86665
django.server INFO 2023-04-06 13:25:54,752 basehttp 11932 23100 "GET /updateBat/FG_0001_01 HTTP/1.1" 200 7984
django.server INFO 2023-04-06 13:25:59,425 basehttp 11932 23100 "GET /organism/FG_0001 HTTP/1.1" 200 86665
django.server INFO 2023-04-06 13:26:02,408 basehttp 11932 23100 "GET /updateBat/FG_0001_01 HTTP/1.1" 200 7984
django.utils.autoreload INFO 2023-04-06 13:30:12,079 autoreload 11932 556 C:\Users\uqwzhon4\project\adjCOADD\dorganism\forms.py changed, reloading.
django.utils.autoreload INFO 2023-04-06 13:30:13,310 autoreload 16440 15508 Watching for file changes with StatReloader
django.server INFO 2023-04-06 13:30:15,104 basehttp 16440 5880 "GET /organism/FG_0001 HTTP/1.1" 200 86665
django.request ERROR 2023-04-06 13:30:17,749 log 16440 5880 Internal Server Error: /updateBat/FG_0001_01
Traceback (most recent call last):
  File "C:\Users\uqwzhon4\Anaconda3\envs\orgdb_env\Lib\site-packages\django\core\handlers\exception.py", line 55, in inner
    response = get_response(request)
               ^^^^^^^^^^^^^^^^^^^^^
  File "C:\Users\uqwzhon4\Anaconda3\envs\orgdb_env\Lib\site-packages\django\core\handlers\base.py", line 197, in _get_response
    response = wrapped_callback(request, *callback_args, **callback_kwargs)
               ^^^^^^^^^^^^^^^^^^^^^^^^^^^^^^^^^^^^^^^^^^^^^^^^^^^^^^^^^^^^
  File "C:\Users\uqwzhon4\Anaconda3\envs\orgdb_env\Lib\site-packages\django\contrib\auth\decorators.py", line 23, in _wrapped_view
    return view_func(request, *args, **kwargs)
           ^^^^^^^^^^^^^^^^^^^^^^^^^^^^^^^^^^^
  File "C:\Users\uqwzhon4\project\adjCOADD\dorganism\views.py", line 280, in updateBatch
    form=Batchupdate_form(instance=object_)
         ^^^^^^^^^^^^^^^^^^^^^^^^^^^^^^^^^^
  File "C:\Users\uqwzhon4\project\adjCOADD\dorganism\forms.py", line 135, in __init__
    self.base_field['stock_level'].initial=instance.stock_level
    ^^^^^^^^^^^^^^^
AttributeError: 'Batchupdate_form' object has no attribute 'base_field'
django.server ERROR 2023-04-06 13:30:17,749 basehttp 16440 5880 "GET /updateBat/FG_0001_01 HTTP/1.1" 500 87125
django.utils.autoreload INFO 2023-04-06 13:30:40,500 autoreload 16440 15508 C:\Users\uqwzhon4\project\adjCOADD\dorganism\forms.py changed, reloading.
django.utils.autoreload INFO 2023-04-06 13:30:41,711 autoreload 26836 15576 Watching for file changes with StatReloader
django.server INFO 2023-04-06 13:30:42,904 basehttp 26836 26440 "GET /organism/FG_0001 HTTP/1.1" 200 86665
django.server INFO 2023-04-06 13:30:42,919 basehttp 26836 26440 "GET /static/css/overideboot.css HTTP/1.1" 304 0
django.request ERROR 2023-04-06 13:30:44,397 log 26836 26440 Internal Server Error: /updateBat/FG_0001_01
Traceback (most recent call last):
  File "C:\Users\uqwzhon4\Anaconda3\envs\orgdb_env\Lib\site-packages\django\core\handlers\exception.py", line 55, in inner
    response = get_response(request)
               ^^^^^^^^^^^^^^^^^^^^^
  File "C:\Users\uqwzhon4\Anaconda3\envs\orgdb_env\Lib\site-packages\django\core\handlers\base.py", line 197, in _get_response
    response = wrapped_callback(request, *callback_args, **callback_kwargs)
               ^^^^^^^^^^^^^^^^^^^^^^^^^^^^^^^^^^^^^^^^^^^^^^^^^^^^^^^^^^^^
  File "C:\Users\uqwzhon4\Anaconda3\envs\orgdb_env\Lib\site-packages\django\contrib\auth\decorators.py", line 23, in _wrapped_view
    return view_func(request, *args, **kwargs)
           ^^^^^^^^^^^^^^^^^^^^^^^^^^^^^^^^^^^
  File "C:\Users\uqwzhon4\project\adjCOADD\dorganism\views.py", line 280, in updateBatch
    form=Batchupdate_form(instance=object_)
         ^^^^^^^^^^^^^^^^^^^^^^^^^^^^^^^^^^
  File "C:\Users\uqwzhon4\project\adjCOADD\dorganism\forms.py", line 135, in __init__
    self.fields['stock_level'].initial=instance.stock_level
    ^^^^^^^^^^^
AttributeError: 'Batchupdate_form' object has no attribute 'fields'
django.server ERROR 2023-04-06 13:30:44,399 basehttp 26836 26440 "GET /updateBat/FG_0001_01 HTTP/1.1" 500 87101
django.utils.autoreload INFO 2023-04-06 13:31:07,949 autoreload 26836 15576 C:\Users\uqwzhon4\project\adjCOADD\dorganism\forms.py changed, reloading.
django.utils.autoreload INFO 2023-04-06 13:31:09,056 autoreload 24604 12204 Watching for file changes with StatReloader
django.server INFO 2023-04-06 13:31:11,074 basehttp 24604 21064 "GET /organism/FG_0001 HTTP/1.1" 200 86665
django.server INFO 2023-04-06 13:31:12,915 basehttp 24604 21064 "GET /updateBat/FG_0001_01 HTTP/1.1" 200 7998
django.server INFO 2023-04-06 13:31:17,467 basehttp 24604 21064 "GET /organism/FG_0001 HTTP/1.1" 200 86665
django.utils.autoreload INFO 2023-04-06 13:34:46,512 autoreload 22820 13240 Watching for file changes with StatReloader
django.server INFO 2023-04-06 13:34:52,387 basehttp 22820 12396 "GET /createCulture/FG_0001/ HTTP/1.1" 200 9947
django.server INFO 2023-04-06 13:34:57,181 basehttp 22820 12396 "GET /organism/FG_0001 HTTP/1.1" 200 86665
django.utils.autoreload INFO 2023-04-06 13:35:32,389 autoreload 22820 13240 C:\Users\uqwzhon4\project\adjCOADD\dorganism\forms.py changed, reloading.
django.utils.autoreload INFO 2023-04-06 13:35:33,588 autoreload 17964 22736 Watching for file changes with StatReloader
django.server INFO 2023-04-06 13:35:34,443 basehttp 17964 22916 "GET /organism/FG_0001 HTTP/1.1" 200 86665
django.server INFO 2023-04-06 13:35:36,273 basehttp 17964 22916 "GET /createCulture/FG_0001/ HTTP/1.1" 200 9907
django.server INFO 2023-04-06 13:35:50,724 basehttp 17964 22916 "POST /createCulture/FG_0001/ HTTP/1.1" 302 0
django.server INFO 2023-04-06 13:35:50,890 basehttp 17964 22916 "GET /organism/FG_0001 HTTP/1.1" 200 88597
django.server INFO 2023-04-06 13:35:57,368 basehttp 17964 22916 "GET /createCulture/FG_0001/ HTTP/1.1" 200 9907
django.server INFO 2023-04-06 13:36:15,205 basehttp 17964 22916 "POST /createCulture/FG_0001/ HTTP/1.1" 302 0
django.server INFO 2023-04-06 13:36:15,406 basehttp 17964 22916 "GET /organism/FG_0001 HTTP/1.1" 200 90530
