django.request WARNING 2023-04-03 16:10:01,884 log 23440 17692 Not Found: /templates/fg.sdf
django.server WARNING 2023-04-03 16:10:01,885 basehttp 23440 17692 "GET /templates/fg.sdf HTTP/1.1" 404 11800
django.request WARNING 2023-04-03 16:10:01,892 log 23440 18588 Not Found: /templates/library.sdf
django.server WARNING 2023-04-03 16:10:01,894 basehttp 23440 18588 "GET /templates/library.sdf HTTP/1.1" 404 11815
django.utils.autoreload INFO 2023-04-04 09:04:38,838 autoreload 25460 25028 Watching for file changes with StatReloader
django.server INFO 2023-04-04 09:04:44,267 basehttp 25460 6812 "GET / HTTP/1.1" 200 9076
django.server INFO 2023-04-04 09:04:44,679 basehttp 25460 6812 "GET /static/css/overideboot.css HTTP/1.1" 200 6108
django.server INFO 2023-04-04 09:04:44,681 basehttp 25460 6812 "GET /static/js/js_utils/getCookie.js HTTP/1.1" 200 500
django.server INFO 2023-04-04 09:04:44,685 basehttp 25460 6812 "GET /static/js/editableTable.js HTTP/1.1" 200 620
django.server INFO 2023-04-04 09:04:44,697 basehttp 25460 6812 "GET /static/js/js_utils/dataTables.js HTTP/1.1" 200 601812
django.server INFO 2023-04-04 09:04:44,699 basehttp 25460 6812 "GET /static/js/js_utils/custom_option.js HTTP/1.1" 200 260
django.server INFO 2023-04-04 09:04:44,702 basehttp 25460 6812 "GET /static/js/create_modal.js HTTP/1.1" 200 372
django.server INFO 2023-04-04 09:04:44,706 basehttp 25460 6812 "GET /static/js/resizable.js HTTP/1.1" 200 1692
django.server INFO 2023-04-04 09:04:44,741 basehttp 25460 27636 "GET /static/css/custom.css HTTP/1.1" 200 17777
django.server INFO 2023-04-04 09:04:44,750 basehttp 25460 21264 "GET /static/js/jquery-3.6.1.min.js HTTP/1.1" 200 89664
django.server INFO 2023-04-04 09:04:44,752 basehttp 25460 17916 "GET /static/js/sorting_table.js HTTP/1.1" 200 877
django.server INFO 2023-04-04 09:04:44,754 basehttp 25460 14048 "GET /static/css/steps/jquery.steps.css HTTP/1.1" 200 5527
django.server INFO 2023-04-04 09:04:44,757 basehttp 25460 21136 "GET /static/css/main.6a646761.css HTTP/1.1" 200 163150
django.server INFO 2023-04-04 09:04:44,868 basehttp 25460 21136 "GET /static/images/brand/CO-ADD_Logo_White_NoBackground_CMYK.png HTTP/1.1" 200 2856
django.server INFO 2023-04-04 09:04:45,363 basehttp 25460 21136 "GET /static/images/app/CO-ADD_favicon.png HTTP/1.1" 200 3544
django.server INFO 2023-04-04 09:05:09,044 basehttp 25460 24696 "GET / HTTP/1.1" 200 9076
django.server INFO 2023-04-04 09:05:09,062 basehttp 25460 24696 "GET /static/css/overideboot.css HTTP/1.1" 200 6108
django.server INFO 2023-04-04 09:05:09,064 basehttp 25460 14952 "GET /static/css/custom.css HTTP/1.1" 200 17777
django.server INFO 2023-04-04 09:05:09,065 basehttp 25460 17264 "GET /static/js/sorting_table.js HTTP/1.1" 200 877
django.server INFO 2023-04-04 09:05:09,065 basehttp 25460 11076 "GET /static/css/steps/jquery.steps.css HTTP/1.1" 200 5527
django.server INFO 2023-04-04 09:05:09,067 basehttp 25460 21148 "GET /static/js/jquery-3.6.1.min.js HTTP/1.1" 200 89664
django.server INFO 2023-04-04 09:05:09,071 basehttp 25460 18260 "GET /static/css/main.6a646761.css HTTP/1.1" 200 163150
django.server INFO 2023-04-04 09:05:09,072 basehttp 25460 14952 "GET /static/js/js_utils/getCookie.js HTTP/1.1" 200 500
django.server INFO 2023-04-04 09:05:09,072 basehttp 25460 24696 "GET /static/js/editableTable.js HTTP/1.1" 200 620
django.server INFO 2023-04-04 09:05:09,080 basehttp 25460 11076 "GET /static/js/js_utils/custom_option.js HTTP/1.1" 200 260
django.server INFO 2023-04-04 09:05:09,081 basehttp 25460 18260 "GET /static/js/resizable.js HTTP/1.1" 200 1692
django.server INFO 2023-04-04 09:05:09,081 basehttp 25460 21148 "GET /static/js/create_modal.js HTTP/1.1" 200 372
django.server INFO 2023-04-04 09:05:09,087 basehttp 25460 17264 "GET /static/js/js_utils/dataTables.js HTTP/1.1" 200 601812
django.server INFO 2023-04-04 09:05:09,291 basehttp 25460 17264 "GET /static/images/brand/CO-ADD_Logo_White_NoBackground_CMYK.png HTTP/1.1" 200 2856
django.server INFO 2023-04-04 09:05:10,038 basehttp 25460 17264 "GET /static/images/app/CO-ADD_favicon.png HTTP/1.1" 200 3544
django.server INFO 2023-04-04 09:05:17,039 basehttp 25460 26864 "GET / HTTP/1.1" 200 9076
django.server INFO 2023-04-04 09:05:17,068 basehttp 25460 26864 "GET /static/css/custom.css HTTP/1.1" 200 17777
django.server INFO 2023-04-04 09:05:17,074 basehttp 25460 26864 "GET /static/css/overideboot.css HTTP/1.1" 304 0
django.server INFO 2023-04-04 09:05:17,077 basehttp 25460 26864 "GET /static/css/main.6a646761.css HTTP/1.1" 304 0
django.server INFO 2023-04-04 09:05:17,079 basehttp 25460 26864 "GET /static/css/steps/jquery.steps.css HTTP/1.1" 304 0
django.server INFO 2023-04-04 09:05:17,081 basehttp 25460 26864 "GET /static/js/jquery-3.6.1.min.js HTTP/1.1" 304 0
django.server INFO 2023-04-04 09:05:17,086 basehttp 25460 26864 "GET /static/js/sorting_table.js HTTP/1.1" 304 0
django.server INFO 2023-04-04 09:05:17,090 basehttp 25460 26864 "GET /static/js/js_utils/getCookie.js HTTP/1.1" 304 0
django.server INFO 2023-04-04 09:05:17,097 basehttp 25460 26864 "GET /static/js/editableTable.js HTTP/1.1" 304 0
django.server INFO 2023-04-04 09:05:17,100 basehttp 25460 26864 "GET /static/js/js_utils/dataTables.js HTTP/1.1" 304 0
django.server INFO 2023-04-04 09:05:17,100 basehttp 25460 26864 "GET /static/js/js_utils/custom_option.js HTTP/1.1" 304 0
django.server INFO 2023-04-04 09:05:17,100 basehttp 25460 26864 "GET /static/js/create_modal.js HTTP/1.1" 304 0
django.server INFO 2023-04-04 09:05:17,106 basehttp 25460 26864 "GET /static/js/resizable.js HTTP/1.1" 304 0
django.server INFO 2023-04-04 09:05:17,106 basehttp 25460 26864 "GET /static/images/brand/CO-ADD_Logo_White_NoBackground_CMYK.png HTTP/1.1" 304 0
django.request WARNING 2023-04-04 09:05:17,129 log 25460 26864 Not Found: /favicon.ico
django.server WARNING 2023-04-04 09:05:17,129 basehttp 25460 26864 "GET /favicon.ico HTTP/1.1" 404 11785
django.server INFO 2023-04-04 09:12:05,140 basehttp 25460 14476 "GET / HTTP/1.1" 200 9076
django.server INFO 2023-04-04 09:12:05,342 basehttp 25460 14476 "GET /static/images/app/CO-ADD_favicon.png HTTP/1.1" 304 0
django.server INFO 2023-04-04 09:12:39,160 basehttp 25460 14476 "POST /accounts/login/ HTTP/1.1" 302 0
django.server INFO 2023-04-04 09:12:39,259 basehttp 25460 14476 "GET /index/ HTTP/1.1" 200 15414
django.server INFO 2023-04-04 09:12:39,280 basehttp 25460 14476 "GET /static/images/app/avatar.png HTTP/1.1" 304 0
django.server INFO 2023-04-04 09:13:11,250 basehttp 25460 14476 "GET /organism_card HTTP/1.1" 200 158787
django.server INFO 2023-04-04 09:13:11,275 basehttp 25460 14476 "GET /static/js/js_utils/saveData.js HTTP/1.1" 304 0
django.server INFO 2023-04-04 09:13:11,277 basehttp 25460 14476 "GET /static/js/resizebar.js HTTP/1.1" 304 0
django.server INFO 2023-04-04 09:13:12,626 basehttp 25460 14476 "GET /organism/FG_0001 HTTP/1.1" 200 57229
django.server INFO 2023-04-04 09:13:12,635 basehttp 25460 14476 "GET /static/js/search_organism.js HTTP/1.1" 304 0
django.server INFO 2023-04-04 09:13:12,648 basehttp 25460 14476 "GET /static/js/editablerow_stock.js HTTP/1.1" 304 0
django.server INFO 2023-04-04 09:13:58,770 basehttp 25460 14476 "GET /organism/FG_0001 HTTP/1.1" 200 57229
django.server INFO 2023-04-04 09:14:16,217 basehttp 25460 14476 "GET /stocklist/FG_0001_01?Batch_id=FG_0001_01&_=1680563638751 HTTP/1.1" 200 279
django.server INFO 2023-04-04 09:14:28,228 basehttp 25460 14476 "GET /createStock/ HTTP/1.1" 200 103470
django.server INFO 2023-04-04 09:14:40,924 basehttp 25460 14476 "GET /stocklist/FG_0001_01?Batch_id=FG_0001_01&_=1680563638752 HTTP/1.1" 200 279
django.server INFO 2023-04-04 09:15:34,768 basehttp 25460 14476 "GET /createStock/ HTTP/1.1" 200 103470
django.server INFO 2023-04-04 09:15:57,083 basehttp 25460 14476 "GET /stocklist/FG_0001_01?Batch_id=FG_0001_01&_=1680563638753 HTTP/1.1" 200 279
django.server INFO 2023-04-04 09:18:52,831 basehttp 25460 14476 "GET /organism/FG_0001 HTTP/1.1" 200 57229
django.server INFO 2023-04-04 09:20:09,344 basehttp 25460 14476 "GET /index/ HTTP/1.1" 200 15414
django.server INFO 2023-04-04 09:20:17,723 basehttp 25460 14476 "GET /accounts/logout/ HTTP/1.1" 302 0
django.server INFO 2023-04-04 09:20:17,728 basehttp 25460 14476 "GET / HTTP/1.1" 200 9076
django.server INFO 2023-04-04 09:20:37,618 basehttp 25460 14476 "POST /accounts/login/ HTTP/1.1" 302 0
django.server INFO 2023-04-04 09:20:37,709 basehttp 25460 14476 "GET /index/ HTTP/1.1" 200 15414
django.server INFO 2023-04-04 09:20:43,219 basehttp 25460 14476 "GET /organism_card HTTP/1.1" 200 158787
django.server INFO 2023-04-04 09:21:49,230 basehttp 25460 14476 "GET /organism_list HTTP/1.1" 200 92853
django.server INFO 2023-04-04 09:26:24,640 basehttp 25460 14476 "GET /organism/FG_0001 HTTP/1.1" 200 57229
django.server INFO 2023-04-04 09:32:20,596 basehttp 25460 26048 "GET /organism/FG_0001 HTTP/1.1" 200 57229
django.server INFO 2023-04-04 09:34:11,892 basehttp 25460 26048 "GET /organism/FG_0001 HTTP/1.1" 200 57229
django.utils.autoreload INFO 2023-04-04 09:40:38,969 autoreload 25460 25028 C:\Users\uqwzhon4\project\adjCOADD\dorganism\forms.py changed, reloading.
django.utils.autoreload INFO 2023-04-04 09:40:40,284 autoreload 3316 16952 Watching for file changes with StatReloader
django.request ERROR 2023-04-04 09:44:37,788 log 3316 23120 Internal Server Error: /organism/FG_0001
Traceback (most recent call last):
  File "C:\Users\uqwzhon4\Anaconda3\envs\orgdb_env\Lib\site-packages\django\core\handlers\exception.py", line 55, in inner
    response = get_response(request)
               ^^^^^^^^^^^^^^^^^^^^^
  File "C:\Users\uqwzhon4\Anaconda3\envs\orgdb_env\Lib\site-packages\django\core\handlers\base.py", line 197, in _get_response
    response = wrapped_callback(request, *callback_args, **callback_kwargs)
               ^^^^^^^^^^^^^^^^^^^^^^^^^^^^^^^^^^^^^^^^^^^^^^^^^^^^^^^^^^^^
  File "C:\Users\uqwzhon4\Anaconda3\envs\orgdb_env\Lib\site-packages\django\contrib\auth\decorators.py", line 23, in _wrapped_view
    return view_func(request, *args, **kwargs)
           ^^^^^^^^^^^^^^^^^^^^^^^^^^^^^^^^^^^
  File "C:\users\uqwzhon4\project\adjCOADD\dorganism\views.py", line 172, in detailOrganism
    return render(req, "dorganism/organism/organism_detail.html", context)
           ^^^^^^^^^^^^^^^^^^^^^^^^^^^^^^^^^^^^^^^^^^^^^^^^^^^^^^^^^^^^^^^
  File "C:\Users\uqwzhon4\Anaconda3\envs\orgdb_env\Lib\site-packages\django\shortcuts.py", line 24, in render
    content = loader.render_to_string(template_name, context, request, using=using)
              ^^^^^^^^^^^^^^^^^^^^^^^^^^^^^^^^^^^^^^^^^^^^^^^^^^^^^^^^^^^^^^^^^^^^^
  File "C:\Users\uqwzhon4\Anaconda3\envs\orgdb_env\Lib\site-packages\django\template\loader.py", line 61, in render_to_string
    template = get_template(template_name, using=using)
               ^^^^^^^^^^^^^^^^^^^^^^^^^^^^^^^^^^^^^^^^
  File "C:\Users\uqwzhon4\Anaconda3\envs\orgdb_env\Lib\site-packages\django\template\loader.py", line 15, in get_template
    return engine.get_template(template_name)
           ^^^^^^^^^^^^^^^^^^^^^^^^^^^^^^^^^^
  File "C:\Users\uqwzhon4\Anaconda3\envs\orgdb_env\Lib\site-packages\django\template\backends\django.py", line 34, in get_template
    return Template(self.engine.get_template(template_name), self)
                    ^^^^^^^^^^^^^^^^^^^^^^^^^^^^^^^^^^^^^^^
  File "C:\Users\uqwzhon4\Anaconda3\envs\orgdb_env\Lib\site-packages\django\template\engine.py", line 175, in get_template
    template, origin = self.find_template(template_name)
                       ^^^^^^^^^^^^^^^^^^^^^^^^^^^^^^^^^
  File "C:\Users\uqwzhon4\Anaconda3\envs\orgdb_env\Lib\site-packages\django\template\engine.py", line 157, in find_template
    template = loader.get_template(name, skip=skip)
               ^^^^^^^^^^^^^^^^^^^^^^^^^^^^^^^^^^^^
  File "C:\Users\uqwzhon4\Anaconda3\envs\orgdb_env\Lib\site-packages\django\template\loaders\cached.py", line 57, in get_template
    template = super().get_template(template_name, skip)
               ^^^^^^^^^^^^^^^^^^^^^^^^^^^^^^^^^^^^^^^^^
  File "C:\Users\uqwzhon4\Anaconda3\envs\orgdb_env\Lib\site-packages\django\template\loaders\base.py", line 28, in get_template
    return Template(
           ^^^^^^^^^
  File "C:\Users\uqwzhon4\Anaconda3\envs\orgdb_env\Lib\site-packages\django\template\base.py", line 154, in __init__
    self.nodelist = self.compile_nodelist()
                    ^^^^^^^^^^^^^^^^^^^^^^^
  File "C:\Users\uqwzhon4\Anaconda3\envs\orgdb_env\Lib\site-packages\django\template\base.py", line 200, in compile_nodelist
    return parser.parse()
           ^^^^^^^^^^^^^^
  File "C:\Users\uqwzhon4\Anaconda3\envs\orgdb_env\Lib\site-packages\django\template\base.py", line 513, in parse
    raise self.error(token, e)
  File "C:\Users\uqwzhon4\Anaconda3\envs\orgdb_env\Lib\site-packages\django\template\base.py", line 511, in parse
    compiled_result = compile_func(self, token)
                      ^^^^^^^^^^^^^^^^^^^^^^^^^
  File "C:\Users\uqwzhon4\Anaconda3\envs\orgdb_env\Lib\site-packages\django\template\loader_tags.py", line 293, in do_extends
    nodelist = parser.parse()
               ^^^^^^^^^^^^^^
  File "C:\Users\uqwzhon4\Anaconda3\envs\orgdb_env\Lib\site-packages\django\template\base.py", line 513, in parse
    raise self.error(token, e)
  File "C:\Users\uqwzhon4\Anaconda3\envs\orgdb_env\Lib\site-packages\django\template\base.py", line 511, in parse
    compiled_result = compile_func(self, token)
                      ^^^^^^^^^^^^^^^^^^^^^^^^^
  File "C:\Users\uqwzhon4\Anaconda3\envs\orgdb_env\Lib\site-packages\django\template\loader_tags.py", line 232, in do_block
    nodelist = parser.parse(("endblock",))
               ^^^^^^^^^^^^^^^^^^^^^^^^^^^
  File "C:\Users\uqwzhon4\Anaconda3\envs\orgdb_env\Lib\site-packages\django\template\base.py", line 513, in parse
    raise self.error(token, e)
  File "C:\Users\uqwzhon4\Anaconda3\envs\orgdb_env\Lib\site-packages\django\template\base.py", line 511, in parse
    compiled_result = compile_func(self, token)
                      ^^^^^^^^^^^^^^^^^^^^^^^^^
  File "C:\Users\uqwzhon4\Anaconda3\envs\orgdb_env\Lib\site-packages\django\template\defaulttags.py", line 854, in do_for
    nodelist_loop = parser.parse(
                    ^^^^^^^^^^^^^
  File "C:\Users\uqwzhon4\Anaconda3\envs\orgdb_env\Lib\site-packages\django\template\base.py", line 484, in parse
    raise self.error(token, e)
  File "C:\Users\uqwzhon4\Anaconda3\envs\orgdb_env\Lib\site-packages\django\template\base.py", line 482, in parse
    filter_expression = self.compile_filter(token.contents)
                        ^^^^^^^^^^^^^^^^^^^^^^^^^^^^^^^^^^^
  File "C:\Users\uqwzhon4\Anaconda3\envs\orgdb_env\Lib\site-packages\django\template\base.py", line 600, in compile_filter
    return FilterExpression(token, self)
           ^^^^^^^^^^^^^^^^^^^^^^^^^^^^^
  File "C:\Users\uqwzhon4\Anaconda3\envs\orgdb_env\Lib\site-packages\django\template\base.py", line 703, in __init__
    raise TemplateSyntaxError(
django.template.exceptions.TemplateSyntaxError: Could not parse the remainder: '[field_name].label_tag' from 'form[field_name].label_tag'
django.server ERROR 2023-04-04 09:44:37,792 basehttp 3316 23120 "GET /organism/FG_0001 HTTP/1.1" 500 238891
django.request ERROR 2023-04-04 09:44:56,827 log 3316 23120 Internal Server Error: /organism/FG_0001
Traceback (most recent call last):
  File "C:\Users\uqwzhon4\Anaconda3\envs\orgdb_env\Lib\site-packages\django\core\handlers\exception.py", line 55, in inner
    response = get_response(request)
               ^^^^^^^^^^^^^^^^^^^^^
  File "C:\Users\uqwzhon4\Anaconda3\envs\orgdb_env\Lib\site-packages\django\core\handlers\base.py", line 197, in _get_response
    response = wrapped_callback(request, *callback_args, **callback_kwargs)
               ^^^^^^^^^^^^^^^^^^^^^^^^^^^^^^^^^^^^^^^^^^^^^^^^^^^^^^^^^^^^
  File "C:\Users\uqwzhon4\Anaconda3\envs\orgdb_env\Lib\site-packages\django\contrib\auth\decorators.py", line 23, in _wrapped_view
    return view_func(request, *args, **kwargs)
           ^^^^^^^^^^^^^^^^^^^^^^^^^^^^^^^^^^^
  File "C:\users\uqwzhon4\project\adjCOADD\dorganism\views.py", line 172, in detailOrganism
    return render(req, "dorganism/organism/organism_detail.html", context)
           ^^^^^^^^^^^^^^^^^^^^^^^^^^^^^^^^^^^^^^^^^^^^^^^^^^^^^^^^^^^^^^^
  File "C:\Users\uqwzhon4\Anaconda3\envs\orgdb_env\Lib\site-packages\django\shortcuts.py", line 24, in render
    content = loader.render_to_string(template_name, context, request, using=using)
              ^^^^^^^^^^^^^^^^^^^^^^^^^^^^^^^^^^^^^^^^^^^^^^^^^^^^^^^^^^^^^^^^^^^^^
  File "C:\Users\uqwzhon4\Anaconda3\envs\orgdb_env\Lib\site-packages\django\template\loader.py", line 61, in render_to_string
    template = get_template(template_name, using=using)
               ^^^^^^^^^^^^^^^^^^^^^^^^^^^^^^^^^^^^^^^^
  File "C:\Users\uqwzhon4\Anaconda3\envs\orgdb_env\Lib\site-packages\django\template\loader.py", line 15, in get_template
    return engine.get_template(template_name)
           ^^^^^^^^^^^^^^^^^^^^^^^^^^^^^^^^^^
  File "C:\Users\uqwzhon4\Anaconda3\envs\orgdb_env\Lib\site-packages\django\template\backends\django.py", line 34, in get_template
    return Template(self.engine.get_template(template_name), self)
                    ^^^^^^^^^^^^^^^^^^^^^^^^^^^^^^^^^^^^^^^
  File "C:\Users\uqwzhon4\Anaconda3\envs\orgdb_env\Lib\site-packages\django\template\engine.py", line 175, in get_template
    template, origin = self.find_template(template_name)
                       ^^^^^^^^^^^^^^^^^^^^^^^^^^^^^^^^^
  File "C:\Users\uqwzhon4\Anaconda3\envs\orgdb_env\Lib\site-packages\django\template\engine.py", line 157, in find_template
    template = loader.get_template(name, skip=skip)
               ^^^^^^^^^^^^^^^^^^^^^^^^^^^^^^^^^^^^
  File "C:\Users\uqwzhon4\Anaconda3\envs\orgdb_env\Lib\site-packages\django\template\loaders\cached.py", line 57, in get_template
    template = super().get_template(template_name, skip)
               ^^^^^^^^^^^^^^^^^^^^^^^^^^^^^^^^^^^^^^^^^
  File "C:\Users\uqwzhon4\Anaconda3\envs\orgdb_env\Lib\site-packages\django\template\loaders\base.py", line 28, in get_template
    return Template(
           ^^^^^^^^^
  File "C:\Users\uqwzhon4\Anaconda3\envs\orgdb_env\Lib\site-packages\django\template\base.py", line 154, in __init__
    self.nodelist = self.compile_nodelist()
                    ^^^^^^^^^^^^^^^^^^^^^^^
  File "C:\Users\uqwzhon4\Anaconda3\envs\orgdb_env\Lib\site-packages\django\template\base.py", line 200, in compile_nodelist
    return parser.parse()
           ^^^^^^^^^^^^^^
  File "C:\Users\uqwzhon4\Anaconda3\envs\orgdb_env\Lib\site-packages\django\template\base.py", line 513, in parse
    raise self.error(token, e)
  File "C:\Users\uqwzhon4\Anaconda3\envs\orgdb_env\Lib\site-packages\django\template\base.py", line 511, in parse
    compiled_result = compile_func(self, token)
                      ^^^^^^^^^^^^^^^^^^^^^^^^^
  File "C:\Users\uqwzhon4\Anaconda3\envs\orgdb_env\Lib\site-packages\django\template\loader_tags.py", line 293, in do_extends
    nodelist = parser.parse()
               ^^^^^^^^^^^^^^
  File "C:\Users\uqwzhon4\Anaconda3\envs\orgdb_env\Lib\site-packages\django\template\base.py", line 513, in parse
    raise self.error(token, e)
  File "C:\Users\uqwzhon4\Anaconda3\envs\orgdb_env\Lib\site-packages\django\template\base.py", line 511, in parse
    compiled_result = compile_func(self, token)
                      ^^^^^^^^^^^^^^^^^^^^^^^^^
  File "C:\Users\uqwzhon4\Anaconda3\envs\orgdb_env\Lib\site-packages\django\template\loader_tags.py", line 232, in do_block
    nodelist = parser.parse(("endblock",))
               ^^^^^^^^^^^^^^^^^^^^^^^^^^^
  File "C:\Users\uqwzhon4\Anaconda3\envs\orgdb_env\Lib\site-packages\django\template\base.py", line 513, in parse
    raise self.error(token, e)
  File "C:\Users\uqwzhon4\Anaconda3\envs\orgdb_env\Lib\site-packages\django\template\base.py", line 511, in parse
    compiled_result = compile_func(self, token)
                      ^^^^^^^^^^^^^^^^^^^^^^^^^
  File "C:\Users\uqwzhon4\Anaconda3\envs\orgdb_env\Lib\site-packages\django\template\defaulttags.py", line 854, in do_for
    nodelist_loop = parser.parse(
                    ^^^^^^^^^^^^^
  File "C:\Users\uqwzhon4\Anaconda3\envs\orgdb_env\Lib\site-packages\django\template\base.py", line 484, in parse
    raise self.error(token, e)
  File "C:\Users\uqwzhon4\Anaconda3\envs\orgdb_env\Lib\site-packages\django\template\base.py", line 482, in parse
    filter_expression = self.compile_filter(token.contents)
                        ^^^^^^^^^^^^^^^^^^^^^^^^^^^^^^^^^^^
  File "C:\Users\uqwzhon4\Anaconda3\envs\orgdb_env\Lib\site-packages\django\template\base.py", line 600, in compile_filter
    return FilterExpression(token, self)
           ^^^^^^^^^^^^^^^^^^^^^^^^^^^^^
  File "C:\Users\uqwzhon4\Anaconda3\envs\orgdb_env\Lib\site-packages\django\template\base.py", line 703, in __init__
    raise TemplateSyntaxError(
django.template.exceptions.TemplateSyntaxError: Could not parse the remainder: '[field_name].label' from 'form[field_name].label'
django.server ERROR 2023-04-04 09:44:56,830 basehttp 3316 23120 "GET /organism/FG_0001 HTTP/1.1" 500 238823
django.request ERROR 2023-04-04 09:45:03,094 log 3316 23120 Internal Server Error: /organism/FG_0001
Traceback (most recent call last):
  File "C:\Users\uqwzhon4\Anaconda3\envs\orgdb_env\Lib\site-packages\django\template\base.py", line 505, in parse
    compile_func = self.tags[command]
                   ~~~~~~~~~^^^^^^^^^
KeyError: 'endblock'

During handling of the above exception, another exception occurred:

Traceback (most recent call last):
  File "C:\Users\uqwzhon4\Anaconda3\envs\orgdb_env\Lib\site-packages\django\core\handlers\exception.py", line 55, in inner
    response = get_response(request)
               ^^^^^^^^^^^^^^^^^^^^^
  File "C:\Users\uqwzhon4\Anaconda3\envs\orgdb_env\Lib\site-packages\django\core\handlers\base.py", line 197, in _get_response
    response = wrapped_callback(request, *callback_args, **callback_kwargs)
               ^^^^^^^^^^^^^^^^^^^^^^^^^^^^^^^^^^^^^^^^^^^^^^^^^^^^^^^^^^^^
  File "C:\Users\uqwzhon4\Anaconda3\envs\orgdb_env\Lib\site-packages\django\contrib\auth\decorators.py", line 23, in _wrapped_view
    return view_func(request, *args, **kwargs)
           ^^^^^^^^^^^^^^^^^^^^^^^^^^^^^^^^^^^
  File "C:\users\uqwzhon4\project\adjCOADD\dorganism\views.py", line 172, in detailOrganism
    return render(req, "dorganism/organism/organism_detail.html", context)
           ^^^^^^^^^^^^^^^^^^^^^^^^^^^^^^^^^^^^^^^^^^^^^^^^^^^^^^^^^^^^^^^
  File "C:\Users\uqwzhon4\Anaconda3\envs\orgdb_env\Lib\site-packages\django\shortcuts.py", line 24, in render
    content = loader.render_to_string(template_name, context, request, using=using)
              ^^^^^^^^^^^^^^^^^^^^^^^^^^^^^^^^^^^^^^^^^^^^^^^^^^^^^^^^^^^^^^^^^^^^^
  File "C:\Users\uqwzhon4\Anaconda3\envs\orgdb_env\Lib\site-packages\django\template\loader.py", line 61, in render_to_string
    template = get_template(template_name, using=using)
               ^^^^^^^^^^^^^^^^^^^^^^^^^^^^^^^^^^^^^^^^
  File "C:\Users\uqwzhon4\Anaconda3\envs\orgdb_env\Lib\site-packages\django\template\loader.py", line 15, in get_template
    return engine.get_template(template_name)
           ^^^^^^^^^^^^^^^^^^^^^^^^^^^^^^^^^^
  File "C:\Users\uqwzhon4\Anaconda3\envs\orgdb_env\Lib\site-packages\django\template\backends\django.py", line 34, in get_template
    return Template(self.engine.get_template(template_name), self)
                    ^^^^^^^^^^^^^^^^^^^^^^^^^^^^^^^^^^^^^^^
  File "C:\Users\uqwzhon4\Anaconda3\envs\orgdb_env\Lib\site-packages\django\template\engine.py", line 175, in get_template
    template, origin = self.find_template(template_name)
                       ^^^^^^^^^^^^^^^^^^^^^^^^^^^^^^^^^
  File "C:\Users\uqwzhon4\Anaconda3\envs\orgdb_env\Lib\site-packages\django\template\engine.py", line 157, in find_template
    template = loader.get_template(name, skip=skip)
               ^^^^^^^^^^^^^^^^^^^^^^^^^^^^^^^^^^^^
  File "C:\Users\uqwzhon4\Anaconda3\envs\orgdb_env\Lib\site-packages\django\template\loaders\cached.py", line 57, in get_template
    template = super().get_template(template_name, skip)
               ^^^^^^^^^^^^^^^^^^^^^^^^^^^^^^^^^^^^^^^^^
  File "C:\Users\uqwzhon4\Anaconda3\envs\orgdb_env\Lib\site-packages\django\template\loaders\base.py", line 28, in get_template
    return Template(
           ^^^^^^^^^
  File "C:\Users\uqwzhon4\Anaconda3\envs\orgdb_env\Lib\site-packages\django\template\base.py", line 154, in __init__
    self.nodelist = self.compile_nodelist()
                    ^^^^^^^^^^^^^^^^^^^^^^^
  File "C:\Users\uqwzhon4\Anaconda3\envs\orgdb_env\Lib\site-packages\django\template\base.py", line 200, in compile_nodelist
    return parser.parse()
           ^^^^^^^^^^^^^^
  File "C:\Users\uqwzhon4\Anaconda3\envs\orgdb_env\Lib\site-packages\django\template\base.py", line 513, in parse
    raise self.error(token, e)
  File "C:\Users\uqwzhon4\Anaconda3\envs\orgdb_env\Lib\site-packages\django\template\base.py", line 511, in parse
    compiled_result = compile_func(self, token)
                      ^^^^^^^^^^^^^^^^^^^^^^^^^
  File "C:\Users\uqwzhon4\Anaconda3\envs\orgdb_env\Lib\site-packages\django\template\loader_tags.py", line 293, in do_extends
    nodelist = parser.parse()
               ^^^^^^^^^^^^^^
  File "C:\Users\uqwzhon4\Anaconda3\envs\orgdb_env\Lib\site-packages\django\template\base.py", line 513, in parse
    raise self.error(token, e)
  File "C:\Users\uqwzhon4\Anaconda3\envs\orgdb_env\Lib\site-packages\django\template\base.py", line 511, in parse
    compiled_result = compile_func(self, token)
                      ^^^^^^^^^^^^^^^^^^^^^^^^^
  File "C:\Users\uqwzhon4\Anaconda3\envs\orgdb_env\Lib\site-packages\django\template\loader_tags.py", line 232, in do_block
    nodelist = parser.parse(("endblock",))
               ^^^^^^^^^^^^^^^^^^^^^^^^^^^
  File "C:\Users\uqwzhon4\Anaconda3\envs\orgdb_env\Lib\site-packages\django\template\base.py", line 513, in parse
    raise self.error(token, e)
  File "C:\Users\uqwzhon4\Anaconda3\envs\orgdb_env\Lib\site-packages\django\template\base.py", line 511, in parse
    compiled_result = compile_func(self, token)
                      ^^^^^^^^^^^^^^^^^^^^^^^^^
  File "C:\Users\uqwzhon4\Anaconda3\envs\orgdb_env\Lib\site-packages\django\template\defaulttags.py", line 854, in do_for
    nodelist_loop = parser.parse(
                    ^^^^^^^^^^^^^
  File "C:\Users\uqwzhon4\Anaconda3\envs\orgdb_env\Lib\site-packages\django\template\base.py", line 507, in parse
    self.invalid_block_tag(token, command, parse_until)
  File "C:\Users\uqwzhon4\Anaconda3\envs\orgdb_env\Lib\site-packages\django\template\base.py", line 558, in invalid_block_tag
    raise self.error(
django.template.exceptions.TemplateSyntaxError: Invalid block tag on line 120: 'endblock', expected 'empty' or 'endfor'. Did you forget to register or load this tag?
django.server ERROR 2023-04-04 09:45:03,097 basehttp 3316 23120 "GET /organism/FG_0001 HTTP/1.1" 500 217258
django.server INFO 2023-04-04 09:45:20,512 basehttp 3316 23120 "GET /organism/FG_0001 HTTP/1.1" 200 57985
django.server INFO 2023-04-04 09:45:50,888 basehttp 3316 23120 "GET /organism/FG_0001 HTTP/1.1" 200 57985
django.server INFO 2023-04-04 09:51:07,729 basehttp 3316 24524 "GET /organism/FG_0001 HTTP/1.1" 200 59447
django.server INFO 2023-04-04 09:51:25,432 basehttp 3316 24524 "GET /organism/FG_0001 HTTP/1.1" 200 59447
django.server INFO 2023-04-04 09:51:30,822 basehttp 3316 24524 "GET /organism/FG_0001 HTTP/1.1" 200 59447
django.server INFO 2023-04-04 09:51:48,234 basehttp 3316 24524 "GET /organism/FG_0001 HTTP/1.1" 200 59358
django.server INFO 2023-04-04 09:51:53,431 basehttp 3316 24524 "GET /organism/FG_0001 HTTP/1.1" 200 59358
django.request ERROR 2023-04-04 09:52:21,768 log 3316 24524 Internal Server Error: /organism/FG_0001
Traceback (most recent call last):
  File "C:\Users\uqwzhon4\Anaconda3\envs\orgdb_env\Lib\site-packages\django\core\handlers\exception.py", line 55, in inner
    response = get_response(request)
               ^^^^^^^^^^^^^^^^^^^^^
  File "C:\Users\uqwzhon4\Anaconda3\envs\orgdb_env\Lib\site-packages\django\core\handlers\base.py", line 197, in _get_response
    response = wrapped_callback(request, *callback_args, **callback_kwargs)
               ^^^^^^^^^^^^^^^^^^^^^^^^^^^^^^^^^^^^^^^^^^^^^^^^^^^^^^^^^^^^
  File "C:\Users\uqwzhon4\Anaconda3\envs\orgdb_env\Lib\site-packages\django\contrib\auth\decorators.py", line 23, in _wrapped_view
    return view_func(request, *args, **kwargs)
           ^^^^^^^^^^^^^^^^^^^^^^^^^^^^^^^^^^^
  File "C:\users\uqwzhon4\project\adjCOADD\dorganism\views.py", line 172, in detailOrganism
    return render(req, "dorganism/organism/organism_detail.html", context)
           ^^^^^^^^^^^^^^^^^^^^^^^^^^^^^^^^^^^^^^^^^^^^^^^^^^^^^^^^^^^^^^^
  File "C:\Users\uqwzhon4\Anaconda3\envs\orgdb_env\Lib\site-packages\django\shortcuts.py", line 24, in render
    content = loader.render_to_string(template_name, context, request, using=using)
              ^^^^^^^^^^^^^^^^^^^^^^^^^^^^^^^^^^^^^^^^^^^^^^^^^^^^^^^^^^^^^^^^^^^^^
  File "C:\Users\uqwzhon4\Anaconda3\envs\orgdb_env\Lib\site-packages\django\template\loader.py", line 61, in render_to_string
    template = get_template(template_name, using=using)
               ^^^^^^^^^^^^^^^^^^^^^^^^^^^^^^^^^^^^^^^^
  File "C:\Users\uqwzhon4\Anaconda3\envs\orgdb_env\Lib\site-packages\django\template\loader.py", line 15, in get_template
    return engine.get_template(template_name)
           ^^^^^^^^^^^^^^^^^^^^^^^^^^^^^^^^^^
  File "C:\Users\uqwzhon4\Anaconda3\envs\orgdb_env\Lib\site-packages\django\template\backends\django.py", line 34, in get_template
    return Template(self.engine.get_template(template_name), self)
                    ^^^^^^^^^^^^^^^^^^^^^^^^^^^^^^^^^^^^^^^
  File "C:\Users\uqwzhon4\Anaconda3\envs\orgdb_env\Lib\site-packages\django\template\engine.py", line 175, in get_template
    template, origin = self.find_template(template_name)
                       ^^^^^^^^^^^^^^^^^^^^^^^^^^^^^^^^^
  File "C:\Users\uqwzhon4\Anaconda3\envs\orgdb_env\Lib\site-packages\django\template\engine.py", line 157, in find_template
    template = loader.get_template(name, skip=skip)
               ^^^^^^^^^^^^^^^^^^^^^^^^^^^^^^^^^^^^
  File "C:\Users\uqwzhon4\Anaconda3\envs\orgdb_env\Lib\site-packages\django\template\loaders\cached.py", line 57, in get_template
    template = super().get_template(template_name, skip)
               ^^^^^^^^^^^^^^^^^^^^^^^^^^^^^^^^^^^^^^^^^
  File "C:\Users\uqwzhon4\Anaconda3\envs\orgdb_env\Lib\site-packages\django\template\loaders\base.py", line 28, in get_template
    return Template(
           ^^^^^^^^^
  File "C:\Users\uqwzhon4\Anaconda3\envs\orgdb_env\Lib\site-packages\django\template\base.py", line 154, in __init__
    self.nodelist = self.compile_nodelist()
                    ^^^^^^^^^^^^^^^^^^^^^^^
  File "C:\Users\uqwzhon4\Anaconda3\envs\orgdb_env\Lib\site-packages\django\template\base.py", line 200, in compile_nodelist
    return parser.parse()
           ^^^^^^^^^^^^^^
  File "C:\Users\uqwzhon4\Anaconda3\envs\orgdb_env\Lib\site-packages\django\template\base.py", line 513, in parse
    raise self.error(token, e)
  File "C:\Users\uqwzhon4\Anaconda3\envs\orgdb_env\Lib\site-packages\django\template\base.py", line 511, in parse
    compiled_result = compile_func(self, token)
                      ^^^^^^^^^^^^^^^^^^^^^^^^^
  File "C:\Users\uqwzhon4\Anaconda3\envs\orgdb_env\Lib\site-packages\django\template\loader_tags.py", line 293, in do_extends
    nodelist = parser.parse()
               ^^^^^^^^^^^^^^
  File "C:\Users\uqwzhon4\Anaconda3\envs\orgdb_env\Lib\site-packages\django\template\base.py", line 513, in parse
    raise self.error(token, e)
  File "C:\Users\uqwzhon4\Anaconda3\envs\orgdb_env\Lib\site-packages\django\template\base.py", line 511, in parse
    compiled_result = compile_func(self, token)
                      ^^^^^^^^^^^^^^^^^^^^^^^^^
  File "C:\Users\uqwzhon4\Anaconda3\envs\orgdb_env\Lib\site-packages\django\template\loader_tags.py", line 232, in do_block
    nodelist = parser.parse(("endblock",))
               ^^^^^^^^^^^^^^^^^^^^^^^^^^^
  File "C:\Users\uqwzhon4\Anaconda3\envs\orgdb_env\Lib\site-packages\django\template\base.py", line 513, in parse
    raise self.error(token, e)
  File "C:\Users\uqwzhon4\Anaconda3\envs\orgdb_env\Lib\site-packages\django\template\base.py", line 511, in parse
    compiled_result = compile_func(self, token)
                      ^^^^^^^^^^^^^^^^^^^^^^^^^
  File "C:\Users\uqwzhon4\Anaconda3\envs\orgdb_env\Lib\site-packages\django\template\defaulttags.py", line 854, in do_for
    nodelist_loop = parser.parse(
                    ^^^^^^^^^^^^^
  File "C:\Users\uqwzhon4\Anaconda3\envs\orgdb_env\Lib\site-packages\django\template\base.py", line 484, in parse
    raise self.error(token, e)
  File "C:\Users\uqwzhon4\Anaconda3\envs\orgdb_env\Lib\site-packages\django\template\base.py", line 482, in parse
    filter_expression = self.compile_filter(token.contents)
                        ^^^^^^^^^^^^^^^^^^^^^^^^^^^^^^^^^^^
  File "C:\Users\uqwzhon4\Anaconda3\envs\orgdb_env\Lib\site-packages\django\template\base.py", line 600, in compile_filter
    return FilterExpression(token, self)
           ^^^^^^^^^^^^^^^^^^^^^^^^^^^^^
  File "C:\Users\uqwzhon4\Anaconda3\envs\orgdb_env\Lib\site-packages\django\template\base.py", line 703, in __init__
    raise TemplateSyntaxError(
django.template.exceptions.TemplateSyntaxError: Could not parse the remainder: '[field]' from 'form[field]'
django.server ERROR 2023-04-04 09:52:21,770 basehttp 3316 24524 "GET /organism/FG_0001 HTTP/1.1" 500 239740
django.server INFO 2023-04-04 09:52:31,914 basehttp 3316 24524 "GET /organism/FG_0001 HTTP/1.1" 200 59304
django.server INFO 2023-04-04 09:52:37,822 basehttp 3316 24524 "GET /organism/FG_0001 HTTP/1.1" 200 59304
django.request ERROR 2023-04-04 09:52:57,259 log 3316 24524 Internal Server Error: /organism/FG_0001
Traceback (most recent call last):
  File "C:\Users\uqwzhon4\Anaconda3\envs\orgdb_env\Lib\site-packages\django\core\handlers\exception.py", line 55, in inner
    response = get_response(request)
               ^^^^^^^^^^^^^^^^^^^^^
  File "C:\Users\uqwzhon4\Anaconda3\envs\orgdb_env\Lib\site-packages\django\core\handlers\base.py", line 197, in _get_response
    response = wrapped_callback(request, *callback_args, **callback_kwargs)
               ^^^^^^^^^^^^^^^^^^^^^^^^^^^^^^^^^^^^^^^^^^^^^^^^^^^^^^^^^^^^
  File "C:\Users\uqwzhon4\Anaconda3\envs\orgdb_env\Lib\site-packages\django\contrib\auth\decorators.py", line 23, in _wrapped_view
    return view_func(request, *args, **kwargs)
           ^^^^^^^^^^^^^^^^^^^^^^^^^^^^^^^^^^^
  File "C:\users\uqwzhon4\project\adjCOADD\dorganism\views.py", line 172, in detailOrganism
    return render(req, "dorganism/organism/organism_detail.html", context)
           ^^^^^^^^^^^^^^^^^^^^^^^^^^^^^^^^^^^^^^^^^^^^^^^^^^^^^^^^^^^^^^^
  File "C:\Users\uqwzhon4\Anaconda3\envs\orgdb_env\Lib\site-packages\django\shortcuts.py", line 24, in render
    content = loader.render_to_string(template_name, context, request, using=using)
              ^^^^^^^^^^^^^^^^^^^^^^^^^^^^^^^^^^^^^^^^^^^^^^^^^^^^^^^^^^^^^^^^^^^^^
  File "C:\Users\uqwzhon4\Anaconda3\envs\orgdb_env\Lib\site-packages\django\template\loader.py", line 61, in render_to_string
    template = get_template(template_name, using=using)
               ^^^^^^^^^^^^^^^^^^^^^^^^^^^^^^^^^^^^^^^^
  File "C:\Users\uqwzhon4\Anaconda3\envs\orgdb_env\Lib\site-packages\django\template\loader.py", line 15, in get_template
    return engine.get_template(template_name)
           ^^^^^^^^^^^^^^^^^^^^^^^^^^^^^^^^^^
  File "C:\Users\uqwzhon4\Anaconda3\envs\orgdb_env\Lib\site-packages\django\template\backends\django.py", line 34, in get_template
    return Template(self.engine.get_template(template_name), self)
                    ^^^^^^^^^^^^^^^^^^^^^^^^^^^^^^^^^^^^^^^
  File "C:\Users\uqwzhon4\Anaconda3\envs\orgdb_env\Lib\site-packages\django\template\engine.py", line 175, in get_template
    template, origin = self.find_template(template_name)
                       ^^^^^^^^^^^^^^^^^^^^^^^^^^^^^^^^^
  File "C:\Users\uqwzhon4\Anaconda3\envs\orgdb_env\Lib\site-packages\django\template\engine.py", line 157, in find_template
    template = loader.get_template(name, skip=skip)
               ^^^^^^^^^^^^^^^^^^^^^^^^^^^^^^^^^^^^
  File "C:\Users\uqwzhon4\Anaconda3\envs\orgdb_env\Lib\site-packages\django\template\loaders\cached.py", line 57, in get_template
    template = super().get_template(template_name, skip)
               ^^^^^^^^^^^^^^^^^^^^^^^^^^^^^^^^^^^^^^^^^
  File "C:\Users\uqwzhon4\Anaconda3\envs\orgdb_env\Lib\site-packages\django\template\loaders\base.py", line 28, in get_template
    return Template(
           ^^^^^^^^^
  File "C:\Users\uqwzhon4\Anaconda3\envs\orgdb_env\Lib\site-packages\django\template\base.py", line 154, in __init__
    self.nodelist = self.compile_nodelist()
                    ^^^^^^^^^^^^^^^^^^^^^^^
  File "C:\Users\uqwzhon4\Anaconda3\envs\orgdb_env\Lib\site-packages\django\template\base.py", line 200, in compile_nodelist
    return parser.parse()
           ^^^^^^^^^^^^^^
  File "C:\Users\uqwzhon4\Anaconda3\envs\orgdb_env\Lib\site-packages\django\template\base.py", line 513, in parse
    raise self.error(token, e)
  File "C:\Users\uqwzhon4\Anaconda3\envs\orgdb_env\Lib\site-packages\django\template\base.py", line 511, in parse
    compiled_result = compile_func(self, token)
                      ^^^^^^^^^^^^^^^^^^^^^^^^^
  File "C:\Users\uqwzhon4\Anaconda3\envs\orgdb_env\Lib\site-packages\django\template\loader_tags.py", line 293, in do_extends
    nodelist = parser.parse()
               ^^^^^^^^^^^^^^
  File "C:\Users\uqwzhon4\Anaconda3\envs\orgdb_env\Lib\site-packages\django\template\base.py", line 513, in parse
    raise self.error(token, e)
  File "C:\Users\uqwzhon4\Anaconda3\envs\orgdb_env\Lib\site-packages\django\template\base.py", line 511, in parse
    compiled_result = compile_func(self, token)
                      ^^^^^^^^^^^^^^^^^^^^^^^^^
  File "C:\Users\uqwzhon4\Anaconda3\envs\orgdb_env\Lib\site-packages\django\template\loader_tags.py", line 232, in do_block
    nodelist = parser.parse(("endblock",))
               ^^^^^^^^^^^^^^^^^^^^^^^^^^^
  File "C:\Users\uqwzhon4\Anaconda3\envs\orgdb_env\Lib\site-packages\django\template\base.py", line 513, in parse
    raise self.error(token, e)
  File "C:\Users\uqwzhon4\Anaconda3\envs\orgdb_env\Lib\site-packages\django\template\base.py", line 511, in parse
    compiled_result = compile_func(self, token)
                      ^^^^^^^^^^^^^^^^^^^^^^^^^
  File "C:\Users\uqwzhon4\Anaconda3\envs\orgdb_env\Lib\site-packages\django\template\defaulttags.py", line 854, in do_for
    nodelist_loop = parser.parse(
                    ^^^^^^^^^^^^^
  File "C:\Users\uqwzhon4\Anaconda3\envs\orgdb_env\Lib\site-packages\django\template\base.py", line 484, in parse
    raise self.error(token, e)
  File "C:\Users\uqwzhon4\Anaconda3\envs\orgdb_env\Lib\site-packages\django\template\base.py", line 482, in parse
    filter_expression = self.compile_filter(token.contents)
                        ^^^^^^^^^^^^^^^^^^^^^^^^^^^^^^^^^^^
  File "C:\Users\uqwzhon4\Anaconda3\envs\orgdb_env\Lib\site-packages\django\template\base.py", line 600, in compile_filter
    return FilterExpression(token, self)
           ^^^^^^^^^^^^^^^^^^^^^^^^^^^^^
  File "C:\Users\uqwzhon4\Anaconda3\envs\orgdb_env\Lib\site-packages\django\template\base.py", line 703, in __init__
    raise TemplateSyntaxError(
django.template.exceptions.TemplateSyntaxError: Could not parse the remainder: '[field]' from 'form.fields[field]'
django.server ERROR 2023-04-04 09:52:57,261 basehttp 3316 24524 "GET /organism/FG_0001 HTTP/1.1" 500 239845
django.server INFO 2023-04-04 09:55:41,417 basehttp 3316 24524 "GET /organism/FG_0001 HTTP/1.1" 200 59918
django.server INFO 2023-04-04 09:56:47,208 basehttp 3316 24524 "GET /organism/FG_0001 HTTP/1.1" 200 58899
django.server INFO 2023-04-04 09:57:02,309 basehttp 3316 24524 "GET /organism/FG_0001 HTTP/1.1" 200 98904
django.server INFO 2023-04-04 09:57:10,030 basehttp 3316 24524 "GET /organism/FG_0001 HTTP/1.1" 200 64875
django.request ERROR 2023-04-04 09:57:42,805 log 3316 24524 Internal Server Error: /organism/FG_0001
Traceback (most recent call last):
  File "C:\Users\uqwzhon4\Anaconda3\envs\orgdb_env\Lib\site-packages\django\core\handlers\exception.py", line 55, in inner
    response = get_response(request)
               ^^^^^^^^^^^^^^^^^^^^^
  File "C:\Users\uqwzhon4\Anaconda3\envs\orgdb_env\Lib\site-packages\django\core\handlers\base.py", line 197, in _get_response
    response = wrapped_callback(request, *callback_args, **callback_kwargs)
               ^^^^^^^^^^^^^^^^^^^^^^^^^^^^^^^^^^^^^^^^^^^^^^^^^^^^^^^^^^^^
  File "C:\Users\uqwzhon4\Anaconda3\envs\orgdb_env\Lib\site-packages\django\contrib\auth\decorators.py", line 23, in _wrapped_view
    return view_func(request, *args, **kwargs)
           ^^^^^^^^^^^^^^^^^^^^^^^^^^^^^^^^^^^
  File "C:\users\uqwzhon4\project\adjCOADD\dorganism\views.py", line 172, in detailOrganism
    return render(req, "dorganism/organism/organism_detail.html", context)
           ^^^^^^^^^^^^^^^^^^^^^^^^^^^^^^^^^^^^^^^^^^^^^^^^^^^^^^^^^^^^^^^
  File "C:\Users\uqwzhon4\Anaconda3\envs\orgdb_env\Lib\site-packages\django\shortcuts.py", line 24, in render
    content = loader.render_to_string(template_name, context, request, using=using)
              ^^^^^^^^^^^^^^^^^^^^^^^^^^^^^^^^^^^^^^^^^^^^^^^^^^^^^^^^^^^^^^^^^^^^^
  File "C:\Users\uqwzhon4\Anaconda3\envs\orgdb_env\Lib\site-packages\django\template\loader.py", line 61, in render_to_string
    template = get_template(template_name, using=using)
               ^^^^^^^^^^^^^^^^^^^^^^^^^^^^^^^^^^^^^^^^
  File "C:\Users\uqwzhon4\Anaconda3\envs\orgdb_env\Lib\site-packages\django\template\loader.py", line 15, in get_template
    return engine.get_template(template_name)
           ^^^^^^^^^^^^^^^^^^^^^^^^^^^^^^^^^^
  File "C:\Users\uqwzhon4\Anaconda3\envs\orgdb_env\Lib\site-packages\django\template\backends\django.py", line 34, in get_template
    return Template(self.engine.get_template(template_name), self)
                    ^^^^^^^^^^^^^^^^^^^^^^^^^^^^^^^^^^^^^^^
  File "C:\Users\uqwzhon4\Anaconda3\envs\orgdb_env\Lib\site-packages\django\template\engine.py", line 175, in get_template
    template, origin = self.find_template(template_name)
                       ^^^^^^^^^^^^^^^^^^^^^^^^^^^^^^^^^
  File "C:\Users\uqwzhon4\Anaconda3\envs\orgdb_env\Lib\site-packages\django\template\engine.py", line 157, in find_template
    template = loader.get_template(name, skip=skip)
               ^^^^^^^^^^^^^^^^^^^^^^^^^^^^^^^^^^^^
  File "C:\Users\uqwzhon4\Anaconda3\envs\orgdb_env\Lib\site-packages\django\template\loaders\cached.py", line 57, in get_template
    template = super().get_template(template_name, skip)
               ^^^^^^^^^^^^^^^^^^^^^^^^^^^^^^^^^^^^^^^^^
  File "C:\Users\uqwzhon4\Anaconda3\envs\orgdb_env\Lib\site-packages\django\template\loaders\base.py", line 28, in get_template
    return Template(
           ^^^^^^^^^
  File "C:\Users\uqwzhon4\Anaconda3\envs\orgdb_env\Lib\site-packages\django\template\base.py", line 154, in __init__
    self.nodelist = self.compile_nodelist()
                    ^^^^^^^^^^^^^^^^^^^^^^^
  File "C:\Users\uqwzhon4\Anaconda3\envs\orgdb_env\Lib\site-packages\django\template\base.py", line 200, in compile_nodelist
    return parser.parse()
           ^^^^^^^^^^^^^^
  File "C:\Users\uqwzhon4\Anaconda3\envs\orgdb_env\Lib\site-packages\django\template\base.py", line 513, in parse
    raise self.error(token, e)
  File "C:\Users\uqwzhon4\Anaconda3\envs\orgdb_env\Lib\site-packages\django\template\base.py", line 511, in parse
    compiled_result = compile_func(self, token)
                      ^^^^^^^^^^^^^^^^^^^^^^^^^
  File "C:\Users\uqwzhon4\Anaconda3\envs\orgdb_env\Lib\site-packages\django\template\loader_tags.py", line 293, in do_extends
    nodelist = parser.parse()
               ^^^^^^^^^^^^^^
  File "C:\Users\uqwzhon4\Anaconda3\envs\orgdb_env\Lib\site-packages\django\template\base.py", line 513, in parse
    raise self.error(token, e)
  File "C:\Users\uqwzhon4\Anaconda3\envs\orgdb_env\Lib\site-packages\django\template\base.py", line 511, in parse
    compiled_result = compile_func(self, token)
                      ^^^^^^^^^^^^^^^^^^^^^^^^^
  File "C:\Users\uqwzhon4\Anaconda3\envs\orgdb_env\Lib\site-packages\django\template\loader_tags.py", line 232, in do_block
    nodelist = parser.parse(("endblock",))
               ^^^^^^^^^^^^^^^^^^^^^^^^^^^
  File "C:\Users\uqwzhon4\Anaconda3\envs\orgdb_env\Lib\site-packages\django\template\base.py", line 513, in parse
    raise self.error(token, e)
  File "C:\Users\uqwzhon4\Anaconda3\envs\orgdb_env\Lib\site-packages\django\template\base.py", line 511, in parse
    compiled_result = compile_func(self, token)
                      ^^^^^^^^^^^^^^^^^^^^^^^^^
  File "C:\Users\uqwzhon4\Anaconda3\envs\orgdb_env\Lib\site-packages\django\template\defaulttags.py", line 854, in do_for
    nodelist_loop = parser.parse(
                    ^^^^^^^^^^^^^
  File "C:\Users\uqwzhon4\Anaconda3\envs\orgdb_env\Lib\site-packages\django\template\base.py", line 484, in parse
    raise self.error(token, e)
  File "C:\Users\uqwzhon4\Anaconda3\envs\orgdb_env\Lib\site-packages\django\template\base.py", line 482, in parse
    filter_expression = self.compile_filter(token.contents)
                        ^^^^^^^^^^^^^^^^^^^^^^^^^^^^^^^^^^^
  File "C:\Users\uqwzhon4\Anaconda3\envs\orgdb_env\Lib\site-packages\django\template\base.py", line 600, in compile_filter
    return FilterExpression(token, self)
           ^^^^^^^^^^^^^^^^^^^^^^^^^^^^^
  File "C:\Users\uqwzhon4\Anaconda3\envs\orgdb_env\Lib\site-packages\django\template\base.py", line 703, in __init__
    raise TemplateSyntaxError(
django.template.exceptions.TemplateSyntaxError: Could not parse the remainder: '[field]' from 'form[field]'
django.server ERROR 2023-04-04 09:57:42,807 basehttp 3316 24524 "GET /organism/FG_0001 HTTP/1.1" 500 239646
django.request ERROR 2023-04-04 10:00:06,263 log 3316 24524 Internal Server Error: /organism/FG_0001
Traceback (most recent call last):
  File "C:\Users\uqwzhon4\Anaconda3\envs\orgdb_env\Lib\site-packages\django\template\smartif.py", line 179, in translate_token
    op = OPERATORS[token]
         ~~~~~~~~~^^^^^^^
KeyError: 'form[field_name].widget.input_type'

During handling of the above exception, another exception occurred:

Traceback (most recent call last):
  File "C:\Users\uqwzhon4\Anaconda3\envs\orgdb_env\Lib\site-packages\django\core\handlers\exception.py", line 55, in inner
    response = get_response(request)
               ^^^^^^^^^^^^^^^^^^^^^
  File "C:\Users\uqwzhon4\Anaconda3\envs\orgdb_env\Lib\site-packages\django\core\handlers\base.py", line 197, in _get_response
    response = wrapped_callback(request, *callback_args, **callback_kwargs)
               ^^^^^^^^^^^^^^^^^^^^^^^^^^^^^^^^^^^^^^^^^^^^^^^^^^^^^^^^^^^^
  File "C:\Users\uqwzhon4\Anaconda3\envs\orgdb_env\Lib\site-packages\django\contrib\auth\decorators.py", line 23, in _wrapped_view
    return view_func(request, *args, **kwargs)
           ^^^^^^^^^^^^^^^^^^^^^^^^^^^^^^^^^^^
  File "C:\users\uqwzhon4\project\adjCOADD\dorganism\views.py", line 172, in detailOrganism
    return render(req, "dorganism/organism/organism_detail.html", context)
           ^^^^^^^^^^^^^^^^^^^^^^^^^^^^^^^^^^^^^^^^^^^^^^^^^^^^^^^^^^^^^^^
  File "C:\Users\uqwzhon4\Anaconda3\envs\orgdb_env\Lib\site-packages\django\shortcuts.py", line 24, in render
    content = loader.render_to_string(template_name, context, request, using=using)
              ^^^^^^^^^^^^^^^^^^^^^^^^^^^^^^^^^^^^^^^^^^^^^^^^^^^^^^^^^^^^^^^^^^^^^
  File "C:\Users\uqwzhon4\Anaconda3\envs\orgdb_env\Lib\site-packages\django\template\loader.py", line 61, in render_to_string
    template = get_template(template_name, using=using)
               ^^^^^^^^^^^^^^^^^^^^^^^^^^^^^^^^^^^^^^^^
  File "C:\Users\uqwzhon4\Anaconda3\envs\orgdb_env\Lib\site-packages\django\template\loader.py", line 15, in get_template
    return engine.get_template(template_name)
           ^^^^^^^^^^^^^^^^^^^^^^^^^^^^^^^^^^
  File "C:\Users\uqwzhon4\Anaconda3\envs\orgdb_env\Lib\site-packages\django\template\backends\django.py", line 34, in get_template
    return Template(self.engine.get_template(template_name), self)
                    ^^^^^^^^^^^^^^^^^^^^^^^^^^^^^^^^^^^^^^^
  File "C:\Users\uqwzhon4\Anaconda3\envs\orgdb_env\Lib\site-packages\django\template\engine.py", line 175, in get_template
    template, origin = self.find_template(template_name)
                       ^^^^^^^^^^^^^^^^^^^^^^^^^^^^^^^^^
  File "C:\Users\uqwzhon4\Anaconda3\envs\orgdb_env\Lib\site-packages\django\template\engine.py", line 157, in find_template
    template = loader.get_template(name, skip=skip)
               ^^^^^^^^^^^^^^^^^^^^^^^^^^^^^^^^^^^^
  File "C:\Users\uqwzhon4\Anaconda3\envs\orgdb_env\Lib\site-packages\django\template\loaders\cached.py", line 57, in get_template
    template = super().get_template(template_name, skip)
               ^^^^^^^^^^^^^^^^^^^^^^^^^^^^^^^^^^^^^^^^^
  File "C:\Users\uqwzhon4\Anaconda3\envs\orgdb_env\Lib\site-packages\django\template\loaders\base.py", line 28, in get_template
    return Template(
           ^^^^^^^^^
  File "C:\Users\uqwzhon4\Anaconda3\envs\orgdb_env\Lib\site-packages\django\template\base.py", line 154, in __init__
    self.nodelist = self.compile_nodelist()
                    ^^^^^^^^^^^^^^^^^^^^^^^
  File "C:\Users\uqwzhon4\Anaconda3\envs\orgdb_env\Lib\site-packages\django\template\base.py", line 200, in compile_nodelist
    return parser.parse()
           ^^^^^^^^^^^^^^
  File "C:\Users\uqwzhon4\Anaconda3\envs\orgdb_env\Lib\site-packages\django\template\base.py", line 513, in parse
    raise self.error(token, e)
  File "C:\Users\uqwzhon4\Anaconda3\envs\orgdb_env\Lib\site-packages\django\template\base.py", line 511, in parse
    compiled_result = compile_func(self, token)
                      ^^^^^^^^^^^^^^^^^^^^^^^^^
  File "C:\Users\uqwzhon4\Anaconda3\envs\orgdb_env\Lib\site-packages\django\template\loader_tags.py", line 293, in do_extends
    nodelist = parser.parse()
               ^^^^^^^^^^^^^^
  File "C:\Users\uqwzhon4\Anaconda3\envs\orgdb_env\Lib\site-packages\django\template\base.py", line 513, in parse
    raise self.error(token, e)
  File "C:\Users\uqwzhon4\Anaconda3\envs\orgdb_env\Lib\site-packages\django\template\base.py", line 511, in parse
    compiled_result = compile_func(self, token)
                      ^^^^^^^^^^^^^^^^^^^^^^^^^
  File "C:\Users\uqwzhon4\Anaconda3\envs\orgdb_env\Lib\site-packages\django\template\loader_tags.py", line 232, in do_block
    nodelist = parser.parse(("endblock",))
               ^^^^^^^^^^^^^^^^^^^^^^^^^^^
  File "C:\Users\uqwzhon4\Anaconda3\envs\orgdb_env\Lib\site-packages\django\template\base.py", line 513, in parse
    raise self.error(token, e)
  File "C:\Users\uqwzhon4\Anaconda3\envs\orgdb_env\Lib\site-packages\django\template\base.py", line 511, in parse
    compiled_result = compile_func(self, token)
                      ^^^^^^^^^^^^^^^^^^^^^^^^^
  File "C:\Users\uqwzhon4\Anaconda3\envs\orgdb_env\Lib\site-packages\django\template\defaulttags.py", line 854, in do_for
    nodelist_loop = parser.parse(
                    ^^^^^^^^^^^^^
  File "C:\Users\uqwzhon4\Anaconda3\envs\orgdb_env\Lib\site-packages\django\template\base.py", line 513, in parse
    raise self.error(token, e)
  File "C:\Users\uqwzhon4\Anaconda3\envs\orgdb_env\Lib\site-packages\django\template\base.py", line 511, in parse
    compiled_result = compile_func(self, token)
                      ^^^^^^^^^^^^^^^^^^^^^^^^^
  File "C:\Users\uqwzhon4\Anaconda3\envs\orgdb_env\Lib\site-packages\django\template\defaulttags.py", line 953, in do_if
    condition = TemplateIfParser(parser, bits).parse()
                ^^^^^^^^^^^^^^^^^^^^^^^^^^^^^^
  File "C:\Users\uqwzhon4\Anaconda3\envs\orgdb_env\Lib\site-packages\django\template\defaulttags.py", line 886, in __init__
    super().__init__(*args, **kwargs)
  File "C:\Users\uqwzhon4\Anaconda3\envs\orgdb_env\Lib\site-packages\django\template\smartif.py", line 170, in __init__
    mapped_tokens.append(self.translate_token(token))
                         ^^^^^^^^^^^^^^^^^^^^^^^^^^^
  File "C:\Users\uqwzhon4\Anaconda3\envs\orgdb_env\Lib\site-packages\django\template\smartif.py", line 181, in translate_token
    return self.create_var(token)
           ^^^^^^^^^^^^^^^^^^^^^^
  File "C:\Users\uqwzhon4\Anaconda3\envs\orgdb_env\Lib\site-packages\django\template\defaulttags.py", line 889, in create_var
    return TemplateLiteral(self.template_parser.compile_filter(value), value)
                           ^^^^^^^^^^^^^^^^^^^^^^^^^^^^^^^^^^^^^^^^^^
  File "C:\Users\uqwzhon4\Anaconda3\envs\orgdb_env\Lib\site-packages\django\template\base.py", line 600, in compile_filter
    return FilterExpression(token, self)
           ^^^^^^^^^^^^^^^^^^^^^^^^^^^^^
  File "C:\Users\uqwzhon4\Anaconda3\envs\orgdb_env\Lib\site-packages\django\template\base.py", line 703, in __init__
    raise TemplateSyntaxError(
django.template.exceptions.TemplateSyntaxError: Could not parse the remainder: '[field_name].widget.input_type' from 'form[field_name].widget.input_type'
django.server ERROR 2023-04-04 10:00:06,266 basehttp 3316 24524 "GET /organism/FG_0001 HTTP/1.1" 500 273835
django.request ERROR 2023-04-04 10:01:53,889 log 3316 24524 Internal Server Error: /organism/FG_0001
Traceback (most recent call last):
  File "C:\Users\uqwzhon4\Anaconda3\envs\orgdb_env\Lib\site-packages\django\template\smartif.py", line 179, in translate_token
    op = OPERATORS[token]
         ~~~~~~~~~^^^^^^^
KeyError: "form[field_name].widget.input_type|default:''"

During handling of the above exception, another exception occurred:

Traceback (most recent call last):
  File "C:\Users\uqwzhon4\Anaconda3\envs\orgdb_env\Lib\site-packages\django\core\handlers\exception.py", line 55, in inner
    response = get_response(request)
               ^^^^^^^^^^^^^^^^^^^^^
  File "C:\Users\uqwzhon4\Anaconda3\envs\orgdb_env\Lib\site-packages\django\core\handlers\base.py", line 197, in _get_response
    response = wrapped_callback(request, *callback_args, **callback_kwargs)
               ^^^^^^^^^^^^^^^^^^^^^^^^^^^^^^^^^^^^^^^^^^^^^^^^^^^^^^^^^^^^
  File "C:\Users\uqwzhon4\Anaconda3\envs\orgdb_env\Lib\site-packages\django\contrib\auth\decorators.py", line 23, in _wrapped_view
    return view_func(request, *args, **kwargs)
           ^^^^^^^^^^^^^^^^^^^^^^^^^^^^^^^^^^^
  File "C:\users\uqwzhon4\project\adjCOADD\dorganism\views.py", line 172, in detailOrganism
    return render(req, "dorganism/organism/organism_detail.html", context)
           ^^^^^^^^^^^^^^^^^^^^^^^^^^^^^^^^^^^^^^^^^^^^^^^^^^^^^^^^^^^^^^^
  File "C:\Users\uqwzhon4\Anaconda3\envs\orgdb_env\Lib\site-packages\django\shortcuts.py", line 24, in render
    content = loader.render_to_string(template_name, context, request, using=using)
              ^^^^^^^^^^^^^^^^^^^^^^^^^^^^^^^^^^^^^^^^^^^^^^^^^^^^^^^^^^^^^^^^^^^^^
  File "C:\Users\uqwzhon4\Anaconda3\envs\orgdb_env\Lib\site-packages\django\template\loader.py", line 61, in render_to_string
    template = get_template(template_name, using=using)
               ^^^^^^^^^^^^^^^^^^^^^^^^^^^^^^^^^^^^^^^^
  File "C:\Users\uqwzhon4\Anaconda3\envs\orgdb_env\Lib\site-packages\django\template\loader.py", line 15, in get_template
    return engine.get_template(template_name)
           ^^^^^^^^^^^^^^^^^^^^^^^^^^^^^^^^^^
  File "C:\Users\uqwzhon4\Anaconda3\envs\orgdb_env\Lib\site-packages\django\template\backends\django.py", line 34, in get_template
    return Template(self.engine.get_template(template_name), self)
                    ^^^^^^^^^^^^^^^^^^^^^^^^^^^^^^^^^^^^^^^
  File "C:\Users\uqwzhon4\Anaconda3\envs\orgdb_env\Lib\site-packages\django\template\engine.py", line 175, in get_template
    template, origin = self.find_template(template_name)
                       ^^^^^^^^^^^^^^^^^^^^^^^^^^^^^^^^^
  File "C:\Users\uqwzhon4\Anaconda3\envs\orgdb_env\Lib\site-packages\django\template\engine.py", line 157, in find_template
    template = loader.get_template(name, skip=skip)
               ^^^^^^^^^^^^^^^^^^^^^^^^^^^^^^^^^^^^
  File "C:\Users\uqwzhon4\Anaconda3\envs\orgdb_env\Lib\site-packages\django\template\loaders\cached.py", line 57, in get_template
    template = super().get_template(template_name, skip)
               ^^^^^^^^^^^^^^^^^^^^^^^^^^^^^^^^^^^^^^^^^
  File "C:\Users\uqwzhon4\Anaconda3\envs\orgdb_env\Lib\site-packages\django\template\loaders\base.py", line 28, in get_template
    return Template(
           ^^^^^^^^^
  File "C:\Users\uqwzhon4\Anaconda3\envs\orgdb_env\Lib\site-packages\django\template\base.py", line 154, in __init__
    self.nodelist = self.compile_nodelist()
                    ^^^^^^^^^^^^^^^^^^^^^^^
  File "C:\Users\uqwzhon4\Anaconda3\envs\orgdb_env\Lib\site-packages\django\template\base.py", line 200, in compile_nodelist
    return parser.parse()
           ^^^^^^^^^^^^^^
  File "C:\Users\uqwzhon4\Anaconda3\envs\orgdb_env\Lib\site-packages\django\template\base.py", line 513, in parse
    raise self.error(token, e)
  File "C:\Users\uqwzhon4\Anaconda3\envs\orgdb_env\Lib\site-packages\django\template\base.py", line 511, in parse
    compiled_result = compile_func(self, token)
                      ^^^^^^^^^^^^^^^^^^^^^^^^^
  File "C:\Users\uqwzhon4\Anaconda3\envs\orgdb_env\Lib\site-packages\django\template\loader_tags.py", line 293, in do_extends
    nodelist = parser.parse()
               ^^^^^^^^^^^^^^
  File "C:\Users\uqwzhon4\Anaconda3\envs\orgdb_env\Lib\site-packages\django\template\base.py", line 513, in parse
    raise self.error(token, e)
  File "C:\Users\uqwzhon4\Anaconda3\envs\orgdb_env\Lib\site-packages\django\template\base.py", line 511, in parse
    compiled_result = compile_func(self, token)
                      ^^^^^^^^^^^^^^^^^^^^^^^^^
  File "C:\Users\uqwzhon4\Anaconda3\envs\orgdb_env\Lib\site-packages\django\template\loader_tags.py", line 232, in do_block
    nodelist = parser.parse(("endblock",))
               ^^^^^^^^^^^^^^^^^^^^^^^^^^^
  File "C:\Users\uqwzhon4\Anaconda3\envs\orgdb_env\Lib\site-packages\django\template\base.py", line 513, in parse
    raise self.error(token, e)
  File "C:\Users\uqwzhon4\Anaconda3\envs\orgdb_env\Lib\site-packages\django\template\base.py", line 511, in parse
    compiled_result = compile_func(self, token)
                      ^^^^^^^^^^^^^^^^^^^^^^^^^
  File "C:\Users\uqwzhon4\Anaconda3\envs\orgdb_env\Lib\site-packages\django\template\defaulttags.py", line 854, in do_for
    nodelist_loop = parser.parse(
                    ^^^^^^^^^^^^^
  File "C:\Users\uqwzhon4\Anaconda3\envs\orgdb_env\Lib\site-packages\django\template\base.py", line 513, in parse
    raise self.error(token, e)
  File "C:\Users\uqwzhon4\Anaconda3\envs\orgdb_env\Lib\site-packages\django\template\base.py", line 511, in parse
    compiled_result = compile_func(self, token)
                      ^^^^^^^^^^^^^^^^^^^^^^^^^
  File "C:\Users\uqwzhon4\Anaconda3\envs\orgdb_env\Lib\site-packages\django\template\defaulttags.py", line 953, in do_if
    condition = TemplateIfParser(parser, bits).parse()
                ^^^^^^^^^^^^^^^^^^^^^^^^^^^^^^
  File "C:\Users\uqwzhon4\Anaconda3\envs\orgdb_env\Lib\site-packages\django\template\defaulttags.py", line 886, in __init__
    super().__init__(*args, **kwargs)
  File "C:\Users\uqwzhon4\Anaconda3\envs\orgdb_env\Lib\site-packages\django\template\smartif.py", line 170, in __init__
    mapped_tokens.append(self.translate_token(token))
                         ^^^^^^^^^^^^^^^^^^^^^^^^^^^
  File "C:\Users\uqwzhon4\Anaconda3\envs\orgdb_env\Lib\site-packages\django\template\smartif.py", line 181, in translate_token
    return self.create_var(token)
           ^^^^^^^^^^^^^^^^^^^^^^
  File "C:\Users\uqwzhon4\Anaconda3\envs\orgdb_env\Lib\site-packages\django\template\defaulttags.py", line 889, in create_var
    return TemplateLiteral(self.template_parser.compile_filter(value), value)
                           ^^^^^^^^^^^^^^^^^^^^^^^^^^^^^^^^^^^^^^^^^^
  File "C:\Users\uqwzhon4\Anaconda3\envs\orgdb_env\Lib\site-packages\django\template\base.py", line 600, in compile_filter
    return FilterExpression(token, self)
           ^^^^^^^^^^^^^^^^^^^^^^^^^^^^^
  File "C:\Users\uqwzhon4\Anaconda3\envs\orgdb_env\Lib\site-packages\django\template\base.py", line 673, in __init__
    raise TemplateSyntaxError(
django.template.exceptions.TemplateSyntaxError: Could not parse some characters: form|[field_name].widget.input_type||default:''
django.server ERROR 2023-04-04 10:01:53,891 basehttp 3316 24524 "GET /organism/FG_0001 HTTP/1.1" 500 273558
django.utils.autoreload INFO 2023-04-04 10:14:59,420 autoreload 3316 16952 C:\Users\uqwzhon4\project\adjCOADD\dorganism\forms.py changed, reloading.
django.utils.autoreload INFO 2023-04-04 10:15:00,660 autoreload 24460 8072 Watching for file changes with StatReloader
django.server INFO 2023-04-04 10:15:13,648 basehttp 24460 6176 "GET /organism/FG_0001 HTTP/1.1" 200 59238
django.server INFO 2023-04-04 10:20:23,549 basehttp 24460 21968 "GET /organism/FG_0001 HTTP/1.1" 200 59238
django.server INFO 2023-04-04 10:25:25,565 basehttp 24460 24752 "GET /organism/FG_0001 HTTP/1.1" 200 59238
django.server INFO 2023-04-04 10:26:14,702 basehttp 24460 24752 "GET /organism/FG_0001 HTTP/1.1" 200 59274
django.utils.autoreload INFO 2023-04-04 10:31:09,077 autoreload 24460 8072 C:\Users\uqwzhon4\project\adjCOADD\dorganism\forms.py changed, reloading.
django.utils.autoreload INFO 2023-04-04 10:31:10,182 autoreload 26712 8756 Watching for file changes with StatReloader
django.request ERROR 2023-04-04 10:31:48,324 log 26712 26016 Internal Server Error: /organism/FG_0001
Traceback (most recent call last):
  File "C:\Users\uqwzhon4\Anaconda3\envs\orgdb_env\Lib\site-packages\django\forms\forms.py", line 182, in __getitem__
    field = self.fields[name]
            ~~~~~~~~~~~^^^^^^
KeyError: 'sequence'

During handling of the above exception, another exception occurred:

Traceback (most recent call last):
  File "C:\Users\uqwzhon4\Anaconda3\envs\orgdb_env\Lib\site-packages\django\core\handlers\exception.py", line 55, in inner
    response = get_response(request)
               ^^^^^^^^^^^^^^^^^^^^^
  File "C:\Users\uqwzhon4\Anaconda3\envs\orgdb_env\Lib\site-packages\django\core\handlers\base.py", line 197, in _get_response
    response = wrapped_callback(request, *callback_args, **callback_kwargs)
               ^^^^^^^^^^^^^^^^^^^^^^^^^^^^^^^^^^^^^^^^^^^^^^^^^^^^^^^^^^^^
  File "C:\Users\uqwzhon4\Anaconda3\envs\orgdb_env\Lib\site-packages\django\contrib\auth\decorators.py", line 23, in _wrapped_view
    return view_func(request, *args, **kwargs)
           ^^^^^^^^^^^^^^^^^^^^^^^^^^^^^^^^^^^
  File "C:\users\uqwzhon4\project\adjCOADD\dorganism\views.py", line 156, in detailOrganism
    form=UpdateOrganism_form(initial={'strain_type':object_.strain_type, 'strain_panel':object_.strain_panel}, instance=object_)
         ^^^^^^^^^^^^^^^^^^^^^^^^^^^^^^^^^^^^^^^^^^^^^^^^^^^^^^^^^^^^^^^^^^^^^^^^^^^^^^^^^^^^^^^^^^^^^^^^^^^^^^^^^^^^^^^^^^^^^^^
  File "C:\users\uqwzhon4\project\adjCOADD\dorganism\forms.py", line 42, in __init__
    self.create_field_groups()
  File "C:\users\uqwzhon4\project\adjCOADD\dorganism\forms.py", line 51, in create_field_groups
    self.group2 = [self[name] for name in ('res_property','gen_property','sequence', 'sequence_link','oxygen_pref','mta_status','mta_document', 'source', 'source_code')]
                  ^^^^^^^^^^^^^^^^^^^^^^^^^^^^^^^^^^^^^^^^^^^^^^^^^^^^^^^^^^^^^^^^^^^^^^^^^^^^^^^^^^^^^^^^^^^^^^^^^^^^^^^^^^^^^^^^^^^^^^^^^^^^^^^^^^^^^^^^^^^^^^^^^^^^^^^
  File "C:\users\uqwzhon4\project\adjCOADD\dorganism\forms.py", line 51, in <listcomp>
    self.group2 = [self[name] for name in ('res_property','gen_property','sequence', 'sequence_link','oxygen_pref','mta_status','mta_document', 'source', 'source_code')]
                   ~~~~^^^^^^
  File "C:\Users\uqwzhon4\Anaconda3\envs\orgdb_env\Lib\site-packages\django\forms\forms.py", line 184, in __getitem__
    raise KeyError(
KeyError: "Key 'sequence' not found in 'UpdateOrganism_form'. Choices are: biologist, gen_property, growth_preference, lab_restriction, mta_document, mta_status, organism_name, oxygen_pref, pathogen_group, reference, res_property, risk_group, sequence_link, source, source_code, strain_code, strain_identification, strain_ids, strain_notes, strain_origin, strain_panel, strain_type, tax_id."
django.server ERROR 2023-04-04 10:31:48,325 basehttp 26712 26016 "GET /organism/FG_0001 HTTP/1.1" 500 106985
django.request ERROR 2023-04-04 10:33:37,309 log 26712 26016 Internal Server Error: /organism/FG_0001
Traceback (most recent call last):
  File "C:\Users\uqwzhon4\Anaconda3\envs\orgdb_env\Lib\site-packages\django\forms\forms.py", line 182, in __getitem__
    field = self.fields[name]
            ~~~~~~~~~~~^^^^^^
KeyError: 'sequence'

During handling of the above exception, another exception occurred:

Traceback (most recent call last):
  File "C:\Users\uqwzhon4\Anaconda3\envs\orgdb_env\Lib\site-packages\django\core\handlers\exception.py", line 55, in inner
    response = get_response(request)
               ^^^^^^^^^^^^^^^^^^^^^
  File "C:\Users\uqwzhon4\Anaconda3\envs\orgdb_env\Lib\site-packages\django\core\handlers\base.py", line 197, in _get_response
    response = wrapped_callback(request, *callback_args, **callback_kwargs)
               ^^^^^^^^^^^^^^^^^^^^^^^^^^^^^^^^^^^^^^^^^^^^^^^^^^^^^^^^^^^^
  File "C:\Users\uqwzhon4\Anaconda3\envs\orgdb_env\Lib\site-packages\django\contrib\auth\decorators.py", line 23, in _wrapped_view
    return view_func(request, *args, **kwargs)
           ^^^^^^^^^^^^^^^^^^^^^^^^^^^^^^^^^^^
  File "C:\users\uqwzhon4\project\adjCOADD\dorganism\views.py", line 156, in detailOrganism
    form=UpdateOrganism_form(initial={'strain_type':object_.strain_type, 'strain_panel':object_.strain_panel}, instance=object_)
         ^^^^^^^^^^^^^^^^^^^^^^^^^^^^^^^^^^^^^^^^^^^^^^^^^^^^^^^^^^^^^^^^^^^^^^^^^^^^^^^^^^^^^^^^^^^^^^^^^^^^^^^^^^^^^^^^^^^^^^^
  File "C:\users\uqwzhon4\project\adjCOADD\dorganism\forms.py", line 42, in __init__
    self.create_field_groups()
  File "C:\users\uqwzhon4\project\adjCOADD\dorganism\forms.py", line 51, in create_field_groups
    self.group2 = [self[name] for name in ('res_property','gen_property','sequence', 'sequence_link','oxygen_pref','mta_status','mta_document', 'source', 'source_code')]
                  ^^^^^^^^^^^^^^^^^^^^^^^^^^^^^^^^^^^^^^^^^^^^^^^^^^^^^^^^^^^^^^^^^^^^^^^^^^^^^^^^^^^^^^^^^^^^^^^^^^^^^^^^^^^^^^^^^^^^^^^^^^^^^^^^^^^^^^^^^^^^^^^^^^^^^^^
  File "C:\users\uqwzhon4\project\adjCOADD\dorganism\forms.py", line 51, in <listcomp>
    self.group2 = [self[name] for name in ('res_property','gen_property','sequence', 'sequence_link','oxygen_pref','mta_status','mta_document', 'source', 'source_code')]
                   ~~~~^^^^^^
  File "C:\Users\uqwzhon4\Anaconda3\envs\orgdb_env\Lib\site-packages\django\forms\forms.py", line 184, in __getitem__
    raise KeyError(
KeyError: "Key 'sequence' not found in 'UpdateOrganism_form'. Choices are: biologist, gen_property, growth_preference, lab_restriction, mta_document, mta_status, organism_name, oxygen_pref, pathogen_group, reference, res_property, risk_group, sequence_link, source, source_code, strain_code, strain_identification, strain_ids, strain_notes, strain_origin, strain_panel, strain_type, tax_id."
django.server ERROR 2023-04-04 10:33:37,310 basehttp 26712 26016 "GET /organism/FG_0001 HTTP/1.1" 500 106949
django.utils.autoreload INFO 2023-04-04 10:34:33,537 autoreload 26712 8756 C:\Users\uqwzhon4\project\adjCOADD\dorganism\forms.py changed, reloading.
django.utils.autoreload INFO 2023-04-04 10:34:34,855 autoreload 15472 18496 Watching for file changes with StatReloader
django.server INFO 2023-04-04 10:34:36,206 basehttp 15472 25092 "GET /organism/FG_0001 HTTP/1.1" 200 63202
django.server INFO 2023-04-04 10:34:48,108 basehttp 15472 25092 "GET /organism/FG_0001 HTTP/1.1" 200 58286
django.server INFO 2023-04-04 10:39:32,895 basehttp 15472 25092 "GET /organism/FG_0001 HTTP/1.1" 200 57263
django.server INFO 2023-04-04 10:40:12,979 basehttp 15472 25092 "GET /organism/FG_0001 HTTP/1.1" 200 57263
django.server INFO 2023-04-04 10:41:14,704 basehttp 15472 25092 "GET /organism/FG_0001 HTTP/1.1" 200 56911
django.server INFO 2023-04-04 10:41:42,263 basehttp 15472 25092 "GET /organism/FG_0001 HTTP/1.1" 200 57163
django.server INFO 2023-04-04 10:44:53,098 basehttp 15472 25092 "GET /organism/FG_0001 HTTP/1.1" 200 60069
django.server INFO 2023-04-04 10:45:34,526 basehttp 15472 25092 "GET /organism/FG_0001 HTTP/1.1" 200 60069
django.server INFO 2023-04-04 10:46:21,700 basehttp 15472 25092 "GET /organism/FG_0001 HTTP/1.1" 200 60012
django.server INFO 2023-04-04 10:47:02,927 basehttp 15472 25092 "GET /organism/FG_0001 HTTP/1.1" 200 59822
django.server INFO 2023-04-04 10:47:11,936 basehttp 15472 25092 "GET /organism/FG_0001 HTTP/1.1" 200 59708
django.server INFO 2023-04-04 10:47:11,946 basehttp 15472 25092 "GET /static/css/custom.css HTTP/1.1" 304 0
django.server INFO 2023-04-04 10:49:22,817 basehttp 15472 25092 "GET /organism/FG_0001 HTTP/1.1" 200 59879
django.server INFO 2023-04-04 10:49:36,643 basehttp 15472 25092 "GET /organism/FG_0001 HTTP/1.1" 200 59993
django.server INFO 2023-04-04 10:51:06,089 basehttp 15472 25092 "GET /organism/FG_0001 HTTP/1.1" 200 60319
django.server INFO 2023-04-04 10:57:39,713 basehttp 15472 10292 "GET /organism/FG_0001 HTTP/1.1" 200 60319
django.server INFO 2023-04-04 11:00:19,589 basehttp 15472 10292 "GET /organism/FG_0001 HTTP/1.1" 200 65471
django.server INFO 2023-04-04 11:00:26,379 basehttp 15472 10292 "GET /organism/FG_0001 HTTP/1.1" 200 65471
django.server INFO 2023-04-04 11:01:29,761 basehttp 15472 10292 "GET /organism/FG_0001 HTTP/1.1" 200 65315
django.server INFO 2023-04-04 11:02:34,860 basehttp 15472 10292 "GET /organism/FG_0001 HTTP/1.1" 200 65315
django.server INFO 2023-04-04 11:03:31,486 basehttp 15472 10292 "GET /organism/FG_0001 HTTP/1.1" 200 65961
django.server INFO 2023-04-04 11:03:37,492 basehttp 15472 10292 "GET /organism/FG_0001 HTTP/1.1" 200 65961
django.server INFO 2023-04-04 11:04:17,043 basehttp 15472 10292 "GET /organism/FG_0001 HTTP/1.1" 200 65683
django.server INFO 2023-04-04 11:04:28,342 basehttp 15472 10292 "GET /organism/FG_0001 HTTP/1.1" 200 65683
django.server INFO 2023-04-04 11:04:39,046 basehttp 15472 10292 "GET /organism/FG_0001 HTTP/1.1" 200 65683
django.server INFO 2023-04-04 11:05:24,400 basehttp 15472 10292 "GET /organism/FG_0001 HTTP/1.1" 200 67905
django.server INFO 2023-04-04 11:05:43,950 basehttp 15472 10292 "GET /organism/FG_0001 HTTP/1.1" 200 67905
django.server INFO 2023-04-04 11:06:51,462 basehttp 15472 10292 "GET /organism/FG_0001 HTTP/1.1" 200 67905
django.server INFO 2023-04-04 11:08:08,683 basehttp 15472 10292 "GET /organism/FG_0001 HTTP/1.1" 200 68245
django.server INFO 2023-04-04 11:08:18,632 basehttp 15472 10292 "GET /organism/FG_0001 HTTP/1.1" 200 68398
django.server INFO 2023-04-04 11:08:53,400 basehttp 15472 10292 "GET /organism/FG_0001 HTTP/1.1" 200 69211
django.server INFO 2023-04-04 11:09:07,602 basehttp 15472 10292 "GET /organism/FG_0001 HTTP/1.1" 200 69211
django.server INFO 2023-04-04 11:12:54,877 basehttp 15472 10292 "GET /organism/FG_0001 HTTP/1.1" 200 72011
django.server INFO 2023-04-04 11:13:41,928 basehttp 15472 10292 "GET /organism/FG_0001 HTTP/1.1" 200 72751
django.server INFO 2023-04-04 11:13:54,749 basehttp 15472 10292 "POST /updateOrg/FG_0001 HTTP/1.1" 302 0
django.server INFO 2023-04-04 11:13:54,898 basehttp 15472 10292 "GET /organism/FG_0001 HTTP/1.1" 200 72697
django.utils.autoreload INFO 2023-04-04 11:14:47,880 autoreload 12564 17152 Watching for file changes with StatReloader
django.server INFO 2023-04-04 11:14:48,857 basehttp 12564 5484 "GET /organism/FG_0001 HTTP/1.1" 200 72697
django.server INFO 2023-04-04 11:14:56,822 basehttp 12564 21628 "POST /search_organism/ HTTP/1.1" 200 48761
django.server INFO 2023-04-04 11:15:02,537 basehttp 12564 21628 "POST /search_organism/ HTTP/1.1" 200 32
django.server INFO 2023-04-04 11:15:04,611 basehttp 12564 19892 "POST /search_organism/ HTTP/1.1" 200 48761
django.server INFO 2023-04-04 11:15:08,510 basehttp 12564 21628 "POST /search_organism/ HTTP/1.1" 200 48761
django.server INFO 2023-04-04 11:15:11,196 basehttp 12564 26168 "POST /search_organism/ HTTP/1.1" 200 32
django.server INFO 2023-04-04 11:15:12,395 basehttp 12564 19892 "POST /search_organism/ HTTP/1.1" 200 32
django.server INFO 2023-04-04 11:15:15,860 basehttp 12564 19892 "POST /search_organism/ HTTP/1.1" 200 48761
django.server INFO 2023-04-04 11:15:16,910 basehttp 12564 5484 "POST /search_organism/ HTTP/1.1" 200 335526
django.server INFO 2023-04-04 11:15:21,131 basehttp 12564 5484 "POST /search_organism/ HTTP/1.1" 200 32
django.server INFO 2023-04-04 11:15:24,075 basehttp 12564 5484 "POST /search_organism/ HTTP/1.1" 200 28717
django.server INFO 2023-04-04 11:15:31,124 basehttp 12564 5484 "POST /updateOrg/FG_0001 HTTP/1.1" 302 0
django.server INFO 2023-04-04 11:15:31,273 basehttp 12564 5484 "GET /organism/FG_0001 HTTP/1.1" 200 72697
django.server INFO 2023-04-04 11:15:40,916 basehttp 12564 19892 "POST /search_organism/ HTTP/1.1" 200 48761
django.server INFO 2023-04-04 11:15:41,188 basehttp 12564 26168 "POST /search_organism/ HTTP/1.1" 200 28717
django.server INFO 2023-04-04 11:15:50,205 basehttp 12564 5484 "POST /search_organism/ HTTP/1.1" 200 335526
django.server INFO 2023-04-04 11:15:56,999 basehttp 12564 5484 "POST /updateOrg/FG_0001 HTTP/1.1" 302 0
django.server INFO 2023-04-04 11:15:57,144 basehttp 12564 5484 "GET /organism/FG_0001 HTTP/1.1" 200 72709
django.server INFO 2023-04-04 11:16:02,271 basehttp 12564 21628 - Broken pipe from ('127.0.0.1', 53619)
