django.utils.autoreload INFO 2023-03-30 11:25:24,675 autoreload 13068 15104 Watching for file changes with StatReloader
django.server INFO 2023-03-30 11:25:27,061 basehttp 13068 17272 "GET / HTTP/1.1" 200 8727
django.server INFO 2023-03-30 11:25:27,174 basehttp 13068 17272 "GET /static/css/overideboot.css HTTP/1.1" 304 0
django.server INFO 2023-03-30 11:25:27,176 basehttp 13068 11380 "GET /static/css/custom.css HTTP/1.1" 304 0
django.server INFO 2023-03-30 11:25:27,182 basehttp 13068 27192 "GET /static/css/main.6a646761.css HTTP/1.1" 304 0
django.server INFO 2023-03-30 11:25:27,183 basehttp 13068 19168 "GET /static/js/jquery-3.6.1.min.js HTTP/1.1" 304 0
django.server INFO 2023-03-30 11:25:27,183 basehttp 13068 27888 "GET /static/css/steps/jquery.steps.css HTTP/1.1" 304 0
django.server INFO 2023-03-30 11:25:27,184 basehttp 13068 29296 "GET /static/js/sorting_table.js HTTP/1.1" 304 0
django.server INFO 2023-03-30 11:25:27,184 basehttp 13068 17272 "GET /static/js/js_utils/getCookie.js HTTP/1.1" 304 0
django.server INFO 2023-03-30 11:25:27,185 basehttp 13068 11380 "GET /static/js/editableTable.js HTTP/1.1" 304 0
django.server INFO 2023-03-30 11:25:27,192 basehttp 13068 27192 "GET /static/js/js_utils/dataTables.js HTTP/1.1" 304 0
django.server INFO 2023-03-30 11:25:27,192 basehttp 13068 27888 "GET /static/js/js_utils/custom_option.js HTTP/1.1" 304 0
django.server INFO 2023-03-30 11:25:27,193 basehttp 13068 29296 "GET /static/js/resizable.js HTTP/1.1" 304 0
django.server INFO 2023-03-30 11:25:27,193 basehttp 13068 19168 "GET /static/js/create_modal.js HTTP/1.1" 304 0
django.server INFO 2023-03-30 11:25:27,220 basehttp 13068 29296 "GET /static/images/brand/CO-ADD_Logo_White_NoBackground_CMYK.png HTTP/1.1" 304 0
django.server INFO 2023-03-30 11:25:29,113 basehttp 13068 29296 "POST /accounts/login/ HTTP/1.1" 302 0
django.server INFO 2023-03-30 11:25:29,231 basehttp 13068 29296 "GET /index/ HTTP/1.1" 200 15275
django.server INFO 2023-03-30 11:25:29,251 basehttp 13068 29296 "GET /static/images/app/avatar.png HTTP/1.1" 304 0
django.server INFO 2023-03-30 11:25:31,374 basehttp 13068 29296 "GET /organism_card HTTP/1.1" 200 156976
django.server INFO 2023-03-30 11:25:31,393 basehttp 13068 29296 "GET /static/js/js_utils/saveData.js HTTP/1.1" 304 0
django.server INFO 2023-03-30 11:25:31,393 basehttp 13068 19168 "GET /static/js/resizebar.js HTTP/1.1" 304 0
django.server INFO 2023-03-30 11:25:32,549 basehttp 13068 19168 "GET /organism/FG_0001 HTTP/1.1" 200 52862
django.server INFO 2023-03-30 11:25:32,564 basehttp 13068 19168 "GET /static/js/search_organism.js HTTP/1.1" 304 0
django.server INFO 2023-03-30 11:25:32,570 basehttp 13068 19168 "GET /static/js/editablerow_stock.js HTTP/1.1" 304 0
django.server INFO 2023-03-30 11:25:35,130 basehttp 13068 19168 "GET /stocklist/FG_0001_01?Batch_id=FG_0001_01&_=1680139532564 HTTP/1.1" 200 564
django.server INFO 2023-03-30 11:25:54,149 basehttp 13068 28820 "GET /organism/FG_0001 HTTP/1.1" 302 0
django.server INFO 2023-03-30 11:25:54,154 basehttp 13068 28820 "GET /accounts/login/?next=/organism/FG_0001 HTTP/1.1" 200 8727
django.server INFO 2023-03-30 11:25:54,587 basehttp 13068 28820 "GET /static/css/overideboot.css HTTP/1.1" 200 6108
django.server INFO 2023-03-30 11:25:54,589 basehttp 13068 28820 "GET /static/js/js_utils/getCookie.js HTTP/1.1" 200 500
django.server INFO 2023-03-30 11:25:54,591 basehttp 13068 28820 "GET /static/js/editableTable.js HTTP/1.1" 200 620
django.server INFO 2023-03-30 11:25:54,596 basehttp 13068 28820 "GET /static/js/js_utils/dataTables.js HTTP/1.1" 200 601812
django.server INFO 2023-03-30 11:25:54,598 basehttp 13068 28820 "GET /static/js/js_utils/custom_option.js HTTP/1.1" 200 260
django.server INFO 2023-03-30 11:25:54,602 basehttp 13068 28820 "GET /static/js/create_modal.js HTTP/1.1" 200 372
django.server INFO 2023-03-30 11:25:54,602 basehttp 13068 26956 "GET /static/css/custom.css HTTP/1.1" 200 16054
django.server INFO 2023-03-30 11:25:54,604 basehttp 13068 28820 "GET /static/js/resizable.js HTTP/1.1" 200 1691
django.server INFO 2023-03-30 11:25:54,606 basehttp 13068 20916 "GET /static/css/main.6a646761.css HTTP/1.1" 200 163150
django.server INFO 2023-03-30 11:25:54,617 basehttp 13068 13140 "GET /static/css/steps/jquery.steps.css HTTP/1.1" 200 5527
django.server INFO 2023-03-30 11:25:54,620 basehttp 13068 8788 "GET /static/js/sorting_table.js HTTP/1.1" 200 877
django.server INFO 2023-03-30 11:25:54,622 basehttp 13068 27252 "GET /static/js/jquery-3.6.1.min.js HTTP/1.1" 200 89664
django.server INFO 2023-03-30 11:25:54,723 basehttp 13068 27252 "GET /static/images/brand/CO-ADD_Logo_White_NoBackground_CMYK.png HTTP/1.1" 200 2856
django.server INFO 2023-03-30 11:25:55,160 basehttp 13068 27252 "GET /static/images/app/CO-ADD_favicon.png HTTP/1.1" 200 3544
django.server INFO 2023-03-30 11:25:56,719 basehttp 13068 27252 "POST /accounts/login/ HTTP/1.1" 302 0
django.server INFO 2023-03-30 11:25:56,825 basehttp 13068 27252 "GET /index/ HTTP/1.1" 200 15275
django.server INFO 2023-03-30 11:25:56,839 basehttp 13068 27252 "GET /static/images/app/avatar.png HTTP/1.1" 200 40220
django.server INFO 2023-03-30 11:25:59,015 basehttp 13068 27252 "GET /organism_card HTTP/1.1" 200 156976
django.server INFO 2023-03-30 11:25:59,028 basehttp 13068 27252 "GET /static/js/js_utils/saveData.js HTTP/1.1" 200 433
django.server INFO 2023-03-30 11:25:59,028 basehttp 13068 8788 "GET /static/js/resizebar.js HTTP/1.1" 200 861
django.server INFO 2023-03-30 11:26:00,066 basehttp 13068 8788 "GET /organism/FG_0001 HTTP/1.1" 200 52862
django.server INFO 2023-03-30 11:26:00,080 basehttp 13068 8788 "GET /static/js/search_organism.js HTTP/1.1" 200 2101
django.server INFO 2023-03-30 11:26:00,087 basehttp 13068 8788 "GET /static/js/editablerow_stock.js HTTP/1.1" 200 1808
django.server INFO 2023-03-30 11:26:02,614 basehttp 13068 8788 "GET /stocklist/FG_0001_01?Batch_id=FG_0001_01&_=1680139560077 HTTP/1.1" 200 564
django.utils.autoreload INFO 2023-03-30 11:26:59,579 autoreload 13068 15104 C:\Users\uqwzhon4\project\adjCOADD\dorganism\views.py changed, reloading.
django.utils.autoreload INFO 2023-03-30 11:27:00,693 autoreload 12028 25160 Watching for file changes with StatReloader
django.server INFO 2023-03-30 11:27:03,710 basehttp 12028 15480 "GET /organism/FG_0001 HTTP/1.1" 200 52862
django.server INFO 2023-03-30 11:27:05,749 basehttp 12028 15480 "GET /stocklist/FG_0001_01?Batch_id=FG_0001_01&_=1680139623723 HTTP/1.1" 200 564
django.server INFO 2023-03-30 11:27:11,459 basehttp 12028 15480 "GET /organism/FG_0001 HTTP/1.1" 200 52862
django.server INFO 2023-03-30 11:27:13,603 basehttp 12028 15480 "GET /stocklist/FG_0001_01?Batch_id=FG_0001_01&_=1680139631468 HTTP/1.1" 200 564
django.server INFO 2023-03-30 11:34:41,509 basehttp 12028 5080 "GET /organism/FG_0001 HTTP/1.1" 200 52862
django.server INFO 2023-03-30 11:39:42,539 basehttp 12028 19868 "GET /organism/FG_0001 HTTP/1.1" 200 52862
django.server INFO 2023-03-30 11:39:42,553 basehttp 12028 19868 "GET /static/css/overideboot.css HTTP/1.1" 304 0
django.server INFO 2023-03-30 11:39:42,554 basehttp 12028 29684 "GET /static/css/custom.css HTTP/1.1" 304 0
django.server INFO 2023-03-30 11:39:42,557 basehttp 12028 29684 "GET /static/css/main.6a646761.css HTTP/1.1" 304 0
django.server INFO 2023-03-30 11:39:42,560 basehttp 12028 19868 "GET /static/css/steps/jquery.steps.css HTTP/1.1" 304 0
django.server INFO 2023-03-30 11:39:42,561 basehttp 12028 8228 "GET /static/js/jquery-3.6.1.min.js HTTP/1.1" 304 0
django.server INFO 2023-03-30 11:39:42,562 basehttp 12028 19868 "GET /static/js/sorting_table.js HTTP/1.1" 304 0
django.server INFO 2023-03-30 11:39:42,566 basehttp 12028 19868 "GET /static/js/js_utils/getCookie.js HTTP/1.1" 304 0
django.server INFO 2023-03-30 11:39:42,566 basehttp 12028 8228 "GET /static/js/editableTable.js HTTP/1.1" 304 0
django.server INFO 2023-03-30 11:39:42,576 basehttp 12028 29684 "GET /static/js/create_modal.js HTTP/1.1" 304 0
django.server INFO 2023-03-30 11:39:42,576 basehttp 12028 8228 "GET /static/js/js_utils/dataTables.js HTTP/1.1" 304 0
django.server INFO 2023-03-30 11:39:42,576 basehttp 12028 19868 "GET /static/js/js_utils/custom_option.js HTTP/1.1" 304 0
django.server INFO 2023-03-30 11:39:42,579 basehttp 12028 19868 "GET /static/js/search_organism.js HTTP/1.1" 304 0
django.server INFO 2023-03-30 11:39:42,580 basehttp 12028 8228 "GET /static/js/resizable.js HTTP/1.1" 304 0
django.server INFO 2023-03-30 11:39:42,589 basehttp 12028 8228 "GET /static/js/editablerow_stock.js HTTP/1.1" 304 0
django.server INFO 2023-03-30 11:39:42,630 basehttp 12028 8228 "GET /static/images/brand/CO-ADD_Logo_White_NoBackground_CMYK.png HTTP/1.1" 304 0
django.server INFO 2023-03-30 11:39:42,631 basehttp 12028 19868 "GET /static/images/app/avatar.png HTTP/1.1" 304 0
django.server INFO 2023-03-30 11:39:42,677 basehttp 12028 19868 "GET /static/images/app/CO-ADD_favicon.png HTTP/1.1" 304 0
django.server INFO 2023-03-30 11:44:43,527 basehttp 12028 25680 "GET /organism/FG_0001 HTTP/1.1" 200 52862
django.server INFO 2023-03-30 11:49:44,520 basehttp 12028 21384 "GET /organism/FG_0001 HTTP/1.1" 200 52862
django.server INFO 2023-03-30 11:55:39,076 basehttp 12028 25840 "GET /organism/FG_0001 HTTP/1.1" 200 52862
django.server INFO 2023-03-30 11:55:39,091 basehttp 12028 4844 "GET /static/css/custom.css HTTP/1.1" 304 0
django.server INFO 2023-03-30 11:55:39,092 basehttp 12028 25840 "GET /static/css/overideboot.css HTTP/1.1" 304 0
django.server INFO 2023-03-30 11:55:39,093 basehttp 12028 4192 "GET /static/js/jquery-3.6.1.min.js HTTP/1.1" 304 0
django.server INFO 2023-03-30 11:55:39,094 basehttp 12028 17860 "GET /static/css/main.6a646761.css HTTP/1.1" 304 0
django.server INFO 2023-03-30 11:55:39,094 basehttp 12028 26384 "GET /static/css/steps/jquery.steps.css HTTP/1.1" 304 0
django.server INFO 2023-03-30 11:55:39,094 basehttp 12028 4844 "GET /static/js/js_utils/getCookie.js HTTP/1.1" 304 0
django.server INFO 2023-03-30 11:55:39,094 basehttp 12028 25512 "GET /static/js/sorting_table.js HTTP/1.1" 304 0
django.server INFO 2023-03-30 11:55:39,097 basehttp 12028 25840 "GET /static/js/editableTable.js HTTP/1.1" 304 0
django.server INFO 2023-03-30 11:55:39,099 basehttp 12028 4192 "GET /static/js/js_utils/dataTables.js HTTP/1.1" 304 0
django.server INFO 2023-03-30 11:55:39,099 basehttp 12028 17860 "GET /static/js/create_modal.js HTTP/1.1" 304 0
django.server INFO 2023-03-30 11:55:39,100 basehttp 12028 26384 "GET /static/js/js_utils/custom_option.js HTTP/1.1" 304 0
django.server INFO 2023-03-30 11:55:39,101 basehttp 12028 4844 "GET /static/js/resizable.js HTTP/1.1" 304 0
django.server INFO 2023-03-30 11:55:39,106 basehttp 12028 26384 "GET /static/js/search_organism.js HTTP/1.1" 304 0
django.server INFO 2023-03-30 11:55:39,106 basehttp 12028 4844 "GET /static/js/editablerow_stock.js HTTP/1.1" 304 0
django.server INFO 2023-03-30 11:55:39,121 basehttp 12028 26384 "GET /static/images/app/avatar.png HTTP/1.1" 304 0
django.server INFO 2023-03-30 11:55:39,122 basehttp 12028 4844 "GET /static/images/brand/CO-ADD_Logo_White_NoBackground_CMYK.png HTTP/1.1" 304 0
django.server INFO 2023-03-30 11:55:39,165 basehttp 12028 4844 "GET /static/images/app/CO-ADD_favicon.png HTTP/1.1" 304 0
django.server INFO 2023-03-30 12:00:39,320 basehttp 12028 4844 "GET /organism/FG_0001 HTTP/1.1" 200 52862
django.server INFO 2023-03-30 12:05:39,514 basehttp 12028 16864 "GET /organism/FG_0001 HTTP/1.1" 200 52862
django.server INFO 2023-03-30 12:10:39,744 basehttp 12028 22152 "GET /organism/FG_0001 HTTP/1.1" 200 52862
django.server INFO 2023-03-30 12:10:39,758 basehttp 12028 22152 "GET /static/css/overideboot.css HTTP/1.1" 304 0
django.server INFO 2023-03-30 12:10:39,760 basehttp 12028 27440 "GET /static/css/custom.css HTTP/1.1" 304 0
django.server INFO 2023-03-30 12:10:39,762 basehttp 12028 16212 "GET /static/css/steps/jquery.steps.css HTTP/1.1" 304 0
django.server INFO 2023-03-30 12:10:39,762 basehttp 12028 22152 "GET /static/js/js_utils/getCookie.js HTTP/1.1" 304 0
django.server INFO 2023-03-30 12:10:39,762 basehttp 12028 22192 "GET /static/js/sorting_table.js HTTP/1.1" 304 0
django.server INFO 2023-03-30 12:10:39,762 basehttp 12028 15164 "GET /static/js/jquery-3.6.1.min.js HTTP/1.1" 304 0
django.server INFO 2023-03-30 12:10:39,762 basehttp 12028 13044 "GET /static/css/main.6a646761.css HTTP/1.1" 304 0
django.server INFO 2023-03-30 12:10:39,763 basehttp 12028 27440 "GET /static/js/editableTable.js HTTP/1.1" 304 0
django.server INFO 2023-03-30 12:10:39,767 basehttp 12028 22152 "GET /static/js/create_modal.js HTTP/1.1" 304 0
django.server INFO 2023-03-30 12:10:39,768 basehttp 12028 16212 "GET /static/js/js_utils/custom_option.js HTTP/1.1" 304 0
django.server INFO 2023-03-30 12:10:39,768 basehttp 12028 15164 "GET /static/js/resizable.js HTTP/1.1" 304 0
django.server INFO 2023-03-30 12:10:39,768 basehttp 12028 13044 "GET /static/js/js_utils/dataTables.js HTTP/1.1" 304 0
django.server INFO 2023-03-30 12:10:39,774 basehttp 12028 13044 "GET /static/js/search_organism.js HTTP/1.1" 304 0
django.server INFO 2023-03-30 12:10:39,774 basehttp 12028 16212 "GET /static/js/editablerow_stock.js HTTP/1.1" 304 0
django.server INFO 2023-03-30 12:10:39,789 basehttp 12028 13044 "GET /static/images/app/avatar.png HTTP/1.1" 304 0
django.server INFO 2023-03-30 12:10:39,790 basehttp 12028 16212 "GET /static/images/brand/CO-ADD_Logo_White_NoBackground_CMYK.png HTTP/1.1" 304 0
django.server INFO 2023-03-30 12:10:39,830 basehttp 12028 16212 "GET /static/images/app/CO-ADD_favicon.png HTTP/1.1" 304 0
django.server INFO 2023-03-30 12:15:40,589 basehttp 12028 25636 "GET /organism/FG_0001 HTTP/1.1" 200 52862
django.server INFO 2023-03-30 12:20:41,569 basehttp 12028 21448 "GET /organism/FG_0001 HTTP/1.1" 200 52862
django.server INFO 2023-03-30 12:25:42,574 basehttp 12028 10852 "GET /organism/FG_0001 HTTP/1.1" 200 52864
django.server INFO 2023-03-30 12:30:43,576 basehttp 12028 25496 "GET /organism/FG_0001 HTTP/1.1" 200 52862
django.server INFO 2023-03-30 12:30:43,590 basehttp 12028 25496 "GET /static/css/overideboot.css HTTP/1.1" 304 0
django.server INFO 2023-03-30 12:30:43,592 basehttp 12028 25496 "GET /static/css/custom.css HTTP/1.1" 304 0
django.server INFO 2023-03-30 12:30:43,593 basehttp 12028 25496 "GET /static/css/main.6a646761.css HTTP/1.1" 304 0
django.server INFO 2023-03-30 12:30:43,594 basehttp 12028 12868 "GET /static/css/steps/jquery.steps.css HTTP/1.1" 304 0
django.server INFO 2023-03-30 12:30:43,596 basehttp 12028 25496 "GET /static/js/jquery-3.6.1.min.js HTTP/1.1" 304 0
django.server INFO 2023-03-30 12:30:43,598 basehttp 12028 12868 "GET /static/js/js_utils/getCookie.js HTTP/1.1" 304 0
django.server INFO 2023-03-30 12:30:43,598 basehttp 12028 25496 "GET /static/js/sorting_table.js HTTP/1.1" 304 0
django.server INFO 2023-03-30 12:30:43,601 basehttp 12028 12868 "GET /static/js/editableTable.js HTTP/1.1" 304 0
django.server INFO 2023-03-30 12:30:43,604 basehttp 12028 12868 "GET /static/js/js_utils/dataTables.js HTTP/1.1" 304 0
django.server INFO 2023-03-30 12:30:43,605 basehttp 12028 25496 "GET /static/js/js_utils/custom_option.js HTTP/1.1" 304 0
django.server INFO 2023-03-30 12:30:43,606 basehttp 12028 18124 "GET /static/js/create_modal.js HTTP/1.1" 304 0
django.server INFO 2023-03-30 12:30:43,607 basehttp 12028 18124 "GET /static/js/resizable.js HTTP/1.1" 304 0
django.server INFO 2023-03-30 12:30:43,612 basehttp 12028 25496 "GET /static/js/editablerow_stock.js HTTP/1.1" 304 0
django.server INFO 2023-03-30 12:30:43,613 basehttp 12028 18124 "GET /static/js/search_organism.js HTTP/1.1" 304 0
django.server INFO 2023-03-30 12:30:43,624 basehttp 12028 18124 "GET /static/images/brand/CO-ADD_Logo_White_NoBackground_CMYK.png HTTP/1.1" 304 0
django.server INFO 2023-03-30 12:30:43,624 basehttp 12028 25496 "GET /static/images/app/avatar.png HTTP/1.1" 304 0
django.server INFO 2023-03-30 12:30:43,669 basehttp 12028 25496 "GET /static/images/app/CO-ADD_favicon.png HTTP/1.1" 304 0
django.utils.autoreload INFO 2023-03-30 12:33:28,663 autoreload 12028 25160 C:\Users\uqwzhon4\project\adjCOADD\adjcoadd\settings.py changed, reloading.
django.utils.autoreload INFO 2023-03-30 12:33:29,929 autoreload 16680 6344 Watching for file changes with StatReloader
django.server INFO 2023-03-30 12:33:30,809 basehttp 16680 28024 "GET /organism/FG_0001 HTTP/1.1" 200 52862
django.utils.autoreload INFO 2023-03-30 12:33:46,191 autoreload 16680 6344 C:\Users\uqwzhon4\project\adjCOADD\adjcoadd\settings.py changed, reloading.
django.utils.autoreload INFO 2023-03-30 12:33:47,448 autoreload 27800 20328 Watching for file changes with StatReloader
django.server INFO 2023-03-30 12:33:50,350 basehttp 27800 13308 "GET /organism/FG_0001 HTTP/1.1" 200 52852
django.server INFO 2023-03-30 12:33:54,185 basehttp 27800 13308 "GET /stocklist/FG_0001_01?Batch_id=FG_0001_01&_=1680143630362 HTTP/1.1" 200 564
django.server INFO 2023-03-30 12:34:11,985 basehttp 27800 13308 "GET /organism/FG_0001 HTTP/1.1" 200 52870
django.server INFO 2023-03-30 12:34:13,971 basehttp 27800 13308 "GET /stocklist/FG_0001_03?Batch_id=FG_0001_03&_=1680143651996 HTTP/1.1" 200 12
django.server INFO 2023-03-30 12:34:15,673 basehttp 27800 13308 "GET /stocklist/FG_0001_01?Batch_id=FG_0001_01&_=1680143651997 HTTP/1.1" 200 564
django.utils.autoreload INFO 2023-03-30 12:36:55,463 autoreload 27800 20328 C:\Users\uqwzhon4\project\adjCOADD\dorganism\views.py changed, reloading.
django.utils.autoreload INFO 2023-03-30 12:36:56,839 autoreload 22040 5856 Watching for file changes with StatReloader
django.server INFO 2023-03-30 12:37:01,077 basehttp 22040 27392 "GET /organism/FG_0001 HTTP/1.1" 200 52870
django.server INFO 2023-03-30 12:37:02,709 basehttp 22040 27392 "GET /stocklist/FG_0001_01?Batch_id=FG_0001_01&_=1680143821092 HTTP/1.1" 200 564
django.utils.autoreload INFO 2023-03-30 12:37:22,368 autoreload 22040 5856 C:\Users\uqwzhon4\project\adjCOADD\dorganism\views.py changed, reloading.
django.utils.autoreload INFO 2023-03-30 12:37:23,660 autoreload 24316 24740 Watching for file changes with StatReloader
django.server INFO 2023-03-30 12:37:24,723 basehttp 24316 27008 "GET /organism/FG_0001 HTTP/1.1" 200 52870
django.server INFO 2023-03-30 12:37:29,097 basehttp 24316 27008 "GET /stocklist/FG_0001_01?Batch_id=FG_0001_01&_=1680143844738 HTTP/1.1" 200 564
django.server INFO 2023-03-30 12:37:43,297 basehttp 24316 27008 "GET /stocklist/FG_0001_01?Batch_id=FG_0001_01&_=1680143844739 HTTP/1.1" 200 564
django.server INFO 2023-03-30 12:38:07,902 basehttp 24316 27008 "GET /organism/FG_0001 HTTP/1.1" 200 52852
django.server INFO 2023-03-30 12:38:10,208 basehttp 24316 27008 "GET /stocklist/FG_0001_01?Batch_id=FG_0001_01&_=1680143887935 HTTP/1.1" 200 564
django.utils.autoreload INFO 2023-03-30 12:41:44,549 autoreload 24316 24740 C:\Users\uqwzhon4\project\adjCOADD\dorganism\views.py changed, reloading.
django.utils.autoreload INFO 2023-03-30 12:41:45,843 autoreload 11636 21272 Watching for file changes with StatReloader
django.server INFO 2023-03-30 12:41:47,957 basehttp 11636 10064 "GET /organism/FG_0001 HTTP/1.1" 200 52852
django.server INFO 2023-03-30 12:41:50,369 basehttp 11636 10064 "GET /stocklist/FG_0001_01?Batch_id=FG_0001_01&_=1680144107995 HTTP/1.1" 200 564
django.utils.autoreload INFO 2023-03-30 12:42:01,574 autoreload 11636 21272 C:\Users\uqwzhon4\project\adjCOADD\dorganism\views.py changed, reloading.
django.utils.autoreload INFO 2023-03-30 12:42:02,789 autoreload 26472 14400 Watching for file changes with StatReloader
django.server INFO 2023-03-30 12:42:03,804 basehttp 26472 28068 "GET /organism/FG_0001 HTTP/1.1" 200 52852
django.server INFO 2023-03-30 12:42:05,689 basehttp 26472 28068 "GET /stocklist/FG_0001_01?Batch_id=FG_0001_01&_=1680144123842 HTTP/1.1" 200 564
django.utils.autoreload INFO 2023-03-30 12:42:20,322 autoreload 26472 14400 C:\Users\uqwzhon4\project\adjCOADD\dorganism\views.py changed, reloading.
django.utils.autoreload INFO 2023-03-30 12:42:21,608 autoreload 11736 21644 Watching for file changes with StatReloader
django.server INFO 2023-03-30 12:42:38,191 basehttp 11736 1452 "GET /organism/FG_0001 HTTP/1.1" 200 52851
django.server INFO 2023-03-30 12:42:40,635 basehttp 11736 1452 "GET /stocklist/FG_0001_01?Batch_id=FG_0001_01&_=1680144158224 HTTP/1.1" 200 564
django.utils.autoreload INFO 2023-03-30 12:43:16,416 autoreload 11736 21644 C:\Users\uqwzhon4\project\adjCOADD\dorganism\views.py changed, reloading.
django.utils.autoreload INFO 2023-03-30 12:43:17,690 autoreload 18784 12576 Watching for file changes with StatReloader
django.server INFO 2023-03-30 12:43:18,648 basehttp 18784 10092 "GET /organism/FG_0001 HTTP/1.1" 200 52851
django.server INFO 2023-03-30 12:43:20,094 basehttp 18784 10092 "GET /stocklist/FG_0001_03?Batch_id=FG_0001_03&_=1680144198683 HTTP/1.1" 200 12
django.server INFO 2023-03-30 12:43:21,733 basehttp 18784 10092 "GET /stocklist/FG_0001_01?Batch_id=FG_0001_01&_=1680144198684 HTTP/1.1" 200 564
django.server INFO 2023-03-30 12:48:44,969 basehttp 18784 27880 "GET /accounts/logout/ HTTP/1.1" 302 0
django.server INFO 2023-03-30 12:48:44,977 basehttp 18784 27880 "GET / HTTP/1.1" 200 8727
django.server INFO 2023-03-30 12:48:47,824 basehttp 18784 27880 "POST /accounts/login/ HTTP/1.1" 302 0
django.server INFO 2023-03-30 12:48:47,923 basehttp 18784 27880 "GET /index/ HTTP/1.1" 200 15275
django.server INFO 2023-03-30 12:48:49,855 basehttp 18784 27880 "GET /organism_card HTTP/1.1" 200 156976
django.server INFO 2023-03-30 12:48:49,872 basehttp 18784 3992 "GET /static/js/resizebar.js HTTP/1.1" 304 0
django.server INFO 2023-03-30 12:48:49,872 basehttp 18784 27880 "GET /static/js/js_utils/saveData.js HTTP/1.1" 304 0
django.server INFO 2023-03-30 12:48:52,338 basehttp 18784 27880 "GET /organism/FG_0001 HTTP/1.1" 200 52865
django.server INFO 2023-03-30 12:48:58,269 basehttp 18784 27880 "GET /stocklist/FG_0001_01?Batch_id=FG_0001_01&_=1680144532356 HTTP/1.1" 200 564
django.server INFO 2023-03-30 12:49:32,955 basehttp 18784 27880 "GET /accounts/logout/ HTTP/1.1" 302 0
django.server INFO 2023-03-30 12:49:32,959 basehttp 18784 27880 "GET / HTTP/1.1" 200 8727
django.server INFO 2023-03-30 12:49:32,974 basehttp 18784 3992 "GET /static/css/custom.css HTTP/1.1" 304 0
django.server INFO 2023-03-30 12:49:32,976 basehttp 18784 27880 "GET /static/css/overideboot.css HTTP/1.1" 304 0
django.server INFO 2023-03-30 12:49:32,978 basehttp 18784 5660 "GET /static/css/main.6a646761.css HTTP/1.1" 304 0
django.server INFO 2023-03-30 12:49:32,980 basehttp 18784 27880 "GET /static/js/editableTable.js HTTP/1.1" 304 0
django.server INFO 2023-03-30 12:49:32,982 basehttp 18784 11800 "GET /static/css/steps/jquery.steps.css HTTP/1.1" 304 0
django.server INFO 2023-03-30 12:49:32,983 basehttp 18784 3992 "GET /static/js/js_utils/getCookie.js HTTP/1.1" 304 0
django.server INFO 2023-03-30 12:49:32,986 basehttp 18784 27880 "GET /static/js/js_utils/custom_option.js HTTP/1.1" 304 0
django.server INFO 2023-03-30 12:49:32,986 basehttp 18784 13320 "GET /static/js/jquery-3.6.1.min.js HTTP/1.1" 304 0
django.server INFO 2023-03-30 12:49:32,987 basehttp 18784 5660 "GET /static/js/js_utils/dataTables.js HTTP/1.1" 304 0
django.server INFO 2023-03-30 12:49:32,987 basehttp 18784 17904 "GET /static/js/sorting_table.js HTTP/1.1" 304 0
django.server INFO 2023-03-30 12:49:32,987 basehttp 18784 11800 "GET /static/js/create_modal.js HTTP/1.1" 304 0
django.server INFO 2023-03-30 12:49:32,989 basehttp 18784 3992 "GET /static/js/resizable.js HTTP/1.1" 304 0
django.server INFO 2023-03-30 12:49:32,993 basehttp 18784 3992 "GET /static/images/brand/CO-ADD_Logo_White_NoBackground_CMYK.png HTTP/1.1" 304 0
django.server INFO 2023-03-30 12:49:35,622 basehttp 18784 3992 "POST /accounts/login/ HTTP/1.1" 302 0
django.server INFO 2023-03-30 12:49:35,724 basehttp 18784 3992 "GET /index/ HTTP/1.1" 200 15216
django.server INFO 2023-03-30 12:49:35,743 basehttp 18784 3992 "GET /static/images/app/avatar.png HTTP/1.1" 304 0
django.server INFO 2023-03-30 12:49:38,108 basehttp 18784 3992 "GET /organism_card HTTP/1.1" 200 156917
django.server INFO 2023-03-30 12:49:39,995 basehttp 18784 3992 "GET /organism/FG_0001 HTTP/1.1" 200 52548
django.server INFO 2023-03-30 12:49:40,012 basehttp 18784 3992 "GET /static/js/search_organism.js HTTP/1.1" 304 0
django.server INFO 2023-03-30 12:49:40,017 basehttp 18784 3992 "GET /static/js/editablerow_stock.js HTTP/1.1" 304 0
django.server INFO 2023-03-30 12:49:42,192 basehttp 18784 3992 "GET /stocklist/FG_0001_03?Batch_id=FG_0001_03&_=1680144580012 HTTP/1.1" 200 12
django.server INFO 2023-03-30 12:49:44,367 basehttp 18784 3992 "GET /stocklist/FG_0001_01?Batch_id=FG_0001_01&_=1680144580013 HTTP/1.1" 200 564
django.server INFO 2023-03-30 12:52:27,686 basehttp 18784 3992 "GET /organism/FG_0001 HTTP/1.1" 200 52629
django.server INFO 2023-03-30 12:52:27,773 basehttp 18784 3992 "GET /static/images/app/CO-ADD_favicon.png HTTP/1.1" 304 0
django.server INFO 2023-03-30 12:52:29,514 basehttp 18784 3992 "GET /stocklist/FG_0001_03?Batch_id=FG_0001_03&_=1680144747699 HTTP/1.1" 200 12
django.server INFO 2023-03-30 12:52:31,441 basehttp 18784 3992 "GET /stocklist/FG_0001_01?Batch_id=FG_0001_01&_=1680144747700 HTTP/1.1" 200 564
django.server INFO 2023-03-30 12:53:01,542 basehttp 18784 3992 "GET /organism/FG_0001 HTTP/1.1" 200 52650
django.server INFO 2023-03-30 12:53:03,379 basehttp 18784 3992 "GET /stocklist/FG_0001_01?Batch_id=FG_0001_01&_=1680144781555 HTTP/1.1" 200 564
django.server INFO 2023-03-30 12:53:18,139 basehttp 18784 3992 "GET /organism/FG_0001 HTTP/1.1" 200 52661
django.server INFO 2023-03-30 12:53:19,977 basehttp 18784 3992 "GET /stocklist/FG_0001_01?Batch_id=FG_0001_01&_=1680144798153 HTTP/1.1" 200 564
django.server INFO 2023-03-30 12:57:02,948 basehttp 18784 3992 "GET /organism/FG_0001 HTTP/1.1" 200 52661
django.server INFO 2023-03-30 12:57:07,730 basehttp 18784 3992 "GET /stocklist/FG_0001_01?Batch_id=FG_0001_01&_=1680145022962 HTTP/1.1" 200 564
django.server INFO 2023-03-30 12:57:40,848 basehttp 18784 26792 "GET /organism/FG_0001 HTTP/1.1" 302 0
django.server INFO 2023-03-30 12:57:40,854 basehttp 18784 26792 "GET /accounts/login/?next=/organism/FG_0001 HTTP/1.1" 200 8727
django.server INFO 2023-03-30 12:57:41,205 basehttp 18784 23180 "GET /static/js/jquery-3.6.1.min.js HTTP/1.1" 200 89664
django.server INFO 2023-03-30 12:57:41,207 basehttp 18784 23180 "GET /static/js/js_utils/getCookie.js HTTP/1.1" 200 500
django.server INFO 2023-03-30 12:57:41,209 basehttp 18784 23180 "GET /static/js/editableTable.js HTTP/1.1" 200 620
django.server INFO 2023-03-30 12:57:41,214 basehttp 18784 23180 "GET /static/js/js_utils/dataTables.js HTTP/1.1" 200 601812
django.server INFO 2023-03-30 12:57:41,217 basehttp 18784 23180 "GET /static/js/js_utils/custom_option.js HTTP/1.1" 200 260
django.server INFO 2023-03-30 12:57:41,220 basehttp 18784 23180 "GET /static/js/create_modal.js HTTP/1.1" 200 372
django.server INFO 2023-03-30 12:57:41,222 basehttp 18784 23180 "GET /static/js/resizable.js HTTP/1.1" 200 1691
django.server INFO 2023-03-30 12:57:41,229 basehttp 18784 21604 "GET /static/css/custom.css HTTP/1.1" 200 16054
django.server INFO 2023-03-30 12:57:41,231 basehttp 18784 28944 "GET /static/css/steps/jquery.steps.css HTTP/1.1" 200 5527
django.server INFO 2023-03-30 12:57:41,233 basehttp 18784 26792 "GET /static/css/overideboot.css HTTP/1.1" 200 6108
django.server INFO 2023-03-30 12:57:41,233 basehttp 18784 20528 "GET /static/css/main.6a646761.css HTTP/1.1" 200 163150
django.server INFO 2023-03-30 12:57:41,235 basehttp 18784 20548 "GET /static/js/sorting_table.js HTTP/1.1" 200 877
django.server INFO 2023-03-30 12:57:41,350 basehttp 18784 20548 "GET /static/images/brand/CO-ADD_Logo_White_NoBackground_CMYK.png HTTP/1.1" 200 2856
django.server INFO 2023-03-30 12:57:41,892 basehttp 18784 20548 "GET /static/images/app/CO-ADD_favicon.png HTTP/1.1" 200 3544
django.server INFO 2023-03-30 12:57:43,421 basehttp 18784 20548 "POST /accounts/login/ HTTP/1.1" 302 0
django.server INFO 2023-03-30 12:57:43,523 basehttp 18784 20548 "GET /index/ HTTP/1.1" 200 15216
django.server INFO 2023-03-30 12:57:43,571 basehttp 18784 20548 "GET /static/images/app/avatar.png HTTP/1.1" 200 40220
django.server INFO 2023-03-30 12:57:45,756 basehttp 18784 20548 "GET /organism_card HTTP/1.1" 200 156917
django.server INFO 2023-03-30 12:57:45,794 basehttp 18784 20548 "GET /static/js/js_utils/saveData.js HTTP/1.1" 200 433
django.server INFO 2023-03-30 12:57:45,797 basehttp 18784 26792 "GET /static/js/resizebar.js HTTP/1.1" 200 861
django.server INFO 2023-03-30 12:57:47,560 basehttp 18784 26792 "GET /organism/FG_0001 HTTP/1.1" 200 52661
django.server INFO 2023-03-30 12:57:47,606 basehttp 18784 26792 "GET /static/js/search_organism.js HTTP/1.1" 200 2101
django.server INFO 2023-03-30 12:57:47,636 basehttp 18784 26792 "GET /static/js/editablerow_stock.js HTTP/1.1" 200 1948
django.server INFO 2023-03-30 12:57:49,211 basehttp 18784 26792 "GET /stocklist/FG_0001_01?Batch_id=FG_0001_01&_=1680145067625 HTTP/1.1" 200 564
django.server INFO 2023-03-30 12:58:41,300 basehttp 18784 26792 "GET /organism/FG_0001 HTTP/1.1" 200 52661
django.server INFO 2023-03-30 12:58:41,325 basehttp 18784 26792 "GET /static/js/editablerow_stock.js HTTP/1.1" 200 1948
django.server INFO 2023-03-30 12:58:43,006 basehttp 18784 26792 "GET /stocklist/FG_0001_01?Batch_id=FG_0001_01&_=1680145121328 HTTP/1.1" 200 564
django.server INFO 2023-03-30 12:58:46,085 basehttp 18784 26792 "POST /organism/updateStock/3476 HTTP/1.1" 200 21
django.server INFO 2023-03-30 12:58:59,837 basehttp 18784 26792 "GET /organism/FG_0001 HTTP/1.1" 200 52661
django.server INFO 2023-03-30 12:58:59,864 basehttp 18784 26792 "GET /static/js/editablerow_stock.js HTTP/1.1" 304 0
django.server INFO 2023-03-30 12:59:02,621 basehttp 18784 26792 "GET /stocklist/FG_0001_01?Batch_id=FG_0001_01&_=1680145139866 HTTP/1.1" 200 564
django.server INFO 2023-03-30 12:59:07,737 basehttp 18784 26792 "POST /organism/updateStock/3476 HTTP/1.1" 200 21
django.server INFO 2023-03-30 12:59:10,138 basehttp 18784 26792 "GET /organism/FG_0001 HTTP/1.1" 200 52661
django.server INFO 2023-03-30 12:59:10,165 basehttp 18784 26792 "GET /static/js/editablerow_stock.js HTTP/1.1" 304 0
django.server INFO 2023-03-30 12:59:11,689 basehttp 18784 26792 "GET /stocklist/FG_0001_01?Batch_id=FG_0001_01&_=1680145150165 HTTP/1.1" 200 564
django.utils.autoreload INFO 2023-03-30 13:00:20,171 autoreload 18784 12576 C:\Users\uqwzhon4\project\adjCOADD\dorganism\views.py changed, reloading.
django.utils.autoreload INFO 2023-03-30 13:00:21,306 autoreload 2556 10296 Watching for file changes with StatReloader
django.server INFO 2023-03-30 13:01:09,748 basehttp 2556 9464 "GET /stocklist/FG_0001_04?Batch_id=FG_0001_04&_=1680145150166 HTTP/1.1" 200 12
django.server INFO 2023-03-30 13:01:11,056 basehttp 2556 9464 "GET /stocklist/FG_0001_03?Batch_id=FG_0001_03&_=1680145150167 HTTP/1.1" 200 12
django.server INFO 2023-03-30 13:01:29,098 basehttp 2556 9464 "POST /organism/updateStock/141 HTTP/1.1" 200 15
django.server INFO 2023-03-30 13:03:42,488 basehttp 2556 9464 "GET /organism/FG_0001 HTTP/1.1" 200 52661
django.server INFO 2023-03-30 13:03:42,517 basehttp 2556 9464 "GET /static/js/editablerow_stock.js HTTP/1.1" 304 0
django.server INFO 2023-03-30 13:03:45,413 basehttp 2556 9464 "GET /stocklist/FG_0001_01?Batch_id=FG_0001_01&_=1680145422522 HTTP/1.1" 200 280
django.server INFO 2023-03-30 13:04:42,255 basehttp 2556 9464 "GET /organism/FG_0001 HTTP/1.1" 200 52661
django.server INFO 2023-03-30 13:04:42,373 basehttp 2556 9464 "GET /static/js/editablerow_stock.js HTTP/1.1" 200 1960
django.server INFO 2023-03-30 13:05:00,669 basehttp 2556 9464 "GET /organism/FG_0001 HTTP/1.1" 200 52661
django.server INFO 2023-03-30 13:05:00,695 basehttp 2556 9464 "GET /static/js/editablerow_stock.js HTTP/1.1" 200 1950
django.server INFO 2023-03-30 13:05:02,860 basehttp 2556 9464 "GET /stocklist/FG_0001_01?Batch_id=FG_0001_01&_=1680145500701 HTTP/1.1" 200 280
django.server INFO 2023-03-30 13:05:12,571 basehttp 2556 9464 "POST /organism/updateStock/3476 HTTP/1.1" 200 15
django.server INFO 2023-03-30 13:05:41,287 basehttp 2556 9464 "GET /organism/FG_0001 HTTP/1.1" 200 52661
django.server INFO 2023-03-30 13:05:41,317 basehttp 2556 9464 "GET /static/js/editablerow_stock.js HTTP/1.1" 200 1981
django.server INFO 2023-03-30 13:05:43,157 basehttp 2556 9464 "GET /stocklist/FG_0001_01?Batch_id=FG_0001_01&_=1680145541323 HTTP/1.1" 200 279
django.server INFO 2023-03-30 13:05:46,370 basehttp 2556 9464 "POST /organism/updateStock/3476 HTTP/1.1" 200 15
django.server INFO 2023-03-30 13:06:24,811 basehttp 2556 9464 "GET /organism/FG_0001 HTTP/1.1" 200 52661
django.server INFO 2023-03-30 13:06:24,840 basehttp 2556 9464 "GET /static/js/editablerow_stock.js HTTP/1.1" 200 1991
django.server INFO 2023-03-30 13:06:26,501 basehttp 2556 9464 "GET /stocklist/FG_0001_01?Batch_id=FG_0001_01&_=1680145584844 HTTP/1.1" 200 279
django.server INFO 2023-03-30 13:06:29,165 basehttp 2556 9464 "POST /organism/updateStock/3476 HTTP/1.1" 200 15
django.server INFO 2023-03-30 13:07:21,981 basehttp 2556 9464 "GET /organism/FG_0001 HTTP/1.1" 200 52661
django.server INFO 2023-03-30 13:07:22,013 basehttp 2556 9464 "GET /static/js/editablerow_stock.js HTTP/1.1" 200 2016
django.server INFO 2023-03-30 13:07:24,912 basehttp 2556 9464 "GET /stocklist/FG_0001_01?Batch_id=FG_0001_01&_=1680145642017 HTTP/1.1" 200 279
django.server INFO 2023-03-30 13:07:27,544 basehttp 2556 9464 "POST /organism/updateStock/3476 HTTP/1.1" 200 15
django.server INFO 2023-03-30 13:08:49,056 basehttp 2556 9464 "GET /organism/FG_0001 HTTP/1.1" 200 52661
django.server INFO 2023-03-30 13:08:49,085 basehttp 2556 9464 "GET /static/js/editablerow_stock.js HTTP/1.1" 200 2123
django.server INFO 2023-03-30 13:08:51,724 basehttp 2556 9464 "GET /stocklist/FG_0001_01?Batch_id=FG_0001_01&_=1680145729086 HTTP/1.1" 200 279
django.server INFO 2023-03-30 13:08:54,292 basehttp 2556 9464 "POST /organism/updateStock/3476 HTTP/1.1" 200 15
django.server INFO 2023-03-30 13:09:20,349 basehttp 2556 9464 "GET /organism/FG_0001 HTTP/1.1" 200 52661
django.server INFO 2023-03-30 13:09:20,376 basehttp 2556 9464 "GET /static/js/editablerow_stock.js HTTP/1.1" 200 2135
django.server INFO 2023-03-30 13:09:21,956 basehttp 2556 9464 "GET /stocklist/FG_0001_01?Batch_id=FG_0001_01&_=1680145760380 HTTP/1.1" 200 279
django.server INFO 2023-03-30 13:09:24,912 basehttp 2556 9464 "POST /organism/updateStock/3476 HTTP/1.1" 200 15
django.server INFO 2023-03-30 13:09:43,076 basehttp 2556 9464 "POST /organism/updateStock/3476 HTTP/1.1" 200 15
django.server INFO 2023-03-30 13:09:46,334 basehttp 2556 9464 "GET /organism/FG_0001 HTTP/1.1" 200 52661
django.server INFO 2023-03-30 13:09:46,360 basehttp 2556 9464 "GET /static/js/editablerow_stock.js HTTP/1.1" 200 1966
django.server INFO 2023-03-30 13:09:48,097 basehttp 2556 9464 "GET /stocklist/FG_0001_01?Batch_id=FG_0001_01&_=1680145786364 HTTP/1.1" 200 279
django.server INFO 2023-03-30 13:11:40,540 basehttp 2556 9464 "GET /organism/FG_0001 HTTP/1.1" 200 52658
django.server INFO 2023-03-30 13:11:40,563 basehttp 2556 9464 "GET /static/js/editablerow_stock.js HTTP/1.1" 200 1960
django.server INFO 2023-03-30 13:11:42,264 basehttp 2556 9464 "GET /stocklist/FG_0001_01?Batch_id=FG_0001_01&_=1680145900566 HTTP/1.1" 200 279
django.server INFO 2023-03-30 13:11:45,993 basehttp 2556 9464 "POST /organism/updateStock/3476 HTTP/1.1" 200 15
django.server INFO 2023-03-30 13:11:48,702 basehttp 2556 9464 "POST /organism/updateStock/3476 HTTP/1.1" 200 15
django.server INFO 2023-03-30 13:11:53,317 basehttp 2556 9464 "POST /organism/updateStock/3476 HTTP/1.1" 200 15
django.server INFO 2023-03-30 13:11:55,940 basehttp 2556 9464 "GET /stocklist/FG_0001_01?Batch_id=FG_0001_01&_=1680145900567 HTTP/1.1" 200 12
django.server INFO 2023-03-30 13:13:50,861 basehttp 2556 9464 "GET /organism/FG_0001 HTTP/1.1" 200 52777
django.server INFO 2023-03-30 13:13:50,885 basehttp 2556 9464 "GET /static/js/editablerow_stock.js HTTP/1.1" 304 0
django.server INFO 2023-03-30 13:13:52,424 basehttp 2556 9464 "GET /stocklist/FG_0001_01?Batch_id=FG_0001_01&_=1680146030891 HTTP/1.1" 200 12
django.server INFO 2023-03-30 13:14:30,735 basehttp 2556 9464 "GET /stocklist/FG_0001_01?Batch_id=FG_0001_01&_=1680146030892 HTTP/1.1" 200 280
django.server INFO 2023-03-30 13:14:36,666 basehttp 2556 9464 "POST /organism/updateStock/3476 HTTP/1.1" 200 15
django.server INFO 2023-03-30 13:14:38,403 basehttp 2556 9464 "POST /organism/updateStock/3476 HTTP/1.1" 200 15
django.server INFO 2023-03-30 13:14:40,039 basehttp 2556 9464 "POST /organism/updateStock/3476 HTTP/1.1" 200 15
django.server INFO 2023-03-30 13:14:41,482 basehttp 2556 9464 "POST /organism/updateStock/3476 HTTP/1.1" 200 15
django.server INFO 2023-03-30 13:14:43,007 basehttp 2556 9464 "POST /organism/updateStock/3476 HTTP/1.1" 200 15
django.server INFO 2023-03-30 13:14:44,351 basehttp 2556 9464 "POST /organism/updateStock/3476 HTTP/1.1" 200 15
django.server INFO 2023-03-30 13:14:45,529 basehttp 2556 9464 "POST /organism/updateStock/3476 HTTP/1.1" 200 15
django.server INFO 2023-03-30 13:14:46,754 basehttp 2556 9464 "POST /organism/updateStock/3476 HTTP/1.1" 200 15
django.server INFO 2023-03-30 13:14:48,125 basehttp 2556 9464 "POST /organism/updateStock/3476 HTTP/1.1" 200 15
django.server INFO 2023-03-30 13:16:50,113 basehttp 2556 9464 "GET /organism/FG_0001 HTTP/1.1" 200 52777
django.server INFO 2023-03-30 13:16:50,138 basehttp 2556 9464 "GET /static/js/editablerow_stock.js HTTP/1.1" 200 2042
django.server INFO 2023-03-30 13:16:51,970 basehttp 2556 9464 "GET /stocklist/FG_0001_01?Batch_id=FG_0001_01&_=1680146210144 HTTP/1.1" 200 12
django.server INFO 2023-03-30 13:17:21,265 basehttp 2556 9464 "GET /stocklist/FG_0001_01?Batch_id=FG_0001_01&_=1680146210145 HTTP/1.1" 200 279
django.server INFO 2023-03-30 13:17:24,293 basehttp 2556 9464 "POST /organism/updateStock/3476 HTTP/1.1" 200 15
django.server INFO 2023-03-30 13:17:25,792 basehttp 2556 9464 "POST /organism/updateStock/3476 HTTP/1.1" 200 15
django.server INFO 2023-03-30 13:17:27,280 basehttp 2556 9464 "POST /organism/updateStock/3476 HTTP/1.1" 200 15
django.server INFO 2023-03-30 13:17:29,785 basehttp 2556 9464 "POST /organism/updateStock/3476 HTTP/1.1" 200 15
django.server INFO 2023-03-30 13:18:42,714 basehttp 2556 9464 "GET /organism/FG_0001 HTTP/1.1" 200 52777
django.server INFO 2023-03-30 13:18:42,729 basehttp 2556 9464 "GET /static/css/overideboot.css HTTP/1.1" 304 0
django.server INFO 2023-03-30 13:18:42,731 basehttp 2556 27392 "GET /static/css/custom.css HTTP/1.1" 304 0
django.server INFO 2023-03-30 13:18:42,735 basehttp 2556 22608 "GET /static/css/main.6a646761.css HTTP/1.1" 304 0
django.server INFO 2023-03-30 13:18:42,736 basehttp 2556 25976 "GET /static/css/steps/jquery.steps.css HTTP/1.1" 304 0
django.server INFO 2023-03-30 13:18:42,736 basehttp 2556 13476 "GET /static/js/sorting_table.js HTTP/1.1" 304 0
django.server INFO 2023-03-30 13:18:42,737 basehttp 2556 27392 "GET /static/js/editableTable.js HTTP/1.1" 304 0
django.server INFO 2023-03-30 13:18:42,737 basehttp 2556 9464 "GET /static/js/js_utils/getCookie.js HTTP/1.1" 304 0
django.server INFO 2023-03-30 13:18:42,737 basehttp 2556 21856 "GET /static/js/jquery-3.6.1.min.js HTTP/1.1" 304 0
django.server INFO 2023-03-30 13:18:42,738 basehttp 2556 25976 "GET /static/js/js_utils/dataTables.js HTTP/1.1" 304 0
django.server INFO 2023-03-30 13:18:42,740 basehttp 2556 22608 "GET /static/js/js_utils/custom_option.js HTTP/1.1" 304 0
django.server INFO 2023-03-30 13:18:42,740 basehttp 2556 13476 "GET /static/js/create_modal.js HTTP/1.1" 304 0
django.server INFO 2023-03-30 13:18:42,741 basehttp 2556 27392 "GET /static/js/resizable.js HTTP/1.1" 304 0
django.server INFO 2023-03-30 13:18:42,754 basehttp 2556 13476 "GET /static/js/editablerow_stock.js HTTP/1.1" 304 0
django.server INFO 2023-03-30 13:18:42,754 basehttp 2556 27392 "GET /static/js/search_organism.js HTTP/1.1" 304 0
django.server INFO 2023-03-30 13:18:42,775 basehttp 2556 27392 "GET /static/images/brand/CO-ADD_Logo_White_NoBackground_CMYK.png HTTP/1.1" 304 0
django.server INFO 2023-03-30 13:18:42,775 basehttp 2556 13476 "GET /static/images/app/avatar.png HTTP/1.1" 304 0
django.server INFO 2023-03-30 13:18:42,841 basehttp 2556 13476 "GET /static/images/app/CO-ADD_favicon.png HTTP/1.1" 304 0
django.server INFO 2023-03-30 13:18:45,176 basehttp 2556 13476 "GET /stocklist/FG_0001_01?Batch_id=FG_0001_01&_=1680146322748 HTTP/1.1" 200 12
django.server INFO 2023-03-30 13:22:16,516 basehttp 2556 13476 "GET /organism/FG_0001 HTTP/1.1" 200 52777
django.server INFO 2023-03-30 13:22:16,538 basehttp 2556 13476 "GET /static/js/editablerow_stock.js HTTP/1.1" 200 2075
django.server INFO 2023-03-30 13:22:18,347 basehttp 2556 13476 "GET /stocklist/FG_0001_01?Batch_id=FG_0001_01&_=1680146536542 HTTP/1.1" 200 280
django.server INFO 2023-03-30 13:22:22,285 basehttp 2556 13476 "POST /organism/updateStock/3476 HTTP/1.1" 200 15
django.server INFO 2023-03-30 13:22:23,910 basehttp 2556 13476 "POST /organism/updateStock/3476 HTTP/1.1" 200 15
django.server INFO 2023-03-30 13:22:25,333 basehttp 2556 13476 "POST /organism/updateStock/3476 HTTP/1.1" 200 15
django.server INFO 2023-03-30 13:22:26,729 basehttp 2556 13476 "POST /organism/updateStock/3476 HTTP/1.1" 200 15
django.server INFO 2023-03-30 13:22:28,134 basehttp 2556 13476 "POST /organism/updateStock/3476 HTTP/1.1" 200 15
django.server INFO 2023-03-30 13:22:29,495 basehttp 2556 13476 "POST /organism/updateStock/3476 HTTP/1.1" 200 15
django.server INFO 2023-03-30 13:22:31,008 basehttp 2556 13476 "POST /organism/updateStock/3476 HTTP/1.1" 200 15
django.server INFO 2023-03-30 13:22:32,562 basehttp 2556 13476 "POST /organism/updateStock/3476 HTTP/1.1" 200 15
django.server INFO 2023-03-30 13:22:34,582 basehttp 2556 13476 "POST /organism/updateStock/3476 HTTP/1.1" 200 15
django.server INFO 2023-03-30 13:22:34,724 basehttp 2556 13476 "GET /organism/FG_0001 HTTP/1.1" 200 52777
django.server INFO 2023-03-30 13:22:34,743 basehttp 2556 13476 "GET /static/js/editablerow_stock.js HTTP/1.1" 304 0
django.server INFO 2023-03-30 13:22:36,678 basehttp 2556 13476 "GET /stocklist/FG_0001_01?Batch_id=FG_0001_01&_=1680146554745 HTTP/1.1" 200 12
django.server INFO 2023-03-30 13:22:39,563 basehttp 2556 13476 "GET /stocklist/FG_0001_03?Batch_id=FG_0001_03&_=1680146554746 HTTP/1.1" 200 12
django.server INFO 2023-03-30 13:23:01,053 basehttp 2556 13476 "GET /stocklist/FG_0001_01?Batch_id=FG_0001_01&_=1680146554747 HTTP/1.1" 200 12
django.server INFO 2023-03-30 13:23:39,861 basehttp 2556 13476 "GET /stocklist/FG_0001_01?Batch_id=FG_0001_01&_=1680146554748 HTTP/1.1" 200 12
django.server INFO 2023-03-30 13:23:42,775 basehttp 2556 13476 "GET /organism/FG_0001 HTTP/1.1" 200 52777
django.server INFO 2023-03-30 13:23:42,798 basehttp 2556 13476 "GET /static/js/editablerow_stock.js HTTP/1.1" 304 0
django.server INFO 2023-03-30 13:23:44,394 basehttp 2556 13476 "GET /stocklist/FG_0001_01?Batch_id=FG_0001_01&_=1680146622800 HTTP/1.1" 200 12
django.server INFO 2023-03-30 13:24:13,653 basehttp 2556 13476 "GET /stocklist/FG_0001_01?Batch_id=FG_0001_01&_=1680146622801 HTTP/1.1" 200 280
django.server INFO 2023-03-30 13:24:15,462 basehttp 2556 13476 "GET /createStock/ HTTP/1.1" 200 103370
django.server INFO 2023-03-30 13:25:01,609 basehttp 2556 13476 "POST /createStock/ HTTP/1.1" 302 0
django.server INFO 2023-03-30 13:25:01,743 basehttp 2556 13476 "GET /organism/FG_0001 HTTP/1.1" 200 52777
django.server INFO 2023-03-30 13:25:01,763 basehttp 2556 13476 "GET /static/js/editablerow_stock.js HTTP/1.1" 304 0
django.server INFO 2023-03-30 13:25:03,690 basehttp 2556 13476 "GET /stocklist/FG_0001_01?Batch_id=FG_0001_01&_=1680146701766 HTTP/1.1" 200 523
django.server INFO 2023-03-30 13:25:08,197 basehttp 2556 13476 "POST /organism/updateStock/3481 HTTP/1.1" 200 15
django.server INFO 2023-03-30 13:25:09,501 basehttp 2556 13476 "POST /organism/updateStock/3481 HTTP/1.1" 200 15
django.server INFO 2023-03-30 13:25:10,737 basehttp 2556 13476 "POST /organism/updateStock/3481 HTTP/1.1" 200 15
django.server INFO 2023-03-30 13:25:12,399 basehttp 2556 13476 "POST /organism/updateStock/3481 HTTP/1.1" 200 15
django.server INFO 2023-03-30 13:25:13,783 basehttp 2556 13476 "POST /organism/updateStock/3481 HTTP/1.1" 200 15
django.server INFO 2023-03-30 13:25:15,413 basehttp 2556 13476 "POST /organism/updateStock/3481 HTTP/1.1" 200 15
django.server INFO 2023-03-30 13:25:17,095 basehttp 2556 13476 "POST /organism/updateStock/3481 HTTP/1.1" 200 15
django.server INFO 2023-03-30 13:25:17,236 basehttp 2556 13476 "GET /organism/FG_0001 HTTP/1.1" 200 52777
django.server INFO 2023-03-30 13:25:19,395 basehttp 2556 13476 "GET /stocklist/FG_0001_01?Batch_id=FG_0001_01&_=1680146717258 HTTP/1.1" 200 280
django.server INFO 2023-03-30 13:25:28,104 basehttp 2556 13476 "POST /organism/updateStock/3476 HTTP/1.1" 200 15
django.server INFO 2023-03-30 13:25:29,574 basehttp 2556 13476 "POST /organism/updateStock/3476 HTTP/1.1" 200 15
django.server INFO 2023-03-30 13:25:32,524 basehttp 2556 13476 "GET /stocklist/FG_0001_04?Batch_id=FG_0001_04&_=1680146717259 HTTP/1.1" 200 12
django.server INFO 2023-03-30 13:25:34,391 basehttp 2556 13476 "GET /stocklist/FG_0001_03?Batch_id=FG_0001_03&_=1680146717260 HTTP/1.1" 200 12
django.server INFO 2023-03-30 13:26:33,147 basehttp 2556 13476 "GET /organism/FG_0001 HTTP/1.1" 200 54769
django.server INFO 2023-03-30 13:26:33,170 basehttp 2556 13476 "GET /static/js/editablerow_stock.js HTTP/1.1" 304 0
django.server INFO 2023-03-30 13:26:36,199 basehttp 2556 13476 "GET /stocklist/FG_0001_03?Batch_id=FG_0001_03&_=1680146793176 HTTP/1.1" 200 12
django.server INFO 2023-03-30 13:26:37,579 basehttp 2556 13476 "GET /stocklist/FG_0001_02?Batch_id=FG_0001_02&_=1680146793177 HTTP/1.1" 200 250
django.server INFO 2023-03-30 13:26:42,075 basehttp 2556 13476 "GET /stocklist/FG_0001_01?Batch_id=FG_0001_01&_=1680146793178 HTTP/1.1" 200 279
django.server INFO 2023-03-30 13:31:44,610 basehttp 2556 29608 "GET /organism/FG_0001 HTTP/1.1" 200 54769
django.server INFO 2023-03-30 13:31:44,632 basehttp 2556 29608 "GET /static/js/editablerow_stock.js HTTP/1.1" 304 0
django.server INFO 2023-03-30 13:36:44,879 basehttp 2556 14100 "GET /organism/FG_0001 HTTP/1.1" 200 54769
django.server INFO 2023-03-30 13:36:44,901 basehttp 2556 14100 "GET /static/js/editablerow_stock.js HTTP/1.1" 304 0
django.server INFO 2023-03-30 13:41:45,139 basehttp 2556 7732 "GET /organism/FG_0001 HTTP/1.1" 200 54769
django.server INFO 2023-03-30 13:41:45,152 basehttp 2556 19148 "GET /static/css/custom.css HTTP/1.1" 304 0
django.server INFO 2023-03-30 13:41:45,152 basehttp 2556 7732 "GET /static/css/overideboot.css HTTP/1.1" 304 0
django.server INFO 2023-03-30 13:41:45,157 basehttp 2556 1956 "GET /static/css/main.6a646761.css HTTP/1.1" 304 0
django.server INFO 2023-03-30 13:41:45,157 basehttp 2556 17312 "GET /static/css/steps/jquery.steps.css HTTP/1.1" 304 0
django.server INFO 2023-03-30 13:41:45,158 basehttp 2556 7528 "GET /static/js/jquery-3.6.1.min.js HTTP/1.1" 304 0
django.server INFO 2023-03-30 13:41:45,158 basehttp 2556 19148 "GET /static/js/js_utils/getCookie.js HTTP/1.1" 304 0
django.server INFO 2023-03-30 13:41:45,159 basehttp 2556 7732 "GET /static/js/editableTable.js HTTP/1.1" 304 0
django.server INFO 2023-03-30 13:41:45,159 basehttp 2556 19584 "GET /static/js/sorting_table.js HTTP/1.1" 304 0
django.server INFO 2023-03-30 13:41:45,162 basehttp 2556 1956 "GET /static/js/js_utils/dataTables.js HTTP/1.1" 304 0
django.server INFO 2023-03-30 13:41:45,163 basehttp 2556 17312 "GET /static/js/js_utils/custom_option.js HTTP/1.1" 304 0
django.server INFO 2023-03-30 13:41:45,163 basehttp 2556 7528 "GET /static/js/create_modal.js HTTP/1.1" 304 0
django.server INFO 2023-03-30 13:41:45,164 basehttp 2556 19148 "GET /static/js/resizable.js HTTP/1.1" 304 0
django.server INFO 2023-03-30 13:41:45,168 basehttp 2556 19148 "GET /static/js/search_organism.js HTTP/1.1" 304 0
django.server INFO 2023-03-30 13:41:45,171 basehttp 2556 19148 "GET /static/js/editablerow_stock.js HTTP/1.1" 304 0
django.server INFO 2023-03-30 13:41:45,188 basehttp 2556 19148 "GET /static/images/brand/CO-ADD_Logo_White_NoBackground_CMYK.png HTTP/1.1" 304 0
django.server INFO 2023-03-30 13:41:45,188 basehttp 2556 7528 "GET /static/images/app/avatar.png HTTP/1.1" 304 0
django.server INFO 2023-03-30 13:41:45,241 basehttp 2556 7528 "GET /static/images/app/CO-ADD_favicon.png HTTP/1.1" 304 0
django.server INFO 2023-03-30 13:46:45,405 basehttp 2556 7528 "GET /organism/FG_0001 HTTP/1.1" 200 54769
django.server INFO 2023-03-30 13:46:45,424 basehttp 2556 7528 "GET /static/js/editablerow_stock.js HTTP/1.1" 304 0
django.server INFO 2023-03-30 13:51:27,535 basehttp 2556 7528 "GET /updateBat/FG_0001_01 HTTP/1.1" 200 7426
django.server INFO 2023-03-30 13:51:29,505 basehttp 2556 7528 "GET /organism/FG_0001 HTTP/1.1" 200 54769
django.server INFO 2023-03-30 13:51:29,532 basehttp 2556 7528 "GET /static/js/editablerow_stock.js HTTP/1.1" 304 0
django.server INFO 2023-03-30 13:54:13,280 basehttp 2556 7528 "GET /organism/FG_0001 HTTP/1.1" 200 55105
django.server INFO 2023-03-30 13:54:46,358 basehttp 2556 7528 "GET /organism/FG_0001 HTTP/1.1" 200 55357
django.server INFO 2023-03-30 13:54:46,382 basehttp 2556 7528 "GET /static/js/editablerow_stock.js HTTP/1.1" 200 2046
django.server INFO 2023-03-30 13:55:03,591 basehttp 2556 7528 "GET /stocklist/FG_0001_01?Batch_id=FG_0001_01&_=1680148486386 HTTP/1.1" 200 279
django.server INFO 2023-03-30 13:55:05,716 basehttp 2556 7528 "GET /updateBat/FG_0001_01 HTTP/1.1" 200 7426
django.server INFO 2023-03-30 13:55:06,972 basehttp 2556 7528 "GET /organism/FG_0001 HTTP/1.1" 200 55357
django.server INFO 2023-03-30 13:55:06,995 basehttp 2556 7528 "GET /static/js/editablerow_stock.js HTTP/1.1" 304 0
django.server INFO 2023-03-30 13:55:08,417 basehttp 2556 7528 "GET /updateBat/FG_0001_01 HTTP/1.1" 200 7426
django.server INFO 2023-03-30 13:55:11,092 basehttp 2556 7528 "GET /organism/FG_0001 HTTP/1.1" 200 55357
django.server INFO 2023-03-30 13:55:17,400 basehttp 2556 7528 "GET /createCulture/ HTTP/1.1" 200 10799
django.server INFO 2023-03-30 13:55:17,417 basehttp 2556 7528 "GET /static/js/search_organism_id.js HTTP/1.1" 200 1842
django.server INFO 2023-03-30 13:55:19,395 basehttp 2556 7528 "GET /organism/FG_0001 HTTP/1.1" 200 55357
django.server INFO 2023-03-30 13:55:22,435 basehttp 2556 7528 "GET /createBatch/ HTTP/1.1" 200 9976
django.server INFO 2023-03-30 13:55:26,051 basehttp 2556 7528 "GET /organism/FG_0001 HTTP/1.1" 200 55357
django.server INFO 2023-03-30 13:55:26,073 basehttp 2556 7528 "GET /static/js/editablerow_stock.js HTTP/1.1" 304 0
django.server INFO 2023-03-30 13:55:41,265 basehttp 2556 7528 "GET /organism/FG_0001 HTTP/1.1" 200 55357
django.server INFO 2023-03-30 13:57:38,978 basehttp 2556 7528 "GET /organism/FG_0001 HTTP/1.1" 200 55414
django.server INFO 2023-03-30 13:57:39,003 basehttp 2556 7528 "GET /static/js/editablerow_stock.js HTTP/1.1" 304 0
django.server INFO 2023-03-30 13:57:58,710 basehttp 2556 7528 "GET /organism/FG_0001 HTTP/1.1" 200 55566
django.server INFO 2023-03-30 13:58:22,595 basehttp 2556 7528 "GET /organism/FG_0001 HTTP/1.1" 200 55490
django.server INFO 2023-03-30 13:58:22,608 basehttp 2556 7528 "GET /static/js/editablerow_stock.js HTTP/1.1" 304 0
django.server INFO 2023-03-30 13:58:45,660 basehttp 2556 7528 "GET /organism/FG_0001 HTTP/1.1" 200 55490
django.server INFO 2023-03-30 14:00:46,887 basehttp 2556 7528 "GET /organism/FG_0001 HTTP/1.1" 200 55490
django.server INFO 2023-03-30 14:00:46,901 basehttp 2556 7528 "GET /static/js/editablerow_stock.js HTTP/1.1" 304 0
django.server INFO 2023-03-30 14:01:11,091 basehttp 2556 7528 "GET /organism/FG_0001 HTTP/1.1" 200 55490
django.server INFO 2023-03-30 14:01:22,525 basehttp 2556 7528 "GET /organism/FG_0001 HTTP/1.1" 200 55490
django.server INFO 2023-03-30 14:01:52,146 basehttp 2556 7528 "GET /organism/FG_0001 HTTP/1.1" 200 55490
django.server INFO 2023-03-30 14:01:52,161 basehttp 2556 7528 "GET /static/js/editablerow_stock.js HTTP/1.1" 304 0
django.server INFO 2023-03-30 14:02:08,040 basehttp 2556 11024 "GET / HTTP/1.1" 200 8727
django.server INFO 2023-03-30 14:02:08,071 basehttp 2556 11024 "GET /static/css/overideboot.css HTTP/1.1" 200 6108
django.server INFO 2023-03-30 14:02:08,078 basehttp 2556 11024 "GET /static/css/custom.css HTTP/1.1" 200 16071
django.server INFO 2023-03-30 14:02:08,084 basehttp 2556 11024 "GET /static/css/main.6a646761.css HTTP/1.1" 200 163150
django.server INFO 2023-03-30 14:02:08,089 basehttp 2556 11024 "GET /static/css/steps/jquery.steps.css HTTP/1.1" 200 5527
django.server INFO 2023-03-30 14:02:08,103 basehttp 2556 11024 "GET /static/js/jquery-3.6.1.min.js HTTP/1.1" 200 89664
django.server INFO 2023-03-30 14:02:08,106 basehttp 2556 11024 "GET /static/js/sorting_table.js HTTP/1.1" 200 877
django.server INFO 2023-03-30 14:02:08,111 basehttp 2556 11024 "GET /static/js/js_utils/getCookie.js HTTP/1.1" 200 500
django.server INFO 2023-03-30 14:02:08,114 basehttp 2556 11024 "GET /static/js/editableTable.js HTTP/1.1" 200 620
django.server INFO 2023-03-30 14:02:08,124 basehttp 2556 11024 "GET /static/js/js_utils/dataTables.js HTTP/1.1" 200 601812
django.server INFO 2023-03-30 14:02:08,126 basehttp 2556 11024 "GET /static/js/js_utils/custom_option.js HTTP/1.1" 200 260
django.server INFO 2023-03-30 14:02:08,129 basehttp 2556 11024 "GET /static/js/create_modal.js HTTP/1.1" 200 372
django.server INFO 2023-03-30 14:02:08,132 basehttp 2556 11024 "GET /static/js/resizable.js HTTP/1.1" 200 1691
django.server INFO 2023-03-30 14:02:08,135 basehttp 2556 11024 "GET /static/images/brand/CO-ADD_Logo_White_NoBackground_CMYK.png HTTP/1.1" 200 2856
django.request WARNING 2023-03-30 14:02:08,166 log 2556 11024 Not Found: /favicon.ico
django.server WARNING 2023-03-30 14:02:08,167 basehttp 2556 11024 "GET /favicon.ico HTTP/1.1" 404 11785
django.server INFO 2023-03-30 14:02:14,788 basehttp 2556 11024 "POST /accounts/login/ HTTP/1.1" 302 0
django.server INFO 2023-03-30 14:02:14,900 basehttp 2556 11024 "GET /index/ HTTP/1.1" 200 15275
django.server INFO 2023-03-30 14:02:14,907 basehttp 2556 11024 "GET /static/css/custom.css HTTP/1.1" 304 0
django.server INFO 2023-03-30 14:02:14,909 basehttp 2556 16952 "GET /static/images/app/avatar.png HTTP/1.1" 200 40220
django.server INFO 2023-03-30 14:02:20,348 basehttp 2556 16952 "GET /organism_card HTTP/1.1" 200 156976
django.server INFO 2023-03-30 14:02:20,357 basehttp 2556 16952 "GET /static/css/custom.css HTTP/1.1" 304 0
django.server INFO 2023-03-30 14:02:20,359 basehttp 2556 16952 "GET /static/js/js_utils/saveData.js HTTP/1.1" 200 433
django.server INFO 2023-03-30 14:02:20,364 basehttp 2556 16952 "GET /static/js/resizebar.js HTTP/1.1" 200 861
django.server INFO 2023-03-30 14:02:22,388 basehttp 2556 16952 "GET /organism/FG_0001 HTTP/1.1" 200 55862
django.server INFO 2023-03-30 14:02:22,398 basehttp 2556 16952 "GET /static/js/search_organism.js HTTP/1.1" 200 2101
django.server INFO 2023-03-30 14:02:22,414 basehttp 2556 16952 "GET /static/js/editablerow_stock.js HTTP/1.1" 200 2046
django.server INFO 2023-03-30 14:04:16,160 basehttp 2556 16952 "GET /organism/FG_0001 HTTP/1.1" 200 55862
django.server INFO 2023-03-30 14:04:16,170 basehttp 2556 11024 "GET /static/js/editablerow_stock.js HTTP/1.1" 304 0
django.server INFO 2023-03-30 14:04:16,171 basehttp 2556 16952 "GET /static/css/custom.css HTTP/1.1" 200 16075
django.server INFO 2023-03-30 14:04:16,246 basehttp 2556 16952 "GET /static/images/app/CO-ADD_favicon.png HTTP/1.1" 200 3544
django.server INFO 2023-03-30 14:05:01,334 basehttp 2556 16952 "GET /organism/FG_0001 HTTP/1.1" 200 55862
django.server INFO 2023-03-30 14:05:01,342 basehttp 2556 16952 "GET /static/css/custom.css HTTP/1.1" 304 0
django.server INFO 2023-03-30 14:05:09,359 basehttp 2556 16952 "GET /organism/FG_0001 HTTP/1.1" 200 55862
django.server INFO 2023-03-30 14:05:09,367 basehttp 2556 16952 "GET /static/css/custom.css HTTP/1.1" 304 0
django.server INFO 2023-03-30 14:23:23,063 basehttp 2556 21808 "GET /organism/FG_0001 HTTP/1.1" 200 55862
django.server INFO 2023-03-30 14:23:23,107 basehttp 2556 21808 "GET /static/css/custom.css HTTP/1.1" 304 0
django.server INFO 2023-03-30 14:23:23,150 basehttp 2556 21808 "GET /static/js/editablerow_stock.js HTTP/1.1" 304 0
django.server INFO 2023-03-30 14:24:09,439 basehttp 2556 21808 "GET /organism/FG_0001 HTTP/1.1" 200 55862
django.server INFO 2023-03-30 14:30:46,065 basehttp 2556 20048 "GET /organism/FG_0001 HTTP/1.1" 200 55865
django.server INFO 2023-03-30 14:30:46,075 basehttp 2556 3240 "GET /static/css/custom.css HTTP/1.1" 304 0
django.server INFO 2023-03-30 14:30:46,075 basehttp 2556 20048 "GET /static/css/overideboot.css HTTP/1.1" 304 0
django.server INFO 2023-03-30 14:30:46,078 basehttp 2556 20048 "GET /static/css/steps/jquery.steps.css HTTP/1.1" 304 0
django.server INFO 2023-03-30 14:30:46,079 basehttp 2556 3240 "GET /static/css/main.6a646761.css HTTP/1.1" 304 0
django.server INFO 2023-03-30 14:30:46,081 basehttp 2556 20048 "GET /static/js/jquery-3.6.1.min.js HTTP/1.1" 304 0
django.server INFO 2023-03-30 14:30:46,082 basehttp 2556 3240 "GET /static/js/sorting_table.js HTTP/1.1" 304 0
django.server INFO 2023-03-30 14:30:46,089 basehttp 2556 20048 "GET /static/js/js_utils/getCookie.js HTTP/1.1" 304 0
django.server INFO 2023-03-30 14:30:46,090 basehttp 2556 3240 "GET /static/js/editableTable.js HTTP/1.1" 304 0
django.server INFO 2023-03-30 14:30:46,097 basehttp 2556 20048 "GET /static/js/js_utils/dataTables.js HTTP/1.1" 304 0
django.server INFO 2023-03-30 14:30:46,097 basehttp 2556 3240 "GET /static/js/js_utils/custom_option.js HTTP/1.1" 304 0
django.server INFO 2023-03-30 14:30:46,099 basehttp 2556 20048 "GET /static/js/create_modal.js HTTP/1.1" 304 0
django.server INFO 2023-03-30 14:30:46,100 basehttp 2556 3240 "GET /static/js/resizable.js HTTP/1.1" 200 1761
django.server INFO 2023-03-30 14:30:46,109 basehttp 2556 3240 "GET /static/js/search_organism.js HTTP/1.1" 304 0
django.server INFO 2023-03-30 14:30:46,109 basehttp 2556 20048 "GET /static/js/editablerow_stock.js HTTP/1.1" 304 0
django.server INFO 2023-03-30 14:30:46,114 basehttp 2556 20048 "GET /static/images/brand/CO-ADD_Logo_White_NoBackground_CMYK.png HTTP/1.1" 304 0
django.server INFO 2023-03-30 14:30:46,144 basehttp 2556 20048 "GET /static/images/app/avatar.png HTTP/1.1" 304 0
django.server INFO 2023-03-30 14:33:25,314 basehttp 2556 20048 "GET /organism/FG_0001 HTTP/1.1" 200 56091
django.server INFO 2023-03-30 14:33:25,323 basehttp 2556 20048 "GET /static/css/custom.css HTTP/1.1" 304 0
django.server INFO 2023-03-30 14:33:25,325 basehttp 2556 3240 "GET /static/js/resizable.js HTTP/1.1" 304 0
django.server INFO 2023-03-30 14:33:25,519 basehttp 2556 3240 "GET /static/images/app/CO-ADD_favicon.png HTTP/1.1" 304 0
django.server INFO 2023-03-30 14:33:53,877 basehttp 2556 4480 "GET / HTTP/1.1" 200 8727
django.server INFO 2023-03-30 14:33:53,903 basehttp 2556 4480 "GET /static/css/overideboot.css HTTP/1.1" 200 6108
django.server INFO 2023-03-30 14:33:53,918 basehttp 2556 4480 "GET /static/css/custom.css HTTP/1.1" 200 16075
django.server INFO 2023-03-30 14:33:53,928 basehttp 2556 4480 "GET /static/css/main.6a646761.css HTTP/1.1" 200 163150
django.server INFO 2023-03-30 14:33:53,933 basehttp 2556 4480 "GET /static/css/steps/jquery.steps.css HTTP/1.1" 200 5527
django.server INFO 2023-03-30 14:33:53,936 basehttp 2556 4480 "GET /static/js/jquery-3.6.1.min.js HTTP/1.1" 200 89664
django.server INFO 2023-03-30 14:33:53,941 basehttp 2556 4480 "GET /static/js/sorting_table.js HTTP/1.1" 200 877
django.server INFO 2023-03-30 14:33:53,944 basehttp 2556 4480 "GET /static/js/js_utils/getCookie.js HTTP/1.1" 200 500
django.server INFO 2023-03-30 14:33:53,946 basehttp 2556 4480 "GET /static/js/editableTable.js HTTP/1.1" 200 620
django.server INFO 2023-03-30 14:33:53,957 basehttp 2556 4480 "GET /static/js/js_utils/dataTables.js HTTP/1.1" 200 601812
django.server INFO 2023-03-30 14:33:53,959 basehttp 2556 4480 "GET /static/js/js_utils/custom_option.js HTTP/1.1" 200 260
django.server INFO 2023-03-30 14:33:53,962 basehttp 2556 4480 "GET /static/js/create_modal.js HTTP/1.1" 200 372
django.server INFO 2023-03-30 14:33:53,965 basehttp 2556 4480 "GET /static/js/resizable.js HTTP/1.1" 200 1761
django.server INFO 2023-03-30 14:33:54,246 basehttp 2556 4480 "GET /static/images/brand/CO-ADD_Logo_White_NoBackground_CMYK.png HTTP/1.1" 200 2856
django.server INFO 2023-03-30 14:33:54,874 basehttp 2556 4480 "GET /static/images/app/CO-ADD_favicon.png HTTP/1.1" 200 3544
django.server INFO 2023-03-30 14:33:56,304 basehttp 2556 4480 "POST /accounts/login/ HTTP/1.1" 302 0
django.server INFO 2023-03-30 14:33:56,385 basehttp 2556 4480 "GET /index/ HTTP/1.1" 200 15275
django.server INFO 2023-03-30 14:33:56,399 basehttp 2556 4480 "GET /static/images/app/avatar.png HTTP/1.1" 200 40220
django.server INFO 2023-03-30 14:33:58,412 basehttp 2556 4480 "GET /organism_card HTTP/1.1" 200 156976
django.server INFO 2023-03-30 14:33:58,429 basehttp 2556 4480 "GET /static/js/js_utils/saveData.js HTTP/1.1" 200 433
django.server INFO 2023-03-30 14:33:58,429 basehttp 2556 784 "GET /static/js/resizebar.js HTTP/1.1" 200 861
django.server INFO 2023-03-30 14:33:59,721 basehttp 2556 784 "GET /organism/FG_0001 HTTP/1.1" 200 56091
django.server INFO 2023-03-30 14:33:59,737 basehttp 2556 784 "GET /static/js/search_organism.js HTTP/1.1" 200 2101
django.server INFO 2023-03-30 14:33:59,745 basehttp 2556 784 "GET /static/js/editablerow_stock.js HTTP/1.1" 200 2046
django.server INFO 2023-03-30 14:35:52,208 basehttp 2556 784 "GET /organism/FG_0001 HTTP/1.1" 200 55619
django.server INFO 2023-03-30 14:35:52,222 basehttp 2556 784 "GET /static/js/resizable.js HTTP/1.1" 304 0
django.server INFO 2023-03-30 14:35:56,747 basehttp 2556 784 "GET /organism/FG_0001 HTTP/1.1" 200 55619
django.server INFO 2023-03-30 14:35:59,217 basehttp 2556 784 "GET /organism/FG_0001 HTTP/1.1" 200 55619
django.server INFO 2023-03-30 14:36:15,298 basehttp 2556 18084 "GET /organism/FG_0001 HTTP/1.1" 302 0
django.server INFO 2023-03-30 14:36:15,302 basehttp 2556 18084 "GET /accounts/login/?next=/organism/FG_0001 HTTP/1.1" 200 8727
django.server INFO 2023-03-30 14:36:15,314 basehttp 2556 18084 "GET /static/css/overideboot.css HTTP/1.1" 200 6108
django.server INFO 2023-03-30 14:36:15,314 basehttp 2556 7492 "GET /static/css/custom.css HTTP/1.1" 200 16075
django.server INFO 2023-03-30 14:36:15,325 basehttp 2556 18084 "GET /static/css/steps/jquery.steps.css HTTP/1.1" 200 5527
django.server INFO 2023-03-30 14:36:15,327 basehttp 2556 7492 "GET /static/css/main.6a646761.css HTTP/1.1" 200 163150
django.server INFO 2023-03-30 14:36:15,335 basehttp 2556 18084 "GET /static/js/jquery-3.6.1.min.js HTTP/1.1" 200 89664
django.server INFO 2023-03-30 14:36:15,338 basehttp 2556 7492 "GET /static/js/sorting_table.js HTTP/1.1" 200 877
django.server INFO 2023-03-30 14:36:15,340 basehttp 2556 18084 "GET /static/js/js_utils/getCookie.js HTTP/1.1" 200 500
django.server INFO 2023-03-30 14:36:15,342 basehttp 2556 7492 "GET /static/js/editableTable.js HTTP/1.1" 200 620
django.server INFO 2023-03-30 14:36:15,345 basehttp 2556 7492 "GET /static/js/js_utils/custom_option.js HTTP/1.1" 200 260
django.server INFO 2023-03-30 14:36:15,348 basehttp 2556 7492 "GET /static/js/create_modal.js HTTP/1.1" 200 372
django.server INFO 2023-03-30 14:36:15,351 basehttp 2556 7492 "GET /static/js/resizable.js HTTP/1.1" 200 1761
django.server INFO 2023-03-30 14:36:15,353 basehttp 2556 18084 "GET /static/js/js_utils/dataTables.js HTTP/1.1" 200 601812
django.server INFO 2023-03-30 14:36:15,447 basehttp 2556 18084 "GET /static/images/brand/CO-ADD_Logo_White_NoBackground_CMYK.png HTTP/1.1" 200 2856
django.server INFO 2023-03-30 14:36:16,011 basehttp 2556 18084 "GET /static/images/app/CO-ADD_favicon.png HTTP/1.1" 200 3544
django.server INFO 2023-03-30 14:36:17,289 basehttp 2556 18084 "POST /accounts/login/ HTTP/1.1" 302 0
django.server INFO 2023-03-30 14:36:17,383 basehttp 2556 18084 "GET /index/ HTTP/1.1" 200 15275
django.server INFO 2023-03-30 14:36:17,400 basehttp 2556 18084 "GET /static/images/app/avatar.png HTTP/1.1" 200 40220
django.server INFO 2023-03-30 14:36:19,327 basehttp 2556 18084 "GET /organism_card HTTP/1.1" 200 156976
django.server INFO 2023-03-30 14:36:19,344 basehttp 2556 18084 "GET /static/js/js_utils/saveData.js HTTP/1.1" 200 433
django.server INFO 2023-03-30 14:36:19,345 basehttp 2556 7492 "GET /static/js/resizebar.js HTTP/1.1" 200 861
django.server INFO 2023-03-30 14:36:20,318 basehttp 2556 7492 "GET /organism/FG_0001 HTTP/1.1" 200 55619
django.server INFO 2023-03-30 14:36:20,334 basehttp 2556 7492 "GET /static/js/search_organism.js HTTP/1.1" 200 2101
django.server INFO 2023-03-30 14:36:20,339 basehttp 2556 7492 "GET /static/js/editablerow_stock.js HTTP/1.1" 200 2046
django.server INFO 2023-03-30 14:36:42,071 basehttp 2556 7492 "GET /organism/FG_0001 HTTP/1.1" 200 55615
django.server INFO 2023-03-30 14:36:46,042 basehttp 2556 7492 "GET /organism_card HTTP/1.1" 200 156976
django.server INFO 2023-03-30 14:36:48,566 basehttp 2556 7492 "GET /organism_list HTTP/1.1" 200 92442
django.server INFO 2023-03-30 14:36:55,025 basehttp 2556 7492 "GET /ketcher_test/ HTTP/1.1" 200 13932
django.server INFO 2023-03-30 14:36:55,140 basehttp 2556 7492 "GET /static/js/ketcher/index-bundle.min.js HTTP/1.1" 200 11323924
django.request WARNING 2023-03-30 14:36:55,589 log 2556 7492 Not Found: /templates/library.sdf
django.server WARNING 2023-03-30 14:36:55,590 basehttp 2556 7492 "GET /templates/library.sdf HTTP/1.1" 404 11815
django.request WARNING 2023-03-30 14:36:55,661 log 2556 18084 The request's session was deleted before the request completed. The user may have logged out in a concurrent request, for example.: /templates/fg.sdf
Traceback (most recent call last):
  File "C:\Users\uqwzhon4\Anaconda3\envs\orgdb_env\Lib\site-packages\django\db\backends\utils.py", line 89, in _execute
    return self.cursor.execute(sql, params)
           ^^^^^^^^^^^^^^^^^^^^^^^^^^^^^^^^
psycopg2.errors.SerializationFailure: could not serialize access due to concurrent update


The above exception was the direct cause of the following exception:

Traceback (most recent call last):
  File "C:\Users\uqwzhon4\Anaconda3\envs\orgdb_env\Lib\site-packages\django\contrib\sessions\backends\db.py", line 86, in save
    obj.save(
  File "C:\Users\uqwzhon4\Anaconda3\envs\orgdb_env\Lib\site-packages\django\db\models\base.py", line 812, in save
    self.save_base(
  File "C:\Users\uqwzhon4\Anaconda3\envs\orgdb_env\Lib\site-packages\django\db\models\base.py", line 863, in save_base
    updated = self._save_table(
              ^^^^^^^^^^^^^^^^^
  File "C:\Users\uqwzhon4\Anaconda3\envs\orgdb_env\Lib\site-packages\django\db\models\base.py", line 976, in _save_table
    updated = self._do_update(
              ^^^^^^^^^^^^^^^^
  File "C:\Users\uqwzhon4\Anaconda3\envs\orgdb_env\Lib\site-packages\django\db\models\base.py", line 1040, in _do_update
    return filtered._update(values) > 0
           ^^^^^^^^^^^^^^^^^^^^^^^^
  File "C:\Users\uqwzhon4\Anaconda3\envs\orgdb_env\Lib\site-packages\django\db\models\query.py", line 1216, in _update
    return query.get_compiler(self.db).execute_sql(CURSOR)
           ^^^^^^^^^^^^^^^^^^^^^^^^^^^^^^^^^^^^^^^^^^^^^^^
  File "C:\Users\uqwzhon4\Anaconda3\envs\orgdb_env\Lib\site-packages\django\db\models\sql\compiler.py", line 1822, in execute_sql
    cursor = super().execute_sql(result_type)
             ^^^^^^^^^^^^^^^^^^^^^^^^^^^^^^^^
  File "C:\Users\uqwzhon4\Anaconda3\envs\orgdb_env\Lib\site-packages\django\db\models\sql\compiler.py", line 1398, in execute_sql
    cursor.execute(sql, params)
  File "C:\Users\uqwzhon4\Anaconda3\envs\orgdb_env\Lib\site-packages\django\db\backends\utils.py", line 103, in execute
    return super().execute(sql, params)
           ^^^^^^^^^^^^^^^^^^^^^^^^^^^^
  File "C:\Users\uqwzhon4\Anaconda3\envs\orgdb_env\Lib\site-packages\django\db\backends\utils.py", line 67, in execute
    return self._execute_with_wrappers(
           ^^^^^^^^^^^^^^^^^^^^^^^^^^^^
  File "C:\Users\uqwzhon4\Anaconda3\envs\orgdb_env\Lib\site-packages\django\db\backends\utils.py", line 80, in _execute_with_wrappers
    return executor(sql, params, many, context)
           ^^^^^^^^^^^^^^^^^^^^^^^^^^^^^^^^^^^^
  File "C:\Users\uqwzhon4\Anaconda3\envs\orgdb_env\Lib\site-packages\django\db\backends\utils.py", line 84, in _execute
    with self.db.wrap_database_errors:
  File "C:\Users\uqwzhon4\Anaconda3\envs\orgdb_env\Lib\site-packages\django\db\utils.py", line 91, in __exit__
    raise dj_exc_value.with_traceback(traceback) from exc_value
  File "C:\Users\uqwzhon4\Anaconda3\envs\orgdb_env\Lib\site-packages\django\db\backends\utils.py", line 89, in _execute
    return self.cursor.execute(sql, params)
           ^^^^^^^^^^^^^^^^^^^^^^^^^^^^^^^^
django.db.utils.OperationalError: could not serialize access due to concurrent update


During handling of the above exception, another exception occurred:

Traceback (most recent call last):
  File "C:\Users\uqwzhon4\Anaconda3\envs\orgdb_env\Lib\site-packages\django\contrib\sessions\middleware.py", line 59, in process_response
    request.session.save()
  File "C:\Users\uqwzhon4\Anaconda3\envs\orgdb_env\Lib\site-packages\django\contrib\sessions\backends\db.py", line 95, in save
    raise UpdateError
django.contrib.sessions.backends.base.UpdateError

During handling of the above exception, another exception occurred:

Traceback (most recent call last):
  File "C:\Users\uqwzhon4\Anaconda3\envs\orgdb_env\Lib\site-packages\django\core\handlers\exception.py", line 55, in inner
    response = get_response(request)
               ^^^^^^^^^^^^^^^^^^^^^
  File "C:\Users\uqwzhon4\Anaconda3\envs\orgdb_env\Lib\site-packages\django\utils\deprecation.py", line 138, in __call__
    response = self.process_response(request, response)
               ^^^^^^^^^^^^^^^^^^^^^^^^^^^^^^^^^^^^^^^^
  File "C:\Users\uqwzhon4\Anaconda3\envs\orgdb_env\Lib\site-packages\django\contrib\sessions\middleware.py", line 61, in process_response
    raise SessionInterrupted(
django.contrib.sessions.exceptions.SessionInterrupted: The request's session was deleted before the request completed. The user may have logged out in a concurrent request, for example.
django.server WARNING 2023-03-30 14:36:55,669 basehttp 2556 18084 "GET /templates/fg.sdf HTTP/1.1" 400 164787
django.server INFO 2023-03-30 14:36:58,763 basehttp 2556 7492 "GET /organism/FG_0001 HTTP/1.1" 200 55615
django.server INFO 2023-03-30 14:38:24,675 basehttp 2556 7492 "GET /organism/FG_0001 HTTP/1.1" 200 55577
django.server INFO 2023-03-30 14:38:24,699 basehttp 2556 7492 "GET /static/js/resizable.js HTTP/1.1" 304 0
django.server INFO 2023-03-30 14:38:42,379 basehttp 2556 7492 "GET /organism/FG_0001 HTTP/1.1" 200 55729
django.server INFO 2023-03-30 14:39:09,381 basehttp 2556 7492 "GET /organism/FG_0001 HTTP/1.1" 200 55729
django.server INFO 2023-03-30 14:39:34,967 basehttp 2556 7492 "GET /organism/FG_0001 HTTP/1.1" 200 55777
django.server INFO 2023-03-30 14:39:34,982 basehttp 2556 7492 "GET /static/css/custom.css HTTP/1.1" 304 0
django.server INFO 2023-03-30 14:40:16,247 basehttp 2556 7492 "GET /organism/FG_0001 HTTP/1.1" 200 55729
django.server INFO 2023-03-30 14:40:16,261 basehttp 2556 7492 "GET /static/js/resizable.js HTTP/1.1" 200 1691
django.server INFO 2023-03-30 14:43:22,505 basehttp 2556 7492 "GET /organism/FG_0001 HTTP/1.1" 200 55845
django.server INFO 2023-03-30 14:43:22,520 basehttp 2556 7492 "GET /static/css/custom.css HTTP/1.1" 304 0
django.server INFO 2023-03-30 14:43:22,522 basehttp 2556 7492 "GET /static/js/resizable.js HTTP/1.1" 304 0
django.server INFO 2023-03-30 14:43:22,527 basehttp 2556 7492 "GET /static/js/editablerow_stock.js HTTP/1.1" 304 0
django.server INFO 2023-03-30 14:43:51,886 basehttp 2556 7492 "GET /organism/FG_0001 HTTP/1.1" 200 55837
django.server INFO 2023-03-30 14:43:51,902 basehttp 2556 7492 "GET /static/js/resizable.js HTTP/1.1" 304 0
django.server INFO 2023-03-30 14:49:13,098 basehttp 2556 3912 "GET /organism/FG_0001 HTTP/1.1" 200 55837
django.server INFO 2023-03-30 14:49:13,109 basehttp 2556 3912 "GET /static/css/custom.css HTTP/1.1" 304 0
django.server INFO 2023-03-30 14:49:13,109 basehttp 2556 18196 "GET /static/js/resizable.js HTTP/1.1" 304 0
django.server INFO 2023-03-30 14:49:13,114 basehttp 2556 18196 "GET /static/js/editablerow_stock.js HTTP/1.1" 304 0
django.server INFO 2023-03-30 14:49:30,478 basehttp 2556 18196 "GET /organism/FG_0001 HTTP/1.1" 200 55837
django.server INFO 2023-03-30 14:52:56,871 basehttp 2556 23384 "GET /organism/FG_0001 HTTP/1.1" 302 0
django.server INFO 2023-03-30 14:52:56,876 basehttp 2556 23384 "GET /accounts/login/?next=/organism/FG_0001 HTTP/1.1" 200 8727
django.server INFO 2023-03-30 14:52:56,889 basehttp 2556 23384 "GET /static/css/overideboot.css HTTP/1.1" 200 6108
django.server INFO 2023-03-30 14:52:56,892 basehttp 2556 16708 "GET /static/css/custom.css HTTP/1.1" 200 16075
django.server INFO 2023-03-30 14:52:56,897 basehttp 2556 16708 "GET /static/css/steps/jquery.steps.css HTTP/1.1" 200 5527
django.server INFO 2023-03-30 14:52:56,900 basehttp 2556 23384 "GET /static/css/main.6a646761.css HTTP/1.1" 200 163150
django.server INFO 2023-03-30 14:52:56,904 basehttp 2556 16708 "GET /static/js/jquery-3.6.1.min.js HTTP/1.1" 200 89664
django.server INFO 2023-03-30 14:52:56,908 basehttp 2556 23384 "GET /static/js/sorting_table.js HTTP/1.1" 200 877
django.server INFO 2023-03-30 14:52:56,916 basehttp 2556 16708 "GET /static/js/js_utils/getCookie.js HTTP/1.1" 200 500
django.server INFO 2023-03-30 14:52:56,916 basehttp 2556 23384 "GET /static/js/editableTable.js HTTP/1.1" 200 620
django.server INFO 2023-03-30 14:52:56,922 basehttp 2556 23384 "GET /static/js/js_utils/custom_option.js HTTP/1.1" 200 260
django.server INFO 2023-03-30 14:52:56,925 basehttp 2556 23384 "GET /static/js/create_modal.js HTTP/1.1" 200 372
django.server INFO 2023-03-30 14:52:56,930 basehttp 2556 23384 "GET /static/js/resizable.js HTTP/1.1" 200 1832
django.server INFO 2023-03-30 14:52:56,935 basehttp 2556 16708 "GET /static/js/js_utils/dataTables.js HTTP/1.1" 200 601812
django.server INFO 2023-03-30 14:52:57,016 basehttp 2556 16708 "GET /static/images/brand/CO-ADD_Logo_White_NoBackground_CMYK.png HTTP/1.1" 200 2856
django.server INFO 2023-03-30 14:52:57,528 basehttp 2556 16708 "GET /static/images/app/CO-ADD_favicon.png HTTP/1.1" 200 3544
django.server INFO 2023-03-30 14:52:58,944 basehttp 2556 16708 "POST /accounts/login/ HTTP/1.1" 302 0
django.server INFO 2023-03-30 14:52:59,027 basehttp 2556 16708 "GET /index/ HTTP/1.1" 200 15275
django.server INFO 2023-03-30 14:52:59,051 basehttp 2556 16708 "GET /static/js/resizable.js HTTP/1.1" 304 0
django.server INFO 2023-03-30 14:52:59,064 basehttp 2556 16708 "GET /static/images/app/avatar.png HTTP/1.1" 200 40220
django.server INFO 2023-03-30 14:53:01,895 basehttp 2556 16708 "GET /organism_card HTTP/1.1" 200 156976
django.server INFO 2023-03-30 14:53:01,918 basehttp 2556 16708 "GET /static/js/resizable.js HTTP/1.1" 304 0
django.server INFO 2023-03-30 14:53:01,930 basehttp 2556 16708 "GET /static/js/js_utils/saveData.js HTTP/1.1" 200 433
django.server INFO 2023-03-30 14:53:01,952 basehttp 2556 16708 "GET /static/js/resizebar.js HTTP/1.1" 200 861
django.server INFO 2023-03-30 14:53:03,919 basehttp 2556 16708 "GET /organism/FG_0001 HTTP/1.1" 200 55837
django.server INFO 2023-03-30 14:53:03,942 basehttp 2556 16708 "GET /static/js/resizable.js HTTP/1.1" 304 0
django.server INFO 2023-03-30 14:53:03,955 basehttp 2556 16708 "GET /static/js/search_organism.js HTTP/1.1" 200 2101
django.server INFO 2023-03-30 14:53:03,986 basehttp 2556 16708 "GET /static/js/editablerow_stock.js HTTP/1.1" 200 2046
django.server INFO 2023-03-30 14:53:12,372 basehttp 2556 16708 "GET /organism/FG_0001 HTTP/1.1" 200 55837
django.server INFO 2023-03-30 14:53:12,384 basehttp 2556 16708 "GET /static/js/resizable.js HTTP/1.1" 304 0
django.server INFO 2023-03-30 14:53:44,070 basehttp 2556 16708 "GET /organism/FG_0001 HTTP/1.1" 200 55837
django.server INFO 2023-03-30 14:53:44,083 basehttp 2556 16708 "GET /static/js/resizable.js HTTP/1.1" 200 1867
